30/01/2017 10:04:42.309  - Info - Iniciando Log
30/01/2017 10:04:42.316  - Info - ****OUVINTE HUB GATEWAY - CLIENTE A*****
30/01/2017 10:04:42.324  - Info - ****OUVINTE HUB GATEWAY - CLIENTE B*****
30/01/2017 10:04:42.419  - Info - OUVINTE SIGNALR CLIENTE A - MSG:2cce3d4f-f3db-4855-99ae-07c2ef993775 + 3044219687957
30/01/2017 10:04:42.433  - Info - OUVINTE SIGNALR CLIENTE B - MSG:30-04-2017 10:04:42 329- Somente para o cliente B
30/01/2017 10:04:43.578  - Info - OUVINTE SIGNALR CLIENTE A - MSG:9eba2ab7-6e01-41a9-9eec-d71f6d0d0d0c + 3044222188055
30/01/2017 10:04:43.585  - Info - OUVINTE SIGNALR CLIENTE B - MSG:30-04-2017 10:04:43 577- Somente para o cliente B
30/01/2017 10:04:45.579  - Info - OUVINTE SIGNALR CLIENTE A - MSG:799a0b05-5e1c-46db-b07a-ceb56947ad60 + 3044226085953
30/01/2017 10:04:45.587  - Info - OUVINTE SIGNALR CLIENTE B - MSG:30-04-2017 10:04:45 579- Somente para o cliente B
30/01/2017 10:04:47.580  - Info - OUVINTE SIGNALR CLIENTE A - MSG:64200139-1f40-4e9c-b3df-87b44774555e + 3044229984293
30/01/2017 10:04:47.587  - Info - OUVINTE SIGNALR CLIENTE B - MSG:30-04-2017 10:04:47 578- Somente para o cliente B
30/01/2017 10:04:49.586  - Info - OUVINTE SIGNALR CLIENTE A - MSG:68593d2e-db32-4ad5-b208-60b017414667 + 3044233883488
30/01/2017 10:04:49.598  - Info - OUVINTE SIGNALR CLIENTE B - MSG:30-04-2017 10:04:49 581- Somente para o cliente B
30/01/2017 10:04:51.582  - Info - OUVINTE SIGNALR CLIENTE A - MSG:1c47f3a4-1613-4ec7-9222-bdc9785da274 + 3044237782250
30/01/2017 10:04:51.587  - Info - OUVINTE SIGNALR CLIENTE B - MSG:30-04-2017 10:04:51 581- Somente para o cliente B
30/01/2017 10:04:53.582  - Info - OUVINTE SIGNALR CLIENTE A - MSG:b2da720e-11f6-4ba1-9f88-2ca5fa7f151d + 3044241680500
30/01/2017 10:04:53.589  - Info - OUVINTE SIGNALR CLIENTE B - MSG:30-04-2017 10:04:53 581- Somente para o cliente B
30/01/2017 10:04:55.591  - Info - OUVINTE SIGNALR CLIENTE A - MSG:d292f664-63b6-4346-96ac-2d7f4bc21105 + 3044245579048
30/01/2017 10:04:55.601  - Info - OUVINTE SIGNALR CLIENTE B - MSG:30-04-2017 10:04:55 582- Somente para o cliente B
30/01/2017 10:04:57.597  - Info - OUVINTE SIGNALR CLIENTE A - MSG:3986d224-e247-4b33-ab34-1dc03130b1f1 + 3044249497842
30/01/2017 10:04:57.612  - Info - OUVINTE SIGNALR CLIENTE B - MSG:30-04-2017 10:04:57 598- Somente para o cliente B
30/01/2017 10:04:59.597  - Info - OUVINTE SIGNALR CLIENTE A - MSG:22d41190-3c91-4605-99f1-e892944aab5e + 3044253400847
30/01/2017 10:04:59.602  - Info - OUVINTE SIGNALR CLIENTE B - MSG:30-04-2017 10:04:59 596- Somente para o cliente B
30/01/2017 10:05:01.597  - Info - OUVINTE SIGNALR CLIENTE A - MSG:3abcfee1-02a5-40ac-ad7b-cf11033203ba + 3044257298475
30/01/2017 10:05:01.602  - Info - OUVINTE SIGNALR CLIENTE B - MSG:30-05-2017 10:05:01 596- Somente para o cliente B
30/01/2017 10:05:03.598  - Info - OUVINTE SIGNALR CLIENTE A - MSG:3f1441c0-9c7c-436f-91c6-fcb633cbfe0d + 3044261196868
30/01/2017 10:05:03.631  - Info - OUVINTE SIGNALR CLIENTE B - MSG:30-05-2017 10:05:03 597- Somente para o cliente B
30/01/2017 10:05:05.599  - Info - OUVINTE SIGNALR CLIENTE A - MSG:8d179982-5d42-47c8-bcee-cb03c7fb7597 + 3044265095768
30/01/2017 10:05:05.605  - Info - OUVINTE SIGNALR CLIENTE B - MSG:30-05-2017 10:05:05 599- Somente para o cliente B
30/01/2017 10:05:07.602  - Info - OUVINTE SIGNALR CLIENTE A - MSG:5961e58d-ac98-4613-87d1-1701ba3f8e33 + 3044268996290
30/01/2017 10:05:07.613  - Info - OUVINTE SIGNALR CLIENTE B - MSG:30-05-2017 10:05:07 600- Somente para o cliente B
30/01/2017 10:05:09.601  - Info - OUVINTE SIGNALR CLIENTE A - MSG:4528133b-e57d-406d-8f52-c4ad1dd7f562 + 3044272894112
30/01/2017 10:05:09.605  - Info - OUVINTE SIGNALR CLIENTE B - MSG:30-05-2017 10:05:09 601- Somente para o cliente B
30/01/2017 10:05:11.604  - Info - OUVINTE SIGNALR CLIENTE A - MSG:d6df710f-e889-4a6c-a837-f94797fc9572 + 3044276793378
30/01/2017 10:05:11.644  - Info - OUVINTE SIGNALR CLIENTE B - MSG:30-05-2017 10:05:11 601- Somente para o cliente B
30/01/2017 10:05:13.609  - Info - OUVINTE SIGNALR CLIENTE A - MSG:9f1aa55f-2724-444f-887f-e58f74c54cb5 + 3044280704161
30/01/2017 10:05:13.620  - Info - OUVINTE SIGNALR CLIENTE B - MSG:30-05-2017 10:05:13 609- Somente para o cliente B
30/01/2017 10:05:15.610  - Info - OUVINTE SIGNALR CLIENTE A - MSG:9e7c56f9-ad5b-4517-b115-fb182b7ca0f7 + 3044284602247
30/01/2017 10:05:15.621  - Info - OUVINTE SIGNALR CLIENTE B - MSG:30-05-2017 10:05:15 610- Somente para o cliente B
30/01/2017 10:05:17.611  - Info - OUVINTE SIGNALR CLIENTE A - MSG:68ba2053-9e0f-4b83-800c-018530d582f6 + 3044288501422
30/01/2017 10:05:17.623  - Info - OUVINTE SIGNALR CLIENTE B - MSG:30-05-2017 10:05:17 610- Somente para o cliente B
30/01/2017 10:05:19.611  - Info - OUVINTE SIGNALR CLIENTE A - MSG:e132f017-1b0d-44ac-bb18-8a4cd30b562c + 3044292399619
30/01/2017 10:05:19.618  - Info - OUVINTE SIGNALR CLIENTE B - MSG:30-05-2017 10:05:19 610- Somente para o cliente B
