30/01/2017 09:50:51.536  - Info - Iniciando Log
30/01/2017 09:50:51.542  - Info - ****OUVINTE HUB GATEWAY - CLIENTE A*****
30/01/2017 09:51:05.060  - Info - OUVINTE SIGNALR CLIENTE A - MSG:28ec1341-a9fb-4fab-880f-ac9fcd4fcbbe + 3042605003701
30/01/2017 09:51:05.071  - Info - OUVINTE SIGNALR CLIENTE A - MSG:61734bea-0cf3-4c85-a0ec-17a37c9c9887 + 3042606648079
30/01/2017 09:51:05.091  - Info - OUVINTE SIGNALR CLIENTE A - MSG:21740dcc-29ea-4b78-b395-1569a5c92b10 + 3042608900179
30/01/2017 09:51:05.899  - Info - OUVINTE SIGNALR CLIENTE A - MSG:3680c18a-57ee-40bf-9c96-edd5cab06243 + 3042618879733
30/01/2017 09:51:06.685  - Info - OUVINTE SIGNALR CLIENTE A - MSG:a5a750d6-5710-4afd-bb43-c67ca389ad76 + 3042627333942
30/01/2017 09:51:08.500  - Info - OUVINTE SIGNALR CLIENTE A - MSG:6b4d563a-323d-4a2e-9a51-13639258506d + 3042634038189
30/01/2017 09:51:11.711  - Info - OUVINTE SIGNALR CLIENTE A - MSG:dc338a63-eca9-4b92-ae83-b8d29044a172 + 3042640266211
30/01/2017 09:51:13.726  - Info - OUVINTE SIGNALR CLIENTE A - MSG:7fb427f8-f883-4ab9-b043-ce7f15059c55 + 3042644175667
30/01/2017 09:51:16.061  - Info - OUVINTE SIGNALR CLIENTE A - MSG:abb1e78f-f9d2-44a0-b80f-f08653cdbae3 + 3042648767657
30/01/2017 09:51:20.080  - Info - OUVINTE SIGNALR CLIENTE A - MSG:0d42376d-75e3-47fc-bf0e-80bdb254fec4 + 3042656596879
30/01/2017 09:51:23.243  - Info - OUVINTE SIGNALR CLIENTE A - MSG:57b2f0f8-47a8-4a16-9842-9c003e8eaa64 + 3042662737263
30/01/2017 09:51:23.260  - Info - ****OUVINTE HUB GATEWAY - CLIENTE B*****
30/01/2017 09:51:25.599  - Info - OUVINTE SIGNALR CLIENTE A - MSG:f85d7e74-20d4-4f20-b3e3-bd71fd2ed0b1 + 3042667359753
30/01/2017 09:51:25.605  - Info - OUVINTE SIGNALR CLIENTE B - MSG:f85d7e74-20d4-4f20-b3e3-bd71fd2ed0b1 + 3042667359753
30/01/2017 09:51:27.600  - Info - OUVINTE SIGNALR CLIENTE A - MSG:6e992b95-1235-4737-a20d-d73900887c80 + 3042671256810
30/01/2017 09:51:27.605  - Info - OUVINTE SIGNALR CLIENTE B - MSG:6e992b95-1235-4737-a20d-d73900887c80 + 3042671256810
30/01/2017 09:51:29.601  - Info - OUVINTE SIGNALR CLIENTE A - MSG:354e78df-7153-4327-9717-20b080eaad40 + 3042675156128
30/01/2017 09:51:29.606  - Info - OUVINTE SIGNALR CLIENTE B - MSG:354e78df-7153-4327-9717-20b080eaad40 + 3042675156128
30/01/2017 09:51:31.603  - Info - OUVINTE SIGNALR CLIENTE A - MSG:9f296170-9340-42e6-b22c-cda5f970fe80 + 3042679055022
30/01/2017 09:51:31.607  - Info - OUVINTE SIGNALR CLIENTE B - MSG:9f296170-9340-42e6-b22c-cda5f970fe80 + 3042679055022
30/01/2017 09:51:33.605  - Info - OUVINTE SIGNALR CLIENTE A - MSG:18d6b947-ad4b-47a6-8bef-97c5f13f3a4d + 3042682954202
30/01/2017 09:51:33.638  - Info - OUVINTE SIGNALR CLIENTE B - MSG:18d6b947-ad4b-47a6-8bef-97c5f13f3a4d + 3042682954202
30/01/2017 09:51:35.617  - Info - OUVINTE SIGNALR CLIENTE A - MSG:63466740-f569-4f20-8faa-fec4144b5cf7 + 3042686854477
30/01/2017 09:51:35.631  - Info - OUVINTE SIGNALR CLIENTE B - MSG:63466740-f569-4f20-8faa-fec4144b5cf7 + 3042686854477
30/01/2017 09:51:37.608  - Info - OUVINTE SIGNALR CLIENTE A - MSG:281b8a2c-1961-426d-b6d4-aa282fc7c418 + 3042690753198
30/01/2017 09:51:37.613  - Info - OUVINTE SIGNALR CLIENTE B - MSG:281b8a2c-1961-426d-b6d4-aa282fc7c418 + 3042690753198
30/01/2017 09:51:39.609  - Info - OUVINTE SIGNALR CLIENTE A - MSG:21297a85-4de5-45c5-9b03-edbb8ffabd0f + 3042694652085
30/01/2017 09:51:39.614  - Info - OUVINTE SIGNALR CLIENTE B - MSG:21297a85-4de5-45c5-9b03-edbb8ffabd0f + 3042694652085
30/01/2017 09:51:41.609  - Info - OUVINTE SIGNALR CLIENTE A - MSG:69243301-2b02-495d-b2fa-3195fd862396 + 3042698550914
30/01/2017 09:51:41.613  - Info - OUVINTE SIGNALR CLIENTE B - MSG:69243301-2b02-495d-b2fa-3195fd862396 + 3042698550914
30/01/2017 09:51:43.613  - Info - OUVINTE SIGNALR CLIENTE A - MSG:4c530627-0088-4e5f-ae31-38222c57e470 + 3042702452050
30/01/2017 09:51:43.619  - Info - OUVINTE SIGNALR CLIENTE B - MSG:4c530627-0088-4e5f-ae31-38222c57e470 + 3042702452050
30/01/2017 09:51:45.616  - Info - OUVINTE SIGNALR CLIENTE A - MSG:17f26bbe-b370-4a66-96fd-3dd5d0eefa96 + 3042706355030
30/01/2017 09:51:45.621  - Info - OUVINTE SIGNALR CLIENTE B - MSG:17f26bbe-b370-4a66-96fd-3dd5d0eefa96 + 3042706355030
30/01/2017 09:51:47.616  - Info - OUVINTE SIGNALR CLIENTE A - MSG:af896678-999d-44bb-a1c3-c91699758332 + 3042710253330
30/01/2017 09:51:47.621  - Info - OUVINTE SIGNALR CLIENTE B - MSG:af896678-999d-44bb-a1c3-c91699758332 + 3042710253330
30/01/2017 09:51:49.616  - Info - OUVINTE SIGNALR CLIENTE A - MSG:74b87e86-9f9f-4960-9e7a-e5ee133b71ee + 3042714151200
30/01/2017 09:51:49.623  - Info - OUVINTE SIGNALR CLIENTE B - MSG:74b87e86-9f9f-4960-9e7a-e5ee133b71ee + 3042714151200
30/01/2017 09:51:51.674  - Info - OUVINTE SIGNALR CLIENTE A - MSG:fe0417c8-06d5-4c0f-b3f9-e8bba9cd72c0 + 3042718056947
30/01/2017 09:51:51.682  - Info - OUVINTE SIGNALR CLIENTE B - MSG:fe0417c8-06d5-4c0f-b3f9-e8bba9cd72c0 + 3042718056947
30/01/2017 09:51:53.624  - Info - OUVINTE SIGNALR CLIENTE A - MSG:65124fc3-5e03-44a6-874e-4252aa67ce91 + 3042721956706
30/01/2017 09:51:53.629  - Info - OUVINTE SIGNALR CLIENTE B - MSG:65124fc3-5e03-44a6-874e-4252aa67ce91 + 3042721956706
