30/01/2017 10:06:54.341  - Info - Iniciando Log
30/01/2017 10:06:54.346  - Info - ****OUVINTE HUB GATEWAY - CLIENTE A*****
30/01/2017 10:06:54.353  - Info - ****OUVINTE HUB GATEWAY - CLIENTE B*****
30/01/2017 10:06:54.721  - Info - OUVINTE SIGNALR CLIENTE A - MSG:e6abe2e5-5a97-4366-98b6-8073a2032619 + 3044477648948
30/01/2017 10:06:54.743  - Info - OUVINTE SIGNALR CLIENTE B - MSG:30-06-2017 10:06:54 693 - ONLY OTHER GROUP
30/01/2017 10:06:56.684  - Info - OUVINTE SIGNALR CLIENTE A - MSG:fdb4c5b7-85bf-4fbb-ad1b-ecddd15efde3 + 3044481547727
30/01/2017 10:06:56.695  - Info - OUVINTE SIGNALR CLIENTE B - MSG:30-06-2017 10:06:56 684 - ONLY OTHER GROUP
30/01/2017 10:06:58.683  - Info - OUVINTE SIGNALR CLIENTE A - MSG:8928b8e2-efb2-4c3f-a2d1-9e288767bf2a + 3044485445790
30/01/2017 10:06:58.688  - Info - OUVINTE SIGNALR CLIENTE B - MSG:30-06-2017 10:06:58 682 - ONLY OTHER GROUP
30/01/2017 10:07:00.684  - Info - OUVINTE SIGNALR CLIENTE A - MSG:c94f5f68-ccd1-4370-a8e1-d6d4d3c12a0c + 3044489343973
30/01/2017 10:07:00.699  - Info - OUVINTE SIGNALR CLIENTE B - MSG:30-07-2017 10:07:00 683 - ONLY OTHER GROUP
30/01/2017 10:07:02.684  - Info - OUVINTE SIGNALR CLIENTE A - MSG:c30bae0c-3ac5-4763-a1dd-637621f15600 + 3044493242901
30/01/2017 10:07:02.689  - Info - OUVINTE SIGNALR CLIENTE B - MSG:30-07-2017 10:07:02 683 - ONLY OTHER GROUP
30/01/2017 10:07:04.685  - Info - OUVINTE SIGNALR CLIENTE A - MSG:ef1c6d85-ac41-40d7-8cd2-7a4512499eb8 + 3044497142786
30/01/2017 10:07:04.690  - Info - OUVINTE SIGNALR CLIENTE B - MSG:30-07-2017 10:07:04 685 - ONLY OTHER GROUP
30/01/2017 10:07:06.686  - Info - OUVINTE SIGNALR CLIENTE A - MSG:ac93e449-be1f-450c-a1c2-d012033b22e7 + 3044501040182
30/01/2017 10:07:06.697  - Info - OUVINTE SIGNALR CLIENTE B - MSG:30-07-2017 10:07:06 685 - ONLY OTHER GROUP
30/01/2017 10:07:08.686  - Info - OUVINTE SIGNALR CLIENTE A - MSG:66e82332-5f18-48b1-9209-f9350d0d70e0 + 3044504937855
30/01/2017 10:07:08.705  - Info - OUVINTE SIGNALR CLIENTE B - MSG:30-07-2017 10:07:08 685 - ONLY OTHER GROUP
30/01/2017 10:07:10.688  - Info - OUVINTE SIGNALR CLIENTE A - MSG:ccbb5bf7-303e-4c4a-b569-b8a0dbfba457 + 3044508838142
30/01/2017 10:07:10.692  - Info - OUVINTE SIGNALR CLIENTE B - MSG:30-07-2017 10:07:10 687 - ONLY OTHER GROUP
30/01/2017 10:07:12.688  - Info - OUVINTE SIGNALR CLIENTE A - MSG:b4bf2ed4-280c-43d9-86fa-5bf6410f1d13 + 3044512736194
30/01/2017 10:07:12.692  - Info - OUVINTE SIGNALR CLIENTE B - MSG:30-07-2017 10:07:12 687 - ONLY OTHER GROUP
30/01/2017 10:07:14.694  - Info - OUVINTE SIGNALR CLIENTE A - MSG:524bf84d-3432-44c0-b5d7-93c4c437cd72 + 3044516635996
30/01/2017 10:07:14.703  - Info - OUVINTE SIGNALR CLIENTE B - MSG:30-07-2017 10:07:14 689 - ONLY OTHER GROUP
30/01/2017 10:07:16.694  - Info - OUVINTE SIGNALR CLIENTE A - MSG:56790741-1441-436e-b816-420cbfd1b12b + 3044520534306
30/01/2017 10:07:16.704  - Info - OUVINTE SIGNALR CLIENTE B - MSG:30-07-2017 10:07:16 689 - ONLY OTHER GROUP
30/01/2017 10:07:18.691  - Info - OUVINTE SIGNALR CLIENTE A - MSG:e8f5b478-c98b-4093-b492-beea2b0ee1cd + 3044524433702
30/01/2017 10:07:18.699  - Info - OUVINTE SIGNALR CLIENTE B - MSG:30-07-2017 10:07:18 690 - ONLY OTHER GROUP
30/01/2017 10:07:20.692  - Info - OUVINTE SIGNALR CLIENTE A - MSG:859fec8e-fc4b-4802-89ed-f691e6d6b44c + 3044528333046
30/01/2017 10:07:20.696  - Info - OUVINTE SIGNALR CLIENTE B - MSG:30-07-2017 10:07:20 691 - ONLY OTHER GROUP
30/01/2017 10:07:22.692  - Info - OUVINTE SIGNALR CLIENTE A - MSG:3bcefe54-4e9b-46a0-8c64-cf0d2ba1c6e8 + 3044532230558
30/01/2017 10:07:22.698  - Info - OUVINTE SIGNALR CLIENTE B - MSG:30-07-2017 10:07:22 691 - ONLY OTHER GROUP
30/01/2017 10:07:24.693  - Info - OUVINTE SIGNALR CLIENTE A - MSG:c3ef7729-bc39-44bf-89d5-f4367deb9c43 + 3044536129085
30/01/2017 10:07:24.701  - Info - OUVINTE SIGNALR CLIENTE B - MSG:30-07-2017 10:07:24 697 - ONLY OTHER GROUP
30/01/2017 10:07:26.694  - Info - OUVINTE SIGNALR CLIENTE A - MSG:7f002b18-29d6-4403-ab3d-90e747ab7538 + 3044540029595
30/01/2017 10:07:26.700  - Info - OUVINTE SIGNALR CLIENTE B - MSG:30-07-2017 10:07:26 693 - ONLY OTHER GROUP
30/01/2017 10:07:28.707  - Info - OUVINTE SIGNALR CLIENTE A - MSG:0ae99d35-a224-4265-89ed-3312a38eb238 + 3044543930595
30/01/2017 10:07:28.719  - Info - OUVINTE SIGNALR CLIENTE B - MSG:30-07-2017 10:07:28 695 - ONLY OTHER GROUP
30/01/2017 10:07:30.698  - Info - OUVINTE SIGNALR CLIENTE A - MSG:0cf27651-4fbd-43bb-9aa8-07a2e3fe4fe4 + 3044547830332
30/01/2017 10:07:30.702  - Info - OUVINTE SIGNALR CLIENTE B - MSG:30-07-2017 10:07:30 697 - ONLY OTHER GROUP
30/01/2017 10:07:32.699  - Info - OUVINTE SIGNALR CLIENTE A - MSG:62e516b3-f840-4140-ad5c-bbdadf6c5712 + 3044551729417
30/01/2017 10:07:32.704  - Info - OUVINTE SIGNALR CLIENTE B - MSG:30-07-2017 10:07:32 698 - ONLY OTHER GROUP
30/01/2017 10:07:34.700  - Info - OUVINTE SIGNALR CLIENTE A - MSG:ed12047b-1d65-4dcc-873b-9810ede11328 + 3044555628550
30/01/2017 10:07:34.709  - Info - OUVINTE SIGNALR CLIENTE B - MSG:30-07-2017 10:07:34 700 - ONLY OTHER GROUP
30/01/2017 10:07:36.701  - Info - OUVINTE SIGNALR CLIENTE A - MSG:5e0cfc10-73e5-40f0-ac0d-d8f2f517c319 + 3044559527804
30/01/2017 10:07:36.710  - Info - OUVINTE SIGNALR CLIENTE B - MSG:30-07-2017 10:07:36 701 - ONLY OTHER GROUP
30/01/2017 10:07:38.702  - Info - OUVINTE SIGNALR CLIENTE A - MSG:6f5794c2-bb57-47d6-a6f1-40af7b1f02f9 + 3044563426132
30/01/2017 10:07:38.711  - Info - OUVINTE SIGNALR CLIENTE B - MSG:30-07-2017 10:07:38 701 - ONLY OTHER GROUP
30/01/2017 10:07:40.711  - Info - OUVINTE SIGNALR CLIENTE A - MSG:e1facb9c-bbf7-4bac-8529-8561448d8ac4 + 3044567325139
30/01/2017 10:07:40.720  - Info - OUVINTE SIGNALR CLIENTE B - MSG:30-07-2017 10:07:40 702 - ONLY OTHER GROUP
30/01/2017 10:07:42.713  - Info - OUVINTE SIGNALR CLIENTE A - MSG:a864915b-3265-4f36-b6aa-096b18675976 + 3044571242657
30/01/2017 10:07:42.729  - Info - OUVINTE SIGNALR CLIENTE B - MSG:30-07-2017 10:07:42 712 - ONLY OTHER GROUP
30/01/2017 10:07:44.713  - Info - OUVINTE SIGNALR CLIENTE A - MSG:3fbdf2fd-74a9-4a92-967d-4a354f5dc53f + 3044575140298
30/01/2017 10:07:44.722  - Info - OUVINTE SIGNALR CLIENTE B - MSG:30-07-2017 10:07:44 712 - ONLY OTHER GROUP
30/01/2017 10:07:46.717  - Info - OUVINTE SIGNALR CLIENTE A - MSG:1cf2eade-7a18-4b97-b32b-337c38ace767 + 3044579039703
30/01/2017 10:07:46.723  - Info - OUVINTE SIGNALR CLIENTE B - MSG:30-07-2017 10:07:46 713 - ONLY OTHER GROUP
30/01/2017 10:07:48.715  - Info - OUVINTE SIGNALR CLIENTE A - MSG:7decf5dd-088d-4c82-8444-9a8bf92bf0d7 + 3044582938192
30/01/2017 10:07:48.721  - Info - OUVINTE SIGNALR CLIENTE B - MSG:30-07-2017 10:07:48 714 - ONLY OTHER GROUP
30/01/2017 10:07:50.715  - Info - OUVINTE SIGNALR CLIENTE A - MSG:ed710b64-a807-4970-80b5-e37942c780d9 + 3044586836248
30/01/2017 10:07:50.727  - Info - OUVINTE SIGNALR CLIENTE B - MSG:30-07-2017 10:07:50 714 - ONLY OTHER GROUP
30/01/2017 10:07:52.728  - Info - OUVINTE SIGNALR CLIENTE A - MSG:3f4296fd-9f6c-499b-818b-771500d192f5 + 3044590736895
30/01/2017 10:07:52.735  - Info - OUVINTE SIGNALR CLIENTE B - MSG:30-07-2017 10:07:52 716 - ONLY OTHER GROUP
30/01/2017 10:07:54.717  - Info - OUVINTE SIGNALR CLIENTE A - MSG:c37da2ea-410f-4b96-863f-0800a58e5fe1 + 3044594634434
30/01/2017 10:07:54.724  - Info - OUVINTE SIGNALR CLIENTE B - MSG:30-07-2017 10:07:54 716 - ONLY OTHER GROUP
30/01/2017 10:07:56.720  - Info - OUVINTE SIGNALR CLIENTE A - MSG:02609ac1-9b5f-4723-82fc-75c2be392a45 + 3044598532476
30/01/2017 10:07:56.732  - Info - OUVINTE SIGNALR CLIENTE B - MSG:30-07-2017 10:07:56 719 - ONLY OTHER GROUP
30/01/2017 10:07:58.722  - Info - OUVINTE SIGNALR CLIENTE A - MSG:9d760192-6230-4459-a88d-2e5efc3f784f + 3044602437497
30/01/2017 10:07:58.734  - Info - OUVINTE SIGNALR CLIENTE B - MSG:30-07-2017 10:07:58 721 - ONLY OTHER GROUP
30/01/2017 10:08:00.723  - Info - OUVINTE SIGNALR CLIENTE A - MSG:21b24f87-cc0f-4ad3-b220-f743f4cd5e8a + 3044606336742
30/01/2017 10:08:00.730  - Info - OUVINTE SIGNALR CLIENTE B - MSG:30-08-2017 10:08:00 722 - ONLY OTHER GROUP
30/01/2017 10:08:02.723  - Info - OUVINTE SIGNALR CLIENTE A - MSG:52b0cf93-e932-4f90-b6e7-1f11766eca6d + 3044610234191
30/01/2017 10:08:02.740  - Info - OUVINTE SIGNALR CLIENTE B - MSG:30-08-2017 10:08:02 723 - ONLY OTHER GROUP
30/01/2017 10:08:04.726  - Info - OUVINTE SIGNALR CLIENTE A - MSG:2b92d259-67d3-4658-90f3-296b053ea195 + 3044614133833
30/01/2017 10:08:04.753  - Info - OUVINTE SIGNALR CLIENTE B - MSG:30-08-2017 10:08:04 726 - ONLY OTHER GROUP
30/01/2017 10:08:06.726  - Info - OUVINTE SIGNALR CLIENTE A - MSG:0c09fd98-ffc6-4184-8ec5-b8e4346440b7 + 3044618032574
30/01/2017 10:08:06.736  - Info - OUVINTE SIGNALR CLIENTE B - MSG:30-08-2017 10:08:06 727 - ONLY OTHER GROUP
30/01/2017 10:08:08.727  - Info - OUVINTE SIGNALR CLIENTE A - MSG:b26ef41d-f6b0-49d2-be4e-b45c70002e16 + 3044621931954
30/01/2017 10:08:08.736  - Info - OUVINTE SIGNALR CLIENTE B - MSG:30-08-2017 10:08:08 726 - ONLY OTHER GROUP
30/01/2017 10:08:10.730  - Info - OUVINTE SIGNALR CLIENTE A - MSG:e0ffac28-13c9-4a9e-9137-b2d6812d7529 + 3044625830892
30/01/2017 10:08:10.739  - Info - OUVINTE SIGNALR CLIENTE B - MSG:30-08-2017 10:08:10 727 - ONLY OTHER GROUP
30/01/2017 10:08:12.729  - Info - OUVINTE SIGNALR CLIENTE A - MSG:7561bcb8-3207-4863-8f74-91b4b6e2fcbc + 3044629729940
30/01/2017 10:08:12.735  - Info - OUVINTE SIGNALR CLIENTE B - MSG:30-08-2017 10:08:12 728 - ONLY OTHER GROUP
30/01/2017 10:08:14.728  - Info - OUVINTE SIGNALR CLIENTE A - MSG:ad4eaf92-ce68-4e6f-bda5-5c19c05d1be3 + 3044633627471
30/01/2017 10:08:14.733  - Info - OUVINTE SIGNALR CLIENTE B - MSG:30-08-2017 10:08:14 727 - ONLY OTHER GROUP
30/01/2017 10:08:16.729  - Info - OUVINTE SIGNALR CLIENTE A - MSG:069a8102-9f94-4b12-af6b-891a73198e68 + 3044637526130
30/01/2017 10:08:16.735  - Info - OUVINTE SIGNALR CLIENTE B - MSG:30-08-2017 10:08:16 728 - ONLY OTHER GROUP
30/01/2017 10:08:18.729  - Info - OUVINTE SIGNALR CLIENTE A - MSG:8bf0591a-554a-4d91-878c-f5309a2c8c5a + 3044641424469
30/01/2017 10:08:18.735  - Info - OUVINTE SIGNALR CLIENTE B - MSG:30-08-2017 10:08:18 728 - ONLY OTHER GROUP
30/01/2017 10:08:20.731  - Info - OUVINTE SIGNALR CLIENTE A - MSG:4ba46060-b836-400a-b2ca-071006b56d27 + 3044645322109
30/01/2017 10:08:20.746  - Info - OUVINTE SIGNALR CLIENTE B - MSG:30-08-2017 10:08:20 730 - ONLY OTHER GROUP
30/01/2017 10:08:22.733  - Info - OUVINTE SIGNALR CLIENTE A - MSG:33348adc-ba8e-4487-a276-4637bf7bb7b6 + 3044649223093
30/01/2017 10:08:22.751  - Info - OUVINTE SIGNALR CLIENTE B - MSG:30-08-2017 10:08:22 731 - ONLY OTHER GROUP
30/01/2017 10:08:24.734  - Info - OUVINTE SIGNALR CLIENTE A - MSG:fa334775-4e65-41d6-8c94-a57351cda222 + 3044653122302
30/01/2017 10:08:24.740  - Info - OUVINTE SIGNALR CLIENTE B - MSG:30-08-2017 10:08:24 732 - ONLY OTHER GROUP
30/01/2017 10:08:26.736  - Info - OUVINTE SIGNALR CLIENTE A - MSG:998bef03-db06-4a20-8fe2-6fa1722794b4 + 3044657020408
30/01/2017 10:08:26.743  - Info - OUVINTE SIGNALR CLIENTE B - MSG:30-08-2017 10:08:26 732 - ONLY OTHER GROUP
30/01/2017 10:08:28.736  - Info - OUVINTE SIGNALR CLIENTE A - MSG:f941c1c8-4178-4ae8-9bdd-f2e38653d6fa + 3044660919617
30/01/2017 10:08:28.747  - Info - OUVINTE SIGNALR CLIENTE B - MSG:30-08-2017 10:08:28 735 - ONLY OTHER GROUP
30/01/2017 10:08:30.736  - Info - OUVINTE SIGNALR CLIENTE A - MSG:58400f90-0a6a-4537-b9c9-97a34f33c0a5 + 3044664820963
30/01/2017 10:08:30.742  - Info - OUVINTE SIGNALR CLIENTE B - MSG:30-08-2017 10:08:30 736 - ONLY OTHER GROUP
30/01/2017 10:08:32.738  - Info - OUVINTE SIGNALR CLIENTE A - MSG:880ed8f4-c921-4c20-9e57-bf27fd5a5acb + 3044668720126
30/01/2017 10:08:32.750  - Info - OUVINTE SIGNALR CLIENTE B - MSG:30-08-2017 10:08:32 736 - ONLY OTHER GROUP
