30/01/2017 09:57:49.287  - Info - Iniciando Log
30/01/2017 09:57:49.292  - Info - ****OUVINTE HUB GATEWAY - CLIENTE A*****
30/01/2017 09:57:49.305  - Info - ****OUVINTE HUB GATEWAY - CLIENTE B*****
30/01/2017 09:57:49.441  - Info - OUVINTE SIGNALR CLIENTE A - MSG:371430d0-1134-4598-8674-21e052cdf0b5 + 3043414970159
30/01/2017 09:57:49.450  - Info - OUVINTE SIGNALR CLIENTE A - MSG:30-57-2017 09:57:49 338- Somente para o cliente B
30/01/2017 09:57:51.283  - Info - OUVINTE SIGNALR CLIENTE A - MSG:1129ba42-082a-478a-a8cf-f18a08ddfe45 + 3043418818252
30/01/2017 09:57:51.310  - Info - OUVINTE SIGNALR CLIENTE A - MSG:30-57-2017 09:57:51 280- Somente para o cliente B
30/01/2017 09:57:53.282  - Info - OUVINTE SIGNALR CLIENTE A - MSG:27ffbfb9-1424-4b31-8c3d-1c1a6b7a1b5c + 3043422719159
30/01/2017 09:57:53.290  - Info - OUVINTE SIGNALR CLIENTE A - MSG:30-57-2017 09:57:53 282- Somente para o cliente B
30/01/2017 09:57:55.289  - Info - OUVINTE SIGNALR CLIENTE A - MSG:213a8d69-3bb8-4fbf-abb4-7ea116ad16cd + 3043426622511
30/01/2017 09:57:55.307  - Info - OUVINTE SIGNALR CLIENTE A - MSG:30-57-2017 09:57:55 289- Somente para o cliente B
30/01/2017 09:57:57.289  - Info - OUVINTE SIGNALR CLIENTE A - MSG:75aad770-0bfa-46bb-9449-901440a8f6fb + 3043430522288
30/01/2017 09:57:57.299  - Info - OUVINTE SIGNALR CLIENTE A - MSG:30-57-2017 09:57:57 286- Somente para o cliente B
30/01/2017 09:57:59.289  - Info - OUVINTE SIGNALR CLIENTE A - MSG:28bdbc8f-fc98-42fc-a265-8140292ce1da + 3043434421482
30/01/2017 09:57:59.304  - Info - OUVINTE SIGNALR CLIENTE A - MSG:30-57-2017 09:57:59 287- Somente para o cliente B
30/01/2017 09:58:01.293  - Info - OUVINTE SIGNALR CLIENTE A - MSG:36c5a605-0a2e-4c5f-b7c7-8fab5e9d776c + 3043438320020
30/01/2017 09:58:01.305  - Info - OUVINTE SIGNALR CLIENTE A - MSG:30-58-2017 09:58:01 288- Somente para o cliente B
30/01/2017 09:58:03.290  - Info - OUVINTE SIGNALR CLIENTE A - MSG:c0074f5e-55a9-484a-9e9f-0ce0274220d0 + 3043442219189
30/01/2017 09:58:03.303  - Info - OUVINTE SIGNALR CLIENTE A - MSG:30-58-2017 09:58:03 291- Somente para o cliente B
30/01/2017 09:58:05.294  - Info - OUVINTE SIGNALR CLIENTE A - MSG:7c0a7055-a7e5-4a02-8d9a-6c884c722fcf + 3043446121540
30/01/2017 09:58:05.313  - Info - OUVINTE SIGNALR CLIENTE A - MSG:30-58-2017 09:58:05 292- Somente para o cliente B
30/01/2017 09:58:07.295  - Info - OUVINTE SIGNALR CLIENTE A - MSG:9cf31079-e036-40f8-ae20-850a08617749 + 3043450020426
30/01/2017 09:58:07.317  - Info - OUVINTE SIGNALR CLIENTE A - MSG:30-58-2017 09:58:07 293- Somente para o cliente B
30/01/2017 09:58:09.295  - Info - OUVINTE SIGNALR CLIENTE A - MSG:965ace25-7da7-4e4b-b6e7-08324d9b9097 + 3043453918861
30/01/2017 09:58:09.302  - Info - OUVINTE SIGNALR CLIENTE A - MSG:30-58-2017 09:58:09 294- Somente para o cliente B
30/01/2017 09:58:11.295  - Info - OUVINTE SIGNALR CLIENTE A - MSG:30a3384b-c8f4-4c3f-8857-0399c01231d2 + 3043457817738
30/01/2017 09:58:11.324  - Info - OUVINTE SIGNALR CLIENTE A - MSG:30-58-2017 09:58:11 294- Somente para o cliente B
30/01/2017 09:58:13.296  - Info - OUVINTE SIGNALR CLIENTE A - MSG:dfb8e0b5-cdd8-45c8-9ff1-f850b461429e + 3043461717119
30/01/2017 09:58:13.311  - Info - OUVINTE SIGNALR CLIENTE A - MSG:30-58-2017 09:58:13 296- Somente para o cliente B
30/01/2017 09:58:15.299  - Info - OUVINTE SIGNALR CLIENTE A - MSG:c34d0036-b917-4a65-bb37-593ac9d18eb5 + 3043465615672
30/01/2017 09:58:15.338  - Info - OUVINTE SIGNALR CLIENTE A - MSG:30-58-2017 09:58:15 297- Somente para o cliente B
30/01/2017 09:58:17.298  - Info - OUVINTE SIGNALR CLIENTE A - MSG:6b8ecff5-d676-403e-a85b-c14aa41ab120 + 3043469513341
30/01/2017 09:58:17.319  - Info - OUVINTE SIGNALR CLIENTE A - MSG:30-58-2017 09:58:17 297- Somente para o cliente B
30/01/2017 09:58:19.301  - Info - OUVINTE SIGNALR CLIENTE A - MSG:28544685-f211-47a1-b017-4c16a4469e96 + 3043473412994
30/01/2017 09:58:19.306  - Info - OUVINTE SIGNALR CLIENTE A - MSG:30-58-2017 09:58:19 299- Somente para o cliente B
30/01/2017 09:58:21.304  - Info - OUVINTE SIGNALR CLIENTE A - MSG:53d69b74-54ad-477b-803e-6447975a57cd + 3043477315128
30/01/2017 09:58:21.311  - Info - OUVINTE SIGNALR CLIENTE A - MSG:30-58-2017 09:58:21 301- Somente para o cliente B
30/01/2017 09:58:23.307  - Info - OUVINTE SIGNALR CLIENTE A - MSG:0802ab8a-1adc-4749-8070-cda5318149a6 + 3043481216286
30/01/2017 09:58:23.318  - Info - OUVINTE SIGNALR CLIENTE A - MSG:30-58-2017 09:58:23 305- Somente para o cliente B
30/01/2017 09:58:25.305  - Info - OUVINTE SIGNALR CLIENTE A - MSG:9ce97063-f3ed-477d-b3dc-ad1f7382d794 + 3043485115580
30/01/2017 09:58:25.311  - Info - OUVINTE SIGNALR CLIENTE A - MSG:30-58-2017 09:58:25 305- Somente para o cliente B
30/01/2017 09:58:27.307  - Info - OUVINTE SIGNALR CLIENTE A - MSG:a2e8cc6c-3178-4df2-9be7-c4e400e4d7c6 + 3043489014959
30/01/2017 09:58:27.311  - Info - OUVINTE SIGNALR CLIENTE A - MSG:30-58-2017 09:58:27 306- Somente para o cliente B
30/01/2017 09:58:29.310  - Info - OUVINTE SIGNALR CLIENTE A - MSG:d4a668c9-892b-4f1c-9547-a41b09a184a7 + 3043492914137
30/01/2017 09:58:29.322  - Info - OUVINTE SIGNALR CLIENTE A - MSG:30-58-2017 09:58:29 308- Somente para o cliente B
30/01/2017 09:58:31.312  - Info - OUVINTE SIGNALR CLIENTE A - MSG:3e761b1b-5fbc-4546-a92a-01a64fb102e5 + 3043496814560
30/01/2017 09:58:31.327  - Info - OUVINTE SIGNALR CLIENTE A - MSG:30-58-2017 09:58:31 308- Somente para o cliente B
30/01/2017 09:58:33.311  - Info - OUVINTE SIGNALR CLIENTE A - MSG:40502d1b-6fd0-4e79-97cd-2f3291c81e13 + 3043500714056
30/01/2017 09:58:33.319  - Info - OUVINTE SIGNALR CLIENTE A - MSG:30-58-2017 09:58:33 310- Somente para o cliente B
30/01/2017 09:58:35.313  - Info - OUVINTE SIGNALR CLIENTE A - MSG:69f2925d-e00b-44aa-9f41-6af90f79f538 + 3043504613142
30/01/2017 09:58:35.325  - Info - OUVINTE SIGNALR CLIENTE A - MSG:30-58-2017 09:58:35 311- Somente para o cliente B
30/01/2017 09:58:37.315  - Info - OUVINTE SIGNALR CLIENTE A - MSG:fab6658d-72ad-41b8-bbfe-0f056b6851e0 + 3043508516591
30/01/2017 09:58:37.325  - Info - OUVINTE SIGNALR CLIENTE A - MSG:30-58-2017 09:58:37 314- Somente para o cliente B
30/01/2017 09:58:39.316  - Info - OUVINTE SIGNALR CLIENTE A - MSG:42a8ecdc-c7af-42a6-ab83-1adc8cf52746 + 3043512415463
30/01/2017 09:58:39.323  - Info - OUVINTE SIGNALR CLIENTE A - MSG:30-58-2017 09:58:39 315- Somente para o cliente B
30/01/2017 09:58:41.317  - Info - OUVINTE SIGNALR CLIENTE A - MSG:8bc2be2c-bfed-4e82-b0e2-58e3b9d8df41 + 3043516313502
30/01/2017 09:58:41.323  - Info - OUVINTE SIGNALR CLIENTE A - MSG:30-58-2017 09:58:41 316- Somente para o cliente B
30/01/2017 09:58:43.318  - Info - OUVINTE SIGNALR CLIENTE A - MSG:1be51629-5481-442b-b7fa-2e0a4eb7644a + 3043520212152
30/01/2017 09:58:43.328  - Info - OUVINTE SIGNALR CLIENTE A - MSG:30-58-2017 09:58:43 317- Somente para o cliente B
30/01/2017 09:58:45.321  - Info - OUVINTE SIGNALR CLIENTE A - MSG:90e3b512-4b49-4a02-96af-c89bc6e61c0d + 3043524111279
30/01/2017 09:58:45.330  - Info - OUVINTE SIGNALR CLIENTE A - MSG:30-58-2017 09:58:45 318- Somente para o cliente B
30/01/2017 09:58:47.320  - Info - OUVINTE SIGNALR CLIENTE A - MSG:0341d6ee-05a4-41fe-aa90-cd14c8d80692 + 3043528010463
30/01/2017 09:58:47.332  - Info - OUVINTE SIGNALR CLIENTE A - MSG:30-58-2017 09:58:47 319- Somente para o cliente B
30/01/2017 09:58:49.321  - Info - OUVINTE SIGNALR CLIENTE A - MSG:fea9728d-4c7e-435a-9db3-e7a77f3145e7 + 3043531908587
30/01/2017 09:58:49.328  - Info - OUVINTE SIGNALR CLIENTE A - MSG:30-58-2017 09:58:49 320- Somente para o cliente B
30/01/2017 09:58:51.322  - Info - OUVINTE SIGNALR CLIENTE A - MSG:d3575512-ddfb-45ad-8f26-75eecb89d875 + 3043535807432
30/01/2017 09:58:51.328  - Info - OUVINTE SIGNALR CLIENTE A - MSG:30-58-2017 09:58:51 321- Somente para o cliente B
30/01/2017 09:58:53.322  - Info - OUVINTE SIGNALR CLIENTE A - MSG:ac403737-87a7-495a-a960-1e795f2492e3 + 3043539706192
30/01/2017 09:58:53.331  - Info - OUVINTE SIGNALR CLIENTE A - MSG:30-58-2017 09:58:53 322- Somente para o cliente B
30/01/2017 09:58:55.325  - Info - OUVINTE SIGNALR CLIENTE A - MSG:a3722b78-b488-4878-9388-08683ac5c3be + 3043543607310
30/01/2017 09:58:55.336  - Info - OUVINTE SIGNALR CLIENTE A - MSG:30-58-2017 09:58:55 324- Somente para o cliente B
30/01/2017 09:58:57.326  - Info - OUVINTE SIGNALR CLIENTE A - MSG:1629518f-9525-43db-9bc7-d63f2ad5b49d + 3043547506661
30/01/2017 09:58:57.337  - Info - OUVINTE SIGNALR CLIENTE A - MSG:30-58-2017 09:58:57 325- Somente para o cliente B
30/01/2017 09:58:59.327  - Info - OUVINTE SIGNALR CLIENTE A - MSG:65713446-ecdd-4469-9901-84cb28d09af6 + 3043551405684
30/01/2017 09:58:59.339  - Info - OUVINTE SIGNALR CLIENTE A - MSG:30-58-2017 09:58:59 326- Somente para o cliente B
30/01/2017 09:59:01.329  - Info - OUVINTE SIGNALR CLIENTE A - MSG:fd11d440-4526-4fba-a911-0060cb2c77ba + 3043555304816
30/01/2017 09:59:01.348  - Info - OUVINTE SIGNALR CLIENTE A - MSG:30-59-2017 09:59:01 328- Somente para o cliente B
30/01/2017 09:59:03.331  - Info - OUVINTE SIGNALR CLIENTE A - MSG:24fa0f83-6746-46f3-9fec-c857ebf344ba + 3043559203977
30/01/2017 09:59:03.354  - Info - OUVINTE SIGNALR CLIENTE A - MSG:30-59-2017 09:59:03 329- Somente para o cliente B
30/01/2017 09:59:05.333  - Info - OUVINTE SIGNALR CLIENTE A - MSG:d39ffe8c-49e9-4724-bf15-abc89b53007a + 3043563103165
30/01/2017 09:59:05.343  - Info - OUVINTE SIGNALR CLIENTE A - MSG:30-59-2017 09:59:05 330- Somente para o cliente B
30/01/2017 09:59:07.331  - Info - OUVINTE SIGNALR CLIENTE A - MSG:b73dd7fe-f5ff-4118-ac75-5b59c6526dab + 3043567001307
30/01/2017 09:59:07.339  - Info - OUVINTE SIGNALR CLIENTE A - MSG:30-59-2017 09:59:07 330- Somente para o cliente B
30/01/2017 09:59:09.335  - Info - OUVINTE SIGNALR CLIENTE A - MSG:8bd755f2-d878-478d-af82-590bcfbd2166 + 3043570905609
30/01/2017 09:59:09.343  - Info - OUVINTE SIGNALR CLIENTE A - MSG:30-59-2017 09:59:09 334- Somente para o cliente B
30/01/2017 09:59:11.336  - Info - OUVINTE SIGNALR CLIENTE A - MSG:e2bfa0bd-ae7f-4767-8e8e-4c89678a6b86 + 3043574804831
30/01/2017 09:59:11.344  - Info - OUVINTE SIGNALR CLIENTE A - MSG:30-59-2017 09:59:11 335- Somente para o cliente B
30/01/2017 09:59:13.338  - Info - OUVINTE SIGNALR CLIENTE A - MSG:c0ad78a4-98e3-4ccb-8e3b-6f0836d7fd47 + 3043578703891
30/01/2017 09:59:13.350  - Info - OUVINTE SIGNALR CLIENTE A - MSG:30-59-2017 09:59:13 336- Somente para o cliente B
30/01/2017 09:59:15.343  - Info - OUVINTE SIGNALR CLIENTE A - MSG:2da0fc60-0739-444d-96c4-46c365f52860 + 3043582605127
30/01/2017 09:59:15.357  - Info - OUVINTE SIGNALR CLIENTE A - MSG:30-59-2017 09:59:15 338- Somente para o cliente B
30/01/2017 09:59:17.341  - Info - OUVINTE SIGNALR CLIENTE A - MSG:75156ea1-246d-4015-92af-81a8326837d9 + 3043586503837
30/01/2017 09:59:17.349  - Info - OUVINTE SIGNALR CLIENTE A - MSG:30-59-2017 09:59:17 339- Somente para o cliente B
30/01/2017 09:59:19.343  - Info - OUVINTE SIGNALR CLIENTE A - MSG:3f5e2173-8961-4234-ac77-9b8ea7d20294 + 3043590404436
30/01/2017 09:59:19.349  - Info - OUVINTE SIGNALR CLIENTE A - MSG:30-59-2017 09:59:19 341- Somente para o cliente B
30/01/2017 09:59:21.344  - Info - OUVINTE SIGNALR CLIENTE A - MSG:391a94ef-dc8f-4b21-ac72-24afa412483c + 3043594302583
30/01/2017 09:59:21.349  - Info - OUVINTE SIGNALR CLIENTE A - MSG:30-59-2017 09:59:21 341- Somente para o cliente B
30/01/2017 09:59:23.344  - Info - OUVINTE SIGNALR CLIENTE A - MSG:37e68c1b-71b2-4907-8b1d-1448097b523d + 3043598201781
30/01/2017 09:59:23.352  - Info - OUVINTE SIGNALR CLIENTE A - MSG:30-59-2017 09:59:23 343- Somente para o cliente B
30/01/2017 09:59:25.356  - Info - OUVINTE SIGNALR CLIENTE A - MSG:fb4cbf39-6d5f-45d9-af19-c0e9f84826b2 + 3043602109964
30/01/2017 09:59:25.366  - Info - OUVINTE SIGNALR CLIENTE A - MSG:30-59-2017 09:59:25 349- Somente para o cliente B
30/01/2017 09:59:27.354  - Info - OUVINTE SIGNALR CLIENTE A - MSG:fea35a6f-751e-4af1-8ee3-f24144554901 + 3043606012308
30/01/2017 09:59:27.365  - Info - OUVINTE SIGNALR CLIENTE A - MSG:30-59-2017 09:59:27 351- Somente para o cliente B
30/01/2017 09:59:29.353  - Info - OUVINTE SIGNALR CLIENTE A - MSG:056ef4d1-9425-4598-ac35-215ca31a148e + 3043609910933
30/01/2017 09:59:29.370  - Info - OUVINTE SIGNALR CLIENTE A - MSG:30-59-2017 09:59:29 352- Somente para o cliente B
30/01/2017 09:59:31.360  - Info - OUVINTE SIGNALR CLIENTE A - MSG:57b8dc73-a654-4911-889e-08e333a2009c + 3043613810123
30/01/2017 09:59:31.374  - Info - OUVINTE SIGNALR CLIENTE A - MSG:30-59-2017 09:59:31 353- Somente para o cliente B
30/01/2017 09:59:33.360  - Info - OUVINTE SIGNALR CLIENTE A - MSG:f1aa2746-a774-49ef-a3aa-cdeebfaca8aa + 3043617708790
30/01/2017 09:59:33.369  - Info - OUVINTE SIGNALR CLIENTE A - MSG:30-59-2017 09:59:33 354- Somente para o cliente B
30/01/2017 09:59:35.356  - Info - OUVINTE SIGNALR CLIENTE A - MSG:8d18e196-a1ee-4f36-a75f-626057cfc483 + 3043621607881
30/01/2017 09:59:35.374  - Info - OUVINTE SIGNALR CLIENTE A - MSG:30-59-2017 09:59:35 355- Somente para o cliente B
30/01/2017 09:59:37.362  - Info - OUVINTE SIGNALR CLIENTE A - MSG:e048859e-8d01-41f6-aa05-2c5e10296948 + 3043625507056
30/01/2017 09:59:37.374  - Info - OUVINTE SIGNALR CLIENTE A - MSG:30-59-2017 09:59:37 356- Somente para o cliente B
30/01/2017 09:59:39.358  - Info - OUVINTE SIGNALR CLIENTE A - MSG:7e0007b4-44bb-413d-8462-3d5d0ced746d + 3043629406385
30/01/2017 09:59:39.364  - Info - OUVINTE SIGNALR CLIENTE A - MSG:30-59-2017 09:59:39 357- Somente para o cliente B
30/01/2017 09:59:41.369  - Info - OUVINTE SIGNALR CLIENTE A - MSG:55b5046b-78fc-4251-b35c-7efe453aef9d + 3043633305588
30/01/2017 09:59:41.381  - Info - OUVINTE SIGNALR CLIENTE A - MSG:30-59-2017 09:59:41 358- Somente para o cliente B
30/01/2017 09:59:43.360  - Info - OUVINTE SIGNALR CLIENTE A - MSG:f2b042b5-eaeb-4c2e-8b16-adb6784ae5e1 + 3043637204802
30/01/2017 09:59:43.372  - Info - OUVINTE SIGNALR CLIENTE A - MSG:30-59-2017 09:59:43 360- Somente para o cliente B
30/01/2017 09:59:45.360  - Info - OUVINTE SIGNALR CLIENTE A - MSG:e21ffff9-2a84-4936-b675-91d1a2020432 + 3043641103893
30/01/2017 09:59:45.374  - Info - OUVINTE SIGNALR CLIENTE A - MSG:30-59-2017 09:59:45 360- Somente para o cliente B
30/01/2017 09:59:47.364  - Info - OUVINTE SIGNALR CLIENTE A - MSG:c78d89ce-0b12-4f06-ab8f-f785e715459b + 3043645004306
30/01/2017 09:59:47.412  - Info - OUVINTE SIGNALR CLIENTE A - MSG:30-59-2017 09:59:47 362- Somente para o cliente B
30/01/2017 09:59:49.367  - Info - OUVINTE SIGNALR CLIENTE A - MSG:c8440e09-b28d-45b6-84e8-7b5f5053d9ac + 3043648902438
30/01/2017 09:59:49.373  - Info - OUVINTE SIGNALR CLIENTE A - MSG:30-59-2017 09:59:49 363- Somente para o cliente B
30/01/2017 09:59:51.366  - Info - OUVINTE SIGNALR CLIENTE A - MSG:f19fbee8-2a7c-47a5-ad0c-da9f167f9354 + 3043652800423
30/01/2017 09:59:51.413  - Info - OUVINTE SIGNALR CLIENTE A - MSG:30-59-2017 09:59:51 363- Somente para o cliente B
30/01/2017 09:59:53.365  - Info - OUVINTE SIGNALR CLIENTE A - MSG:7c43f7c0-b4ab-4693-b603-a1148be3a7ec + 3043656699442
30/01/2017 09:59:53.373  - Info - OUVINTE SIGNALR CLIENTE A - MSG:30-59-2017 09:59:53 364- Somente para o cliente B
30/01/2017 09:59:55.374  - Info - OUVINTE SIGNALR CLIENTE A - MSG:bd50d759-5041-446d-b8f8-7a0ac470151b + 3043660598671
30/01/2017 09:59:55.382  - Info - OUVINTE SIGNALR CLIENTE A - MSG:30-59-2017 09:59:55 365- Somente para o cliente B
30/01/2017 09:59:57.373  - Info - OUVINTE SIGNALR CLIENTE A - MSG:808d8345-45e7-4f2e-9632-2a7c681a214e + 3043664506267
30/01/2017 09:59:57.392  - Info - OUVINTE SIGNALR CLIENTE A - MSG:30-59-2017 09:59:57 371- Somente para o cliente B
30/01/2017 09:59:59.372  - Info - OUVINTE SIGNALR CLIENTE A - MSG:f100f54e-de3e-44c8-b402-dd030b59391b + 3043668404724
30/01/2017 09:59:59.378  - Info - OUVINTE SIGNALR CLIENTE A - MSG:30-59-2017 09:59:59 371- Somente para o cliente B
30/01/2017 10:00:01.375  - Info - OUVINTE SIGNALR CLIENTE A - MSG:b8ec60ed-48a4-4d50-b70c-70b9f3a2b7ca + 3043672302772
30/01/2017 10:00:01.381  - Info - OUVINTE SIGNALR CLIENTE A - MSG:30-00-2017 10:00:01 372- Somente para o cliente B
30/01/2017 10:00:03.373  - Info - OUVINTE SIGNALR CLIENTE A - MSG:053d4732-f0a9-4826-af8c-df8c86802f94 + 3043676200330
30/01/2017 10:00:03.381  - Info - OUVINTE SIGNALR CLIENTE A - MSG:30-00-2017 10:00:03 372- Somente para o cliente B
30/01/2017 10:00:05.377  - Info - OUVINTE SIGNALR CLIENTE A - MSG:7e1cc8da-ab99-4502-9366-eb45f72bcfbb + 3043680099492
30/01/2017 10:00:05.386  - Info - OUVINTE SIGNALR CLIENTE A - MSG:30-00-2017 10:00:05 373- Somente para o cliente B
30/01/2017 10:00:07.378  - Info - OUVINTE SIGNALR CLIENTE A - MSG:12fa0d41-b080-4be8-a597-5f645f4c7ef2 + 3043683998646
30/01/2017 10:00:07.387  - Info - OUVINTE SIGNALR CLIENTE A - MSG:30-00-2017 10:00:07 374- Somente para o cliente B
30/01/2017 10:00:09.376  - Info - OUVINTE SIGNALR CLIENTE A - MSG:8a115c10-278a-4bb6-9172-6cdfeb1e0a15 + 3043687897851
30/01/2017 10:00:09.385  - Info - OUVINTE SIGNALR CLIENTE A - MSG:30-00-2017 10:00:09 375- Somente para o cliente B
30/01/2017 10:00:11.378  - Info - OUVINTE SIGNALR CLIENTE A - MSG:02460d27-b161-4434-a21f-57ed96599244 + 3043691796187
30/01/2017 10:00:11.387  - Info - OUVINTE SIGNALR CLIENTE A - MSG:30-00-2017 10:00:11 376- Somente para o cliente B
30/01/2017 10:00:13.384  - Info - OUVINTE SIGNALR CLIENTE A - MSG:4a73d6c3-837f-493f-b144-144df06435b8 + 3043695704147
30/01/2017 10:00:13.389  - Info - OUVINTE SIGNALR CLIENTE A - MSG:30-00-2017 10:00:13 382- Somente para o cliente B
30/01/2017 10:00:15.384  - Info - OUVINTE SIGNALR CLIENTE A - MSG:a8615408-2415-4d35-b1e0-70fbfbf835be + 3043699603576
30/01/2017 10:00:15.397  - Info - OUVINTE SIGNALR CLIENTE A - MSG:30-00-2017 10:00:15 383- Somente para o cliente B
30/01/2017 10:00:17.387  - Info - OUVINTE SIGNALR CLIENTE A - MSG:df8c28ec-cd3b-4d87-90bc-88d8681078e6 + 3043703504897
30/01/2017 10:00:17.398  - Info - OUVINTE SIGNALR CLIENTE A - MSG:30-00-2017 10:00:17 385- Somente para o cliente B
30/01/2017 10:00:19.388  - Info - OUVINTE SIGNALR CLIENTE A - MSG:e1bee0a5-dd8c-4bd8-9c0d-466273bc5cf6 + 3043707403828
