30/01/2017 10:22:38.124  - Info - Iniciando Log
30/01/2017 10:22:38.130  - Info - ****OUVINTE HUB GATEWAY - CLIENTE A*****
30/01/2017 10:22:38.142  - Info - ****OUVINTE HUB GATEWAY - CLIENTE B*****
30/01/2017 10:22:38.266  - Info - OUVINTE SIGNALR CLIENTE A - MSG:03886ad2-f85c-47bc-8a8f-efd920361e17 + 3046316043699
30/01/2017 10:22:38.271  - Info - OUVINTE SIGNALR CLIENTE A - MSG:60c025ab-cfde-4d82-9b3b-7fd3695335fa + 3046316092765
30/01/2017 10:22:38.275  - Info - OUVINTE SIGNALR CLIENTE B - MSG:30-22-2017 10:22:38 149 - ONLY OTHER GROUP
30/01/2017 10:22:38.277  - Info - OUVINTE SIGNALR CLIENTE B - MSG:30-22-2017 10:22:38 158 - ONLY OTHER GROUP
30/01/2017 10:22:38.281  - Info - OUVINTE SIGNALR CLIENTE A - MSG:c7f6b4c7-e7d4-43a3-8d5b-420cd9a8c0c4 + 3046316195954
30/01/2017 10:22:38.286  - Info - OUVINTE SIGNALR CLIENTE B - MSG:30-22-2017 10:22:38 211 - ONLY OTHER GROUP
30/01/2017 10:22:38.369  - Info - OUVINTE SIGNALR CLIENTE A - MSG:6f1b3a93-667d-4128-a651-6e9bbcdb4844 + 3046316501512
30/01/2017 10:22:38.373  - Info - OUVINTE SIGNALR CLIENTE B - MSG:30-22-2017 10:22:38 368 - ONLY OTHER GROUP
30/01/2017 10:22:38.869  - Info - OUVINTE SIGNALR CLIENTE A - MSG:a49de767-9e32-4220-8d18-30ca67628c38 + 3046317476748
30/01/2017 10:22:38.877  - Info - OUVINTE SIGNALR CLIENTE B - MSG:30-22-2017 10:22:38 869 - ONLY OTHER GROUP
30/01/2017 10:22:39.370  - Info - OUVINTE SIGNALR CLIENTE A - MSG:74896fec-5208-4339-ab10-b03deedd17df + 3046318453017
30/01/2017 10:22:39.376  - Info - OUVINTE SIGNALR CLIENTE B - MSG:30-22-2017 10:22:39 369 - ONLY OTHER GROUP
30/01/2017 10:22:39.872  - Info - OUVINTE SIGNALR CLIENTE A - MSG:bb7674f8-8748-44b6-a5ba-15a3afc12a29 + 3046319429198
30/01/2017 10:22:39.901  - Info - OUVINTE SIGNALR CLIENTE B - MSG:30-22-2017 10:22:39 872 - ONLY OTHER GROUP
30/01/2017 10:22:40.373  - Info - OUVINTE SIGNALR CLIENTE A - MSG:ca9b4cff-2ff2-427a-9606-47de9d7dd620 + 3046320408244
30/01/2017 10:22:40.378  - Info - OUVINTE SIGNALR CLIENTE B - MSG:30-22-2017 10:22:40 373 - ONLY OTHER GROUP
30/01/2017 10:22:40.873  - Info - OUVINTE SIGNALR CLIENTE A - MSG:08d15f94-0502-442b-ab80-cf50b9592adf + 3046321381204
30/01/2017 10:22:40.881  - Info - OUVINTE SIGNALR CLIENTE B - MSG:30-22-2017 10:22:40 873 - ONLY OTHER GROUP
30/01/2017 10:22:41.378  - Info - OUVINTE SIGNALR CLIENTE A - MSG:31675cde-37d4-4116-a594-152a329d73ed + 3046322357369
30/01/2017 10:22:41.384  - Info - OUVINTE SIGNALR CLIENTE B - MSG:30-22-2017 10:22:41 373 - ONLY OTHER GROUP
30/01/2017 10:22:41.877  - Info - OUVINTE SIGNALR CLIENTE A - MSG:cd5b892b-c461-4ed1-8931-bc7d5ea3878d + 3046323333777
30/01/2017 10:22:41.890  - Info - OUVINTE SIGNALR CLIENTE B - MSG:30-22-2017 10:22:41 876 - ONLY OTHER GROUP
30/01/2017 10:22:42.376  - Info - OUVINTE SIGNALR CLIENTE A - MSG:3319653a-dfc7-4d26-b85f-d77cda0c9a98 + 3046324308907
30/01/2017 10:22:42.380  - Info - OUVINTE SIGNALR CLIENTE B - MSG:30-22-2017 10:22:42 376 - ONLY OTHER GROUP
30/01/2017 10:22:42.877  - Info - OUVINTE SIGNALR CLIENTE A - MSG:dec1f48b-469a-4e02-b635-e36b101e9c82 + 3046325285515
30/01/2017 10:22:42.884  - Info - OUVINTE SIGNALR CLIENTE B - MSG:30-22-2017 10:22:42 876 - ONLY OTHER GROUP
30/01/2017 10:22:43.378  - Info - OUVINTE SIGNALR CLIENTE A - MSG:6bbd72f3-90d9-4084-84fa-3275b80fcc62 + 3046326263883
30/01/2017 10:22:43.384  - Info - OUVINTE SIGNALR CLIENTE B - MSG:30-22-2017 10:22:43 378 - ONLY OTHER GROUP
30/01/2017 10:22:43.879  - Info - OUVINTE SIGNALR CLIENTE A - MSG:a5357036-19f2-4d53-8d0e-26379255dac3 + 3046327239639
30/01/2017 10:22:43.889  - Info - OUVINTE SIGNALR CLIENTE B - MSG:30-22-2017 10:22:43 878 - ONLY OTHER GROUP
30/01/2017 10:22:44.382  - Info - OUVINTE SIGNALR CLIENTE A - MSG:2bb49eeb-1065-4a91-9d9c-75c0d074a28b + 3046328215910
30/01/2017 10:22:44.392  - Info - OUVINTE SIGNALR CLIENTE B - MSG:30-22-2017 10:22:44 379 - ONLY OTHER GROUP
30/01/2017 10:22:44.882  - Info - OUVINTE SIGNALR CLIENTE A - MSG:92d11f0c-1ff9-4616-8b74-1543149cb8c8 + 3046329192201
30/01/2017 10:22:44.890  - Info - OUVINTE SIGNALR CLIENTE B - MSG:30-22-2017 10:22:44 880 - ONLY OTHER GROUP
30/01/2017 10:22:45.403  - Info - OUVINTE SIGNALR CLIENTE A - MSG:b35ff966-eaef-4491-b92f-749157e5fbcb + 3046330172656
30/01/2017 10:22:45.486  - Info - OUVINTE SIGNALR CLIENTE B - MSG:30-22-2017 10:22:45 411 - ONLY OTHER GROUP
30/01/2017 10:22:45.885  - Info - OUVINTE SIGNALR CLIENTE A - MSG:5d6a7456-b9e0-4767-b3a8-04567fd81e30 + 3046331148564
30/01/2017 10:22:45.896  - Info - OUVINTE SIGNALR CLIENTE B - MSG:30-22-2017 10:22:45 884 - ONLY OTHER GROUP
30/01/2017 10:22:46.386  - Info - OUVINTE SIGNALR CLIENTE A - MSG:61f73014-ade1-47d5-9177-901e3b1cc6ff + 3046332124789
30/01/2017 10:22:46.397  - Info - OUVINTE SIGNALR CLIENTE B - MSG:30-22-2017 10:22:46 386 - ONLY OTHER GROUP
30/01/2017 10:22:46.887  - Info - OUVINTE SIGNALR CLIENTE A - MSG:5acac409-0d25-4033-a9c1-892de24cbb74 + 3046333101246
30/01/2017 10:22:46.892  - Info - OUVINTE SIGNALR CLIENTE B - MSG:30-22-2017 10:22:46 887 - ONLY OTHER GROUP
30/01/2017 10:22:47.388  - Info - OUVINTE SIGNALR CLIENTE A - MSG:7ce72c70-5c78-4b50-b4dc-95c76f27f4b2 + 3046334077415
30/01/2017 10:22:47.393  - Info - OUVINTE SIGNALR CLIENTE B - MSG:30-22-2017 10:22:47 387 - ONLY OTHER GROUP
30/01/2017 10:22:47.889  - Info - OUVINTE SIGNALR CLIENTE A - MSG:637b1c85-e1a7-43a7-ab7d-91ace5f86eaa + 3046335053656
30/01/2017 10:22:47.896  - Info - OUVINTE SIGNALR CLIENTE B - MSG:30-22-2017 10:22:47 889 - ONLY OTHER GROUP
30/01/2017 10:22:48.391  - Info - OUVINTE SIGNALR CLIENTE A - MSG:0368b679-c572-44fb-97d0-ccac4985321d + 3046336029820
30/01/2017 10:22:48.396  - Info - OUVINTE SIGNALR CLIENTE B - MSG:30-22-2017 10:22:48 389 - ONLY OTHER GROUP
30/01/2017 10:22:48.892  - Info - OUVINTE SIGNALR CLIENTE A - MSG:1d3e9e53-37fa-4448-a5e5-c3e67f922034 + 3046337006386
30/01/2017 10:22:48.902  - Info - OUVINTE SIGNALR CLIENTE B - MSG:30-22-2017 10:22:48 891 - ONLY OTHER GROUP
30/01/2017 10:22:49.393  - Info - OUVINTE SIGNALR CLIENTE A - MSG:6aa71ed6-d613-4fd9-9c47-ada88bb6087b + 3046337982586
30/01/2017 10:22:49.397  - Info - OUVINTE SIGNALR CLIENTE B - MSG:30-22-2017 10:22:49 393 - ONLY OTHER GROUP
30/01/2017 10:22:49.894  - Info - OUVINTE SIGNALR CLIENTE A - MSG:cd438f40-01ae-4cba-8cc5-d663a08f14dc + 3046338958736
30/01/2017 10:22:49.901  - Info - OUVINTE SIGNALR CLIENTE B - MSG:30-22-2017 10:22:49 894 - ONLY OTHER GROUP
30/01/2017 10:22:50.394  - Info - OUVINTE SIGNALR CLIENTE A - MSG:8fcbba0e-ddbb-4138-96c1-27d92aaf0db1 + 3046339933904
30/01/2017 10:22:50.402  - Info - OUVINTE SIGNALR CLIENTE B - MSG:30-22-2017 10:22:50 394 - ONLY OTHER GROUP
30/01/2017 10:22:50.902  - Info - OUVINTE SIGNALR CLIENTE A - MSG:872b7c8d-d975-422d-952f-73addef74c0a + 3046340910343
30/01/2017 10:22:50.924  - Info - OUVINTE SIGNALR CLIENTE B - MSG:30-22-2017 10:22:50 897 - ONLY OTHER GROUP
30/01/2017 10:22:51.398  - Info - OUVINTE SIGNALR CLIENTE A - MSG:4674e165-9efb-4735-8138-377e4814cc20 + 3046341886395
30/01/2017 10:22:51.402  - Info - OUVINTE SIGNALR CLIENTE B - MSG:30-22-2017 10:22:51 396 - ONLY OTHER GROUP
30/01/2017 10:22:51.899  - Info - OUVINTE SIGNALR CLIENTE A - MSG:bc1adc94-e248-48db-9444-b8dd9c55f6ca + 3046342867123
30/01/2017 10:22:51.908  - Info - OUVINTE SIGNALR CLIENTE B - MSG:30-22-2017 10:22:51 899 - ONLY OTHER GROUP
30/01/2017 10:22:52.401  - Info - OUVINTE SIGNALR CLIENTE A - MSG:6bd7f99e-563e-4988-a8bd-40a8d2c2103c + 3046343844047
30/01/2017 10:22:52.411  - Info - OUVINTE SIGNALR CLIENTE B - MSG:30-22-2017 10:22:52 401 - ONLY OTHER GROUP
30/01/2017 10:22:52.902  - Info - OUVINTE SIGNALR CLIENTE A - MSG:7b90285d-44f5-4d9f-be87-bea45ccf56a9 + 3046344820137
30/01/2017 10:22:52.915  - Info - OUVINTE SIGNALR CLIENTE B - MSG:30-22-2017 10:22:52 902 - ONLY OTHER GROUP
30/01/2017 10:22:53.402  - Info - OUVINTE SIGNALR CLIENTE A - MSG:49c11e81-cc7b-47eb-930a-9869efb89ad3 + 3046345795665
30/01/2017 10:22:53.410  - Info - OUVINTE SIGNALR CLIENTE B - MSG:30-22-2017 10:22:53 402 - ONLY OTHER GROUP
30/01/2017 10:22:53.903  - Info - OUVINTE SIGNALR CLIENTE A - MSG:6518c8bf-638c-4b1a-b1c3-7f5374a401b4 + 3046346770607
30/01/2017 10:22:53.912  - Info - OUVINTE SIGNALR CLIENTE B - MSG:30-22-2017 10:22:53 902 - ONLY OTHER GROUP
30/01/2017 10:22:54.406  - Info - OUVINTE SIGNALR CLIENTE A - MSG:2e3cc5b2-1de8-4c41-bfc6-f3b28b8be8fa + 3046347745671
30/01/2017 10:22:54.420  - Info - OUVINTE SIGNALR CLIENTE B - MSG:30-22-2017 10:22:54 404 - ONLY OTHER GROUP
30/01/2017 10:22:54.906  - Info - OUVINTE SIGNALR CLIENTE A - MSG:c95f10f8-1be9-46a2-8ffb-024e36e7b368 + 3046348722609
30/01/2017 10:22:54.914  - Info - OUVINTE SIGNALR CLIENTE B - MSG:30-22-2017 10:22:54 905 - ONLY OTHER GROUP
30/01/2017 10:22:55.406  - Info - OUVINTE SIGNALR CLIENTE A - MSG:27a8cf5c-5605-4a46-8e22-b27acf754651 + 3046349697383
30/01/2017 10:22:55.416  - Info - OUVINTE SIGNALR CLIENTE B - MSG:30-22-2017 10:22:55 405 - ONLY OTHER GROUP
30/01/2017 10:22:55.906  - Info - OUVINTE SIGNALR CLIENTE A - MSG:84833212-acc6-45a1-bb33-daef1153f5eb + 3046350672940
30/01/2017 10:22:55.910  - Info - OUVINTE SIGNALR CLIENTE B - MSG:30-22-2017 10:22:55 905 - ONLY OTHER GROUP
30/01/2017 10:22:56.406  - Info - OUVINTE SIGNALR CLIENTE A - MSG:93c7845f-cc5b-4729-938a-d2721cf021be + 3046351649275
30/01/2017 10:22:56.413  - Info - OUVINTE SIGNALR CLIENTE B - MSG:30-22-2017 10:22:56 406 - ONLY OTHER GROUP
30/01/2017 10:22:56.908  - Info - OUVINTE SIGNALR CLIENTE A - MSG:ab6d012f-4e84-4f66-9c87-dd593c346803 + 3046352625279
30/01/2017 10:22:56.913  - Info - OUVINTE SIGNALR CLIENTE B - MSG:30-22-2017 10:22:56 907 - ONLY OTHER GROUP
30/01/2017 10:22:57.409  - Info - OUVINTE SIGNALR CLIENTE A - MSG:2da35ab4-8a68-4481-8bef-87da8054a63e + 3046353601938
30/01/2017 10:22:57.421  - Info - OUVINTE SIGNALR CLIENTE B - MSG:30-22-2017 10:22:57 409 - ONLY OTHER GROUP
30/01/2017 10:22:57.909  - Info - OUVINTE SIGNALR CLIENTE A - MSG:94ce85ca-f9d0-4dd0-867a-08531dd2e91d + 3046354577370
30/01/2017 10:22:57.917  - Info - OUVINTE SIGNALR CLIENTE B - MSG:30-22-2017 10:22:57 909 - ONLY OTHER GROUP
30/01/2017 10:22:58.410  - Info - OUVINTE SIGNALR CLIENTE A - MSG:d0d4337a-15d4-4367-b8b7-6c933df24b6f + 3046355553272
30/01/2017 10:22:58.421  - Info - OUVINTE SIGNALR CLIENTE B - MSG:30-22-2017 10:22:58 411 - ONLY OTHER GROUP
30/01/2017 10:22:58.911  - Info - OUVINTE SIGNALR CLIENTE A - MSG:e2ca7852-691d-450b-a191-9890609460ab + 3046356529137
30/01/2017 10:22:58.916  - Info - OUVINTE SIGNALR CLIENTE B - MSG:30-22-2017 10:22:58 911 - ONLY OTHER GROUP
30/01/2017 10:22:59.412  - Info - OUVINTE SIGNALR CLIENTE A - MSG:d555780c-1a61-4beb-a72e-48f6555425a9 + 3046357504316
30/01/2017 10:22:59.425  - Info - OUVINTE SIGNALR CLIENTE B - MSG:30-22-2017 10:22:59 412 - ONLY OTHER GROUP
30/01/2017 10:22:59.912  - Info - OUVINTE SIGNALR CLIENTE A - MSG:55127531-0e61-482a-b8ed-71e301f18fd3 + 3046358480060
30/01/2017 10:22:59.916  - Info - OUVINTE SIGNALR CLIENTE B - MSG:30-22-2017 10:22:59 911 - ONLY OTHER GROUP
30/01/2017 10:23:00.413  - Info - OUVINTE SIGNALR CLIENTE A - MSG:879ef42e-ba18-4377-ba64-2f4b7e0cd92b + 3046359456134
30/01/2017 10:23:00.417  - Info - OUVINTE SIGNALR CLIENTE B - MSG:30-23-2017 10:23:00 412 - ONLY OTHER GROUP
30/01/2017 10:23:00.913  - Info - OUVINTE SIGNALR CLIENTE A - MSG:032df0df-78cd-4eb3-88a9-3edd9cf9576b + 3046360431013
30/01/2017 10:23:00.917  - Info - OUVINTE SIGNALR CLIENTE B - MSG:30-23-2017 10:23:00 913 - ONLY OTHER GROUP
30/01/2017 10:23:01.415  - Info - OUVINTE SIGNALR CLIENTE A - MSG:a44ae9c0-0a3a-4331-9941-20ffe4e3439f + 3046361407228
30/01/2017 10:23:01.444  - Info - OUVINTE SIGNALR CLIENTE B - MSG:30-23-2017 10:23:01 416 - ONLY OTHER GROUP
30/01/2017 10:23:01.915  - Info - OUVINTE SIGNALR CLIENTE A - MSG:972b7132-0a69-4386-a2b6-b06633c14298 + 3046362383468
30/01/2017 10:23:01.920  - Info - OUVINTE SIGNALR CLIENTE B - MSG:30-23-2017 10:23:01 914 - ONLY OTHER GROUP
30/01/2017 10:23:02.416  - Info - OUVINTE SIGNALR CLIENTE A - MSG:f8e80e7b-1e7b-45fb-a2a2-33f9803560f6 + 3046363359762
30/01/2017 10:23:02.421  - Info - OUVINTE SIGNALR CLIENTE B - MSG:30-23-2017 10:23:02 416 - ONLY OTHER GROUP
30/01/2017 10:23:02.917  - Info - OUVINTE SIGNALR CLIENTE A - MSG:38f9b1d8-a931-4d69-9a3b-c9eb1a25a463 + 3046364336119
30/01/2017 10:23:02.923  - Info - OUVINTE SIGNALR CLIENTE B - MSG:30-23-2017 10:23:02 917 - ONLY OTHER GROUP
30/01/2017 10:23:03.418  - Info - OUVINTE SIGNALR CLIENTE A - MSG:b8b6b404-04f9-4de9-bfbc-b80962e27204 + 3046365312461
30/01/2017 10:23:03.425  - Info - OUVINTE SIGNALR CLIENTE B - MSG:30-23-2017 10:23:03 418 - ONLY OTHER GROUP
30/01/2017 10:23:03.920  - Info - OUVINTE SIGNALR CLIENTE A - MSG:176bf266-70ca-4ab3-9472-bf7333913791 + 3046366288995
30/01/2017 10:23:03.926  - Info - OUVINTE SIGNALR CLIENTE B - MSG:30-23-2017 10:23:03 919 - ONLY OTHER GROUP
30/01/2017 10:23:04.428  - Info - OUVINTE SIGNALR CLIENTE A - MSG:a061a916-433d-4f8b-821f-18b6855b41f3 + 3046367265601
30/01/2017 10:23:04.435  - Info - OUVINTE SIGNALR CLIENTE B - MSG:30-23-2017 10:23:04 420 - ONLY OTHER GROUP
30/01/2017 10:23:04.921  - Info - OUVINTE SIGNALR CLIENTE A - MSG:25649f5c-31c1-4f94-9595-f1f5c5404d48 + 3046368240989
30/01/2017 10:23:04.926  - Info - OUVINTE SIGNALR CLIENTE B - MSG:30-23-2017 10:23:04 921 - ONLY OTHER GROUP
30/01/2017 10:23:05.425  - Info - OUVINTE SIGNALR CLIENTE A - MSG:37339266-692e-43f4-8490-d0271407a343 + 3046369218945
30/01/2017 10:23:05.433  - Info - OUVINTE SIGNALR CLIENTE B - MSG:30-23-2017 10:23:05 423 - ONLY OTHER GROUP
30/01/2017 10:23:05.929  - Info - OUVINTE SIGNALR CLIENTE A - MSG:6f1ad232-b829-4af2-b379-0afcd890bede + 3046370198742
30/01/2017 10:23:05.935  - Info - OUVINTE SIGNALR CLIENTE B - MSG:30-23-2017 10:23:05 929 - ONLY OTHER GROUP
30/01/2017 10:23:06.428  - Info - OUVINTE SIGNALR CLIENTE A - MSG:061d8fe1-d404-48e2-9bd2-7853e887cc72 + 3046371175562
30/01/2017 10:23:06.434  - Info - OUVINTE SIGNALR CLIENTE B - MSG:30-23-2017 10:23:06 427 - ONLY OTHER GROUP
30/01/2017 10:23:06.928  - Info - OUVINTE SIGNALR CLIENTE A - MSG:d85de4c6-71ab-4ed7-80b4-fe59c667b13d + 3046372151854
30/01/2017 10:23:06.935  - Info - OUVINTE SIGNALR CLIENTE B - MSG:30-23-2017 10:23:06 927 - ONLY OTHER GROUP
30/01/2017 10:23:07.430  - Info - OUVINTE SIGNALR CLIENTE A - MSG:e2fd4f85-958d-43f0-bca2-adc8ecd153e3 + 3046373129934
30/01/2017 10:23:07.435  - Info - OUVINTE SIGNALR CLIENTE B - MSG:30-23-2017 10:23:07 430 - ONLY OTHER GROUP
30/01/2017 10:23:07.931  - Info - OUVINTE SIGNALR CLIENTE A - MSG:f6efceda-32b1-4469-9a9b-e3814946c683 + 3046374106381
30/01/2017 10:23:07.936  - Info - OUVINTE SIGNALR CLIENTE B - MSG:30-23-2017 10:23:07 931 - ONLY OTHER GROUP
30/01/2017 10:23:08.431  - Info - OUVINTE SIGNALR CLIENTE A - MSG:29b897e7-8ce7-46a3-bc1a-2fd93527b64e + 3046375082542
30/01/2017 10:23:08.437  - Info - OUVINTE SIGNALR CLIENTE B - MSG:30-23-2017 10:23:08 432 - ONLY OTHER GROUP
30/01/2017 10:23:08.933  - Info - OUVINTE SIGNALR CLIENTE A - MSG:de1cab95-2b70-4b64-bf11-eb51273d987e + 3046376058819
30/01/2017 10:23:08.940  - Info - OUVINTE SIGNALR CLIENTE B - MSG:30-23-2017 10:23:08 933 - ONLY OTHER GROUP
30/01/2017 10:23:09.434  - Info - OUVINTE SIGNALR CLIENTE A - MSG:a82fe20b-56bb-46bc-ba32-483624b16f8e + 3046377034734
30/01/2017 10:23:09.442  - Info - OUVINTE SIGNALR CLIENTE B - MSG:30-23-2017 10:23:09 434 - ONLY OTHER GROUP
30/01/2017 10:23:09.935  - Info - OUVINTE SIGNALR CLIENTE A - MSG:42859fd7-ed93-4744-bf58-5a2a70c5d50a + 3046378010174
30/01/2017 10:23:09.944  - Info - OUVINTE SIGNALR CLIENTE B - MSG:30-23-2017 10:23:09 935 - ONLY OTHER GROUP
30/01/2017 10:23:10.435  - Info - OUVINTE SIGNALR CLIENTE A - MSG:41628811-6f60-4a46-a463-46eabe2178b4 + 3046378985368
30/01/2017 10:23:10.445  - Info - OUVINTE SIGNALR CLIENTE B - MSG:30-23-2017 10:23:10 435 - ONLY OTHER GROUP
30/01/2017 10:23:10.936  - Info - OUVINTE SIGNALR CLIENTE A - MSG:4f004e62-f057-4478-afb9-37ef117eda70 + 3046379961123
30/01/2017 10:23:10.940  - Info - OUVINTE SIGNALR CLIENTE B - MSG:30-23-2017 10:23:10 935 - ONLY OTHER GROUP
30/01/2017 10:23:11.437  - Info - OUVINTE SIGNALR CLIENTE A - MSG:0f022520-e07c-4422-b0d4-4707e3ada55f + 3046380936777
30/01/2017 10:23:11.441  - Info - OUVINTE SIGNALR CLIENTE B - MSG:30-23-2017 10:23:11 436 - ONLY OTHER GROUP
30/01/2017 10:23:11.939  - Info - OUVINTE SIGNALR CLIENTE A - MSG:636aa4f7-4907-4439-adcb-6f05e484163b + 3046381912050
30/01/2017 10:23:11.949  - Info - OUVINTE SIGNALR CLIENTE B - MSG:30-23-2017 10:23:11 936 - ONLY OTHER GROUP
30/01/2017 10:23:12.445  - Info - OUVINTE SIGNALR CLIENTE A - MSG:fe20a755-f2f0-4c72-908a-30ad5714996c + 3046382891139
30/01/2017 10:23:12.458  - Info - OUVINTE SIGNALR CLIENTE B - MSG:30-23-2017 10:23:12 440 - ONLY OTHER GROUP
30/01/2017 10:23:12.942  - Info - OUVINTE SIGNALR CLIENTE A - MSG:4792569e-8a5d-4034-9bfa-8e1d727adefb + 3046383868475
30/01/2017 10:23:12.955  - Info - OUVINTE SIGNALR CLIENTE B - MSG:30-23-2017 10:23:12 941 - ONLY OTHER GROUP
30/01/2017 10:23:13.444  - Info - OUVINTE SIGNALR CLIENTE A - MSG:2569069f-0aca-4941-90ce-f0aa7574f8a6 + 3046384845826
30/01/2017 10:23:13.454  - Info - OUVINTE SIGNALR CLIENTE B - MSG:30-23-2017 10:23:13 443 - ONLY OTHER GROUP
30/01/2017 10:23:13.944  - Info - OUVINTE SIGNALR CLIENTE A - MSG:718574d8-947d-4151-a0b9-6719bacf6f3a + 3046385821465
30/01/2017 10:23:13.960  - Info - OUVINTE SIGNALR CLIENTE B - MSG:30-23-2017 10:23:13 944 - ONLY OTHER GROUP
30/01/2017 10:23:14.447  - Info - OUVINTE SIGNALR CLIENTE A - MSG:cb5f31db-ca13-4a3e-89a3-0a8e6674a506 + 3046386797117
30/01/2017 10:23:14.473  - Info - OUVINTE SIGNALR CLIENTE B - MSG:30-23-2017 10:23:14 445 - ONLY OTHER GROUP
30/01/2017 10:23:14.945  - Info - OUVINTE SIGNALR CLIENTE A - MSG:fcddaab8-3d1d-42e3-a47f-281147f09c2b + 3046387771912
30/01/2017 10:23:14.957  - Info - OUVINTE SIGNALR CLIENTE B - MSG:30-23-2017 10:23:14 944 - ONLY OTHER GROUP
30/01/2017 10:23:15.446  - Info - OUVINTE SIGNALR CLIENTE A - MSG:15a51373-f8d5-429c-b8a2-752d11681850 + 3046388747372
30/01/2017 10:23:15.458  - Info - OUVINTE SIGNALR CLIENTE B - MSG:30-23-2017 10:23:15 445 - ONLY OTHER GROUP
30/01/2017 10:23:15.947  - Info - OUVINTE SIGNALR CLIENTE A - MSG:d3b120d5-c875-4baf-baa9-acb689b07c7a + 3046389723101
30/01/2017 10:23:15.973  - Info - OUVINTE SIGNALR CLIENTE B - MSG:30-23-2017 10:23:15 947 - ONLY OTHER GROUP
30/01/2017 10:23:16.451  - Info - OUVINTE SIGNALR CLIENTE A - MSG:00cdf00b-8314-4ee2-9006-23d9b0d0fb2d + 3046390698816
30/01/2017 10:23:16.458  - Info - OUVINTE SIGNALR CLIENTE B - MSG:30-23-2017 10:23:16 448 - ONLY OTHER GROUP
30/01/2017 10:23:16.948  - Info - OUVINTE SIGNALR CLIENTE A - MSG:51f5e3d8-8e21-4c36-b8a4-59752aa7eebc + 3046391674635
30/01/2017 10:23:16.967  - Info - OUVINTE SIGNALR CLIENTE B - MSG:30-23-2017 10:23:16 948 - ONLY OTHER GROUP
30/01/2017 10:23:17.448  - Info - OUVINTE SIGNALR CLIENTE A - MSG:0bf078b1-4578-400c-b79c-ff4d40a7e8df + 3046392650493
30/01/2017 10:23:17.461  - Info - OUVINTE SIGNALR CLIENTE B - MSG:30-23-2017 10:23:17 448 - ONLY OTHER GROUP
30/01/2017 10:23:17.949  - Info - OUVINTE SIGNALR CLIENTE A - MSG:1d34a91a-5689-439b-b598-d58b5a9846e6 + 3046393626378
30/01/2017 10:23:17.965  - Info - OUVINTE SIGNALR CLIENTE B - MSG:30-23-2017 10:23:17 949 - ONLY OTHER GROUP
30/01/2017 10:23:18.450  - Info - OUVINTE SIGNALR CLIENTE A - MSG:3efc978b-7ecc-48fc-abcb-7751ddc72cde + 3046394601850
30/01/2017 10:23:18.465  - Info - OUVINTE SIGNALR CLIENTE B - MSG:30-23-2017 10:23:18 450 - ONLY OTHER GROUP
30/01/2017 10:23:18.951  - Info - OUVINTE SIGNALR CLIENTE A - MSG:48fdc2c2-ee34-419f-8c6c-42aba0fcf97e + 3046395578538
30/01/2017 10:23:18.971  - Info - OUVINTE SIGNALR CLIENTE B - MSG:30-23-2017 10:23:18 950 - ONLY OTHER GROUP
30/01/2017 10:23:19.452  - Info - OUVINTE SIGNALR CLIENTE A - MSG:1f28027b-0644-417d-9c32-13e217486c1e + 3046396554426
30/01/2017 10:23:19.472  - Info - OUVINTE SIGNALR CLIENTE B - MSG:30-23-2017 10:23:19 452 - ONLY OTHER GROUP
30/01/2017 10:23:19.956  - Info - OUVINTE SIGNALR CLIENTE A - MSG:a33d1318-222d-43c4-a354-6cb0e8dd9729 + 3046397530843
30/01/2017 10:23:19.963  - Info - OUVINTE SIGNALR CLIENTE B - MSG:30-23-2017 10:23:19 955 - ONLY OTHER GROUP
30/01/2017 10:23:20.460  - Info - OUVINTE SIGNALR CLIENTE A - MSG:26f2a02d-91ff-4894-a926-8ff7730eb018 + 3046398508238
30/01/2017 10:23:20.491  - Info - OUVINTE SIGNALR CLIENTE B - MSG:30-23-2017 10:23:20 455 - ONLY OTHER GROUP
30/01/2017 10:23:20.955  - Info - OUVINTE SIGNALR CLIENTE A - MSG:284795f5-56e9-4033-bdda-449254e08fb4 + 3046399483237
30/01/2017 10:23:20.963  - Info - OUVINTE SIGNALR CLIENTE B - MSG:30-23-2017 10:23:20 953 - ONLY OTHER GROUP
30/01/2017 10:23:21.459  - Info - OUVINTE SIGNALR CLIENTE A - MSG:41994654-2158-4f9b-b3a0-7e9527617684 + 3046400458640
30/01/2017 10:23:21.495  - Info - OUVINTE SIGNALR CLIENTE B - MSG:30-23-2017 10:23:21 455 - ONLY OTHER GROUP
30/01/2017 10:23:21.959  - Info - OUVINTE SIGNALR CLIENTE A - MSG:5bd16859-365b-4a38-83c3-7b6cf492229c + 3046401435158
30/01/2017 10:23:21.970  - Info - OUVINTE SIGNALR CLIENTE B - MSG:30-23-2017 10:23:21 956 - ONLY OTHER GROUP
