30/01/2017 09:55:26.684  - Info - Iniciando Log
30/01/2017 09:55:26.689  - Info - ****OUVINTE HUB GATEWAY - CLIENTE A*****
30/01/2017 09:55:26.799  - Info - ****OUVINTE HUB GATEWAY - CLIENTE B*****
30/01/2017 09:55:26.920  - Info - OUVINTE SIGNALR CLIENTE A - MSG:08182ce1-1d9e-4523-b2b5-001ea4edd7e7 + 3043137069674
30/01/2017 09:55:26.955  - Info - OUVINTE SIGNALR CLIENTE A - MSG:30-55-2017 09:55:26 833- Somente para o cliente B
30/01/2017 09:55:28.663  - Info - OUVINTE SIGNALR CLIENTE A - MSG:bdab2cd7-2f54-44e0-a9a3-f5cb4499905a + 3043140935310
30/01/2017 09:55:29.038  - Info - OUVINTE SIGNALR CLIENTE A - MSG:30-55-2017 09:55:28 663- Somente para o cliente B
30/01/2017 09:55:30.675  - Info - OUVINTE SIGNALR CLIENTE A - MSG:f717bd64-e465-4b4f-8adf-ff167db8bfa8 + 3043144835057
30/01/2017 09:55:30.714  - Info - OUVINTE SIGNALR CLIENTE A - MSG:30-55-2017 09:55:30 673- Somente para o cliente B
30/01/2017 09:55:32.664  - Info - OUVINTE SIGNALR CLIENTE A - MSG:2e373fef-c8aa-4805-9996-2e41e1ff39f8 + 3043148733304
30/01/2017 09:55:32.676  - Info - OUVINTE SIGNALR CLIENTE A - MSG:30-55-2017 09:55:32 664- Somente para o cliente B
30/01/2017 09:55:34.666  - Info - OUVINTE SIGNALR CLIENTE A - MSG:a1d1db66-b6c0-4151-9466-463c11c38d8e + 3043152631433
30/01/2017 09:55:34.679  - Info - OUVINTE SIGNALR CLIENTE A - MSG:30-55-2017 09:55:34 665- Somente para o cliente B
30/01/2017 09:55:36.667  - Info - OUVINTE SIGNALR CLIENTE A - MSG:ad14c507-1a99-4ac3-a38a-232f0e914f55 + 3043156530727
30/01/2017 09:55:36.671  - Info - OUVINTE SIGNALR CLIENTE A - MSG:30-55-2017 09:55:36 666- Somente para o cliente B
30/01/2017 09:55:38.668  - Info - OUVINTE SIGNALR CLIENTE A - MSG:83aee1d8-cb21-4a3d-8166-642c5e4730cd + 3043160428549
30/01/2017 09:55:38.673  - Info - OUVINTE SIGNALR CLIENTE A - MSG:30-55-2017 09:55:38 667- Somente para o cliente B
30/01/2017 09:55:40.668  - Info - OUVINTE SIGNALR CLIENTE A - MSG:62dc7671-1cd9-4818-9c87-751c768d9435 + 3043164326138
30/01/2017 09:55:40.674  - Info - OUVINTE SIGNALR CLIENTE A - MSG:30-55-2017 09:55:40 668- Somente para o cliente B
30/01/2017 09:55:42.670  - Info - OUVINTE SIGNALR CLIENTE A - MSG:06e176fd-542c-412f-94a4-4859dbb270e8 + 3043168224687
30/01/2017 09:55:42.683  - Info - OUVINTE SIGNALR CLIENTE A - MSG:30-55-2017 09:55:42 669- Somente para o cliente B
30/01/2017 09:55:44.670  - Info - OUVINTE SIGNALR CLIENTE A - MSG:7d5b43b9-33e7-467e-907d-c7bbe33a74c6 + 3043172123491
30/01/2017 09:55:44.682  - Info - OUVINTE SIGNALR CLIENTE A - MSG:30-55-2017 09:55:44 669- Somente para o cliente B
30/01/2017 09:55:46.678  - Info - OUVINTE SIGNALR CLIENTE A - MSG:425ea564-cb16-4d6a-a8cf-bbc41b53b9ad + 3043176024134
30/01/2017 09:55:46.708  - Info - OUVINTE SIGNALR CLIENTE A - MSG:30-55-2017 09:55:46 672- Somente para o cliente B
30/01/2017 09:55:48.673  - Info - OUVINTE SIGNALR CLIENTE A - MSG:3887e0c4-37ee-4bab-8373-760e847f8c2e + 3043179922967
30/01/2017 09:55:48.677  - Info - OUVINTE SIGNALR CLIENTE A - MSG:30-55-2017 09:55:48 672- Somente para o cliente B
30/01/2017 09:55:50.685  - Info - OUVINTE SIGNALR CLIENTE A - MSG:248071d4-b86f-4847-a658-b583332d6e7e + 3043183829141
30/01/2017 09:55:50.691  - Info - OUVINTE SIGNALR CLIENTE A - MSG:30-55-2017 09:55:50 677- Somente para o cliente B
30/01/2017 09:55:52.678  - Info - OUVINTE SIGNALR CLIENTE A - MSG:de42c8d6-2e01-4d50-b5ec-430617d89b24 + 3043187727150
30/01/2017 09:55:52.695  - Info - OUVINTE SIGNALR CLIENTE A - MSG:30-55-2017 09:55:52 677- Somente para o cliente B
30/01/2017 09:55:54.683  - Info - OUVINTE SIGNALR CLIENTE A - MSG:96f45354-ad8b-4ded-a135-8b4a7ec148e6 + 3043191626330
30/01/2017 09:55:54.691  - Info - OUVINTE SIGNALR CLIENTE A - MSG:30-55-2017 09:55:54 678- Somente para o cliente B
30/01/2017 09:55:56.681  - Info - OUVINTE SIGNALR CLIENTE A - MSG:dd635105-f8da-470d-a95c-0d77edeb6757 + 3043195525254
30/01/2017 09:55:56.688  - Info - OUVINTE SIGNALR CLIENTE A - MSG:30-55-2017 09:55:56 679- Somente para o cliente B
30/01/2017 09:55:58.682  - Info - OUVINTE SIGNALR CLIENTE A - MSG:e4548824-639a-4d85-acb1-879f2001b509 + 3043199425604
30/01/2017 09:55:58.687  - Info - OUVINTE SIGNALR CLIENTE A - MSG:30-55-2017 09:55:58 681- Somente para o cliente B
30/01/2017 09:56:00.683  - Info - OUVINTE SIGNALR CLIENTE A - MSG:71430e39-e337-4fc7-81e4-1bb9b0e7adce + 3043203324768
30/01/2017 09:56:00.688  - Info - OUVINTE SIGNALR CLIENTE A - MSG:30-56-2017 09:56:00 682- Somente para o cliente B
30/01/2017 09:56:02.700  - Info - OUVINTE SIGNALR CLIENTE A - MSG:25bf61a1-ca55-46c5-bfaf-e445c4027014 + 3043207239365
30/01/2017 09:56:02.729  - Info - OUVINTE SIGNALR CLIENTE A - MSG:30-56-2017 09:56:02 691- Somente para o cliente B
30/01/2017 09:56:04.698  - Info - OUVINTE SIGNALR CLIENTE A - MSG:0efdf158-8b99-4e61-806d-53f1b3906e4d + 3043211139149
30/01/2017 09:56:04.706  - Info - OUVINTE SIGNALR CLIENTE A - MSG:30-56-2017 09:56:04 693- Somente para o cliente B
30/01/2017 09:56:06.699  - Info - OUVINTE SIGNALR CLIENTE A - MSG:762721fe-da04-4cd8-bb08-a0af661434da + 3043215045853
30/01/2017 09:56:06.708  - Info - OUVINTE SIGNALR CLIENTE A - MSG:30-56-2017 09:56:06 698- Somente para o cliente B
30/01/2017 09:56:08.698  - Info - OUVINTE SIGNALR CLIENTE A - MSG:cb90af3d-c145-43d5-92d2-fbce984f58fe + 3043218944171
30/01/2017 09:56:08.705  - Info - OUVINTE SIGNALR CLIENTE A - MSG:30-56-2017 09:56:08 698- Somente para o cliente B
30/01/2017 09:56:10.700  - Info - OUVINTE SIGNALR CLIENTE A - MSG:c53f7d3e-8154-4b5e-a331-2dc3cb7fd8c8 + 3043222842078
30/01/2017 09:56:10.705  - Info - OUVINTE SIGNALR CLIENTE A - MSG:30-56-2017 09:56:10 699- Somente para o cliente B
30/01/2017 09:56:12.705  - Info - OUVINTE SIGNALR CLIENTE A - MSG:8f47ca36-f487-4e6a-a858-89575e2827db + 3043226741242
30/01/2017 09:56:12.710  - Info - OUVINTE SIGNALR CLIENTE A - MSG:30-56-2017 09:56:12 700- Somente para o cliente B
30/01/2017 09:56:14.702  - Info - OUVINTE SIGNALR CLIENTE A - MSG:66bf757f-605b-475f-9594-889b52748b1d + 3043230639863
30/01/2017 09:56:14.719  - Info - OUVINTE SIGNALR CLIENTE A - MSG:30-56-2017 09:56:14 703- Somente para o cliente B
30/01/2017 09:56:16.703  - Info - OUVINTE SIGNALR CLIENTE A - MSG:3c838600-26b1-4be4-b454-16500e25f072 + 3043234539196
30/01/2017 09:56:16.716  - Info - OUVINTE SIGNALR CLIENTE A - MSG:30-56-2017 09:56:16 705- Somente para o cliente B
30/01/2017 09:56:18.717  - Info - OUVINTE SIGNALR CLIENTE A - MSG:c7923173-fbb0-4926-8276-aba443655aec + 3043238443586
30/01/2017 09:56:18.776  - Info - OUVINTE SIGNALR CLIENTE A - MSG:30-56-2017 09:56:18 719- Somente para o cliente B
30/01/2017 09:56:20.708  - Info - OUVINTE SIGNALR CLIENTE A - MSG:789f2e62-2927-43ac-be55-7f8bf40ced4e + 3043242343338
30/01/2017 09:56:20.722  - Info - OUVINTE SIGNALR CLIENTE A - MSG:30-56-2017 09:56:20 707- Somente para o cliente B
30/01/2017 09:56:22.711  - Info - OUVINTE SIGNALR CLIENTE A - MSG:d7ea4fdd-c8ce-4b82-b083-f8c23c037d95 + 3043246242197
30/01/2017 09:56:22.717  - Info - OUVINTE SIGNALR CLIENTE A - MSG:30-56-2017 09:56:22 709- Somente para o cliente B
30/01/2017 09:56:24.710  - Info - OUVINTE SIGNALR CLIENTE A - MSG:52b728cd-c475-4b15-95b0-c7c9f8beb696 + 3043250140127
30/01/2017 09:56:24.717  - Info - OUVINTE SIGNALR CLIENTE A - MSG:30-56-2017 09:56:24 709- Somente para o cliente B
30/01/2017 09:56:26.713  - Info - OUVINTE SIGNALR CLIENTE A - MSG:25462362-91f1-4762-aaba-82a8e33aa784 + 3043254039069
30/01/2017 09:56:26.722  - Info - OUVINTE SIGNALR CLIENTE A - MSG:30-56-2017 09:56:26 710- Somente para o cliente B
30/01/2017 09:56:28.729  - Info - OUVINTE SIGNALR CLIENTE A - MSG:88dcf75a-d317-4867-a9d9-ddf00d950a90 + 3043257936965
30/01/2017 09:56:28.737  - Info - OUVINTE SIGNALR CLIENTE A - MSG:30-56-2017 09:56:28 711- Somente para o cliente B
30/01/2017 09:56:30.725  - Info - OUVINTE SIGNALR CLIENTE A - MSG:0fe332d7-bf6d-431d-869f-7a1b3ce39e22 + 3043261858326
30/01/2017 09:56:30.735  - Info - OUVINTE SIGNALR CLIENTE A - MSG:30-56-2017 09:56:30 724- Somente para o cliente B
30/01/2017 09:56:32.727  - Info - OUVINTE SIGNALR CLIENTE A - MSG:fa9eda5c-7471-4df6-bafb-540f1de7c0dc + 3043265757612
30/01/2017 09:56:32.746  - Info - OUVINTE SIGNALR CLIENTE A - MSG:30-56-2017 09:56:32 725- Somente para o cliente B
30/01/2017 09:56:34.728  - Info - OUVINTE SIGNALR CLIENTE A - MSG:1a8db4f8-186a-4592-a187-53d6763c1402 + 3043269656113
30/01/2017 09:56:34.738  - Info - OUVINTE SIGNALR CLIENTE A - MSG:30-56-2017 09:56:34 726- Somente para o cliente B
