30/01/2017 10:19:20.215  - Info - Iniciando Log
30/01/2017 10:19:20.228  - Info - ****OUVINTE HUB GATEWAY - CLIENTE A*****
30/01/2017 10:19:20.246  - Info - ****OUVINTE HUB GATEWAY - CLIENTE B*****
30/01/2017 10:19:20.546  - Info - OUVINTE SIGNALR CLIENTE A - MSG:1784e766-43ca-497d-9934-4e47a3073f67 + 3045930546837
30/01/2017 10:19:20.566  - Info - OUVINTE SIGNALR CLIENTE B - MSG:30-19-2017 10:19:20 316 - ONLY OTHER GROUP
30/01/2017 10:19:20.577  - Info - OUVINTE SIGNALR CLIENTE A - MSG:d5223a88-c8ef-441b-b993-19a7eecafffb + 3045931026787
30/01/2017 10:19:20.581  - Info - OUVINTE SIGNALR CLIENTE B - MSG:30-19-2017 10:19:20 549 - ONLY OTHER GROUP
30/01/2017 10:19:22.544  - Info - OUVINTE SIGNALR CLIENTE A - MSG:b6584a68-9569-42d8-9a00-70d748b51beb + 3045934921488
30/01/2017 10:19:22.548  - Info - OUVINTE SIGNALR CLIENTE B - MSG:30-19-2017 10:19:22 543 - ONLY OTHER GROUP
30/01/2017 10:19:24.545  - Info - OUVINTE SIGNALR CLIENTE A - MSG:6918d3a5-6463-4ca2-b9cd-a17b8e2d8941 + 3045938823619
30/01/2017 10:19:24.551  - Info - OUVINTE SIGNALR CLIENTE B - MSG:30-19-2017 10:19:24 545 - ONLY OTHER GROUP
30/01/2017 10:19:26.546  - Info - OUVINTE SIGNALR CLIENTE A - MSG:33f1f6c7-1f7e-4165-83d0-9c2552631970 + 3045942718712
30/01/2017 10:19:26.559  - Info - OUVINTE SIGNALR CLIENTE B - MSG:30-19-2017 10:19:26 546 - ONLY OTHER GROUP
30/01/2017 10:19:28.547  - Info - OUVINTE SIGNALR CLIENTE A - MSG:a7f63447-2d1a-48d9-aaef-3d27d66a8d0d + 3045946616684
30/01/2017 10:19:28.568  - Info - OUVINTE SIGNALR CLIENTE B - MSG:30-19-2017 10:19:28 545 - ONLY OTHER GROUP
30/01/2017 10:19:30.547  - Info - OUVINTE SIGNALR CLIENTE A - MSG:71dfc59c-8a6c-4e7c-9d12-bc1a8ae03cdf + 3045950516100
30/01/2017 10:19:30.578  - Info - OUVINTE SIGNALR CLIENTE B - MSG:30-19-2017 10:19:30 546 - ONLY OTHER GROUP
30/01/2017 10:19:32.547  - Info - OUVINTE SIGNALR CLIENTE A - MSG:01e25d28-516a-4757-a5d2-9f883fe5948a + 3045954414912
30/01/2017 10:19:32.557  - Info - OUVINTE SIGNALR CLIENTE B - MSG:30-19-2017 10:19:32 547 - ONLY OTHER GROUP
30/01/2017 10:19:34.550  - Info - OUVINTE SIGNALR CLIENTE A - MSG:ab98c7d7-9707-4a6b-a07a-ef7a76acef14 + 3045958318211
30/01/2017 10:19:34.574  - Info - OUVINTE SIGNALR CLIENTE B - MSG:30-19-2017 10:19:34 549 - ONLY OTHER GROUP
30/01/2017 10:19:36.556  - Info - OUVINTE SIGNALR CLIENTE A - MSG:8a1f3982-6c6d-44c5-9639-b710ceb2611e + 3045962217322
30/01/2017 10:19:36.568  - Info - OUVINTE SIGNALR CLIENTE B - MSG:30-19-2017 10:19:36 550 - ONLY OTHER GROUP
30/01/2017 10:19:38.555  - Info - OUVINTE SIGNALR CLIENTE A - MSG:a9e5e2dd-8853-43c8-8387-6e4aac35ea05 + 3045966116502
30/01/2017 10:19:38.564  - Info - OUVINTE SIGNALR CLIENTE B - MSG:30-19-2017 10:19:38 552 - ONLY OTHER GROUP
30/01/2017 10:19:40.554  - Info - OUVINTE SIGNALR CLIENTE A - MSG:bee7305f-f7ed-43ab-9236-559a39976d67 + 3045970015768
30/01/2017 10:19:40.560  - Info - OUVINTE SIGNALR CLIENTE B - MSG:30-19-2017 10:19:40 554 - ONLY OTHER GROUP
30/01/2017 10:19:42.556  - Info - OUVINTE SIGNALR CLIENTE A - MSG:46ee9786-eeba-44d4-bb1a-d03741326d57 + 3045973915017
30/01/2017 10:19:42.561  - Info - OUVINTE SIGNALR CLIENTE B - MSG:30-19-2017 10:19:42 555 - ONLY OTHER GROUP
30/01/2017 10:19:44.555  - Info - OUVINTE SIGNALR CLIENTE A - MSG:6141e13a-b175-47fc-94f3-5b2743585976 + 3045977812611
30/01/2017 10:19:44.594  - Info - OUVINTE SIGNALR CLIENTE B - MSG:30-19-2017 10:19:44 555 - ONLY OTHER GROUP
30/01/2017 10:19:46.555  - Info - OUVINTE SIGNALR CLIENTE A - MSG:e2f3ff44-b5f8-49be-9725-8fa677cb36d6 + 3045981710478
30/01/2017 10:19:46.564  - Info - OUVINTE SIGNALR CLIENTE B - MSG:30-19-2017 10:19:46 555 - ONLY OTHER GROUP
30/01/2017 10:19:48.556  - Info - OUVINTE SIGNALR CLIENTE A - MSG:d78e02ac-b0fe-4252-bc7e-10d8cb70b34f + 3045985609678
30/01/2017 10:19:48.562  - Info - OUVINTE SIGNALR CLIENTE B - MSG:30-19-2017 10:19:48 556 - ONLY OTHER GROUP
30/01/2017 10:19:50.559  - Info - OUVINTE SIGNALR CLIENTE A - MSG:494981e2-145e-4dad-91a8-be1b570676ca + 3045989508908
30/01/2017 10:19:50.568  - Info - OUVINTE SIGNALR CLIENTE B - MSG:30-19-2017 10:19:50 557 - ONLY OTHER GROUP
30/01/2017 10:19:52.558  - Info - OUVINTE SIGNALR CLIENTE A - MSG:bacf4873-cd60-4e10-a03e-289fe3eb33a0 + 3045993407934
30/01/2017 10:19:52.567  - Info - OUVINTE SIGNALR CLIENTE B - MSG:30-19-2017 10:19:52 558 - ONLY OTHER GROUP
30/01/2017 10:19:54.560  - Info - OUVINTE SIGNALR CLIENTE A - MSG:b9486016-b497-4b89-a208-c1349ebd8353 + 3045997307414
30/01/2017 10:19:54.568  - Info - OUVINTE SIGNALR CLIENTE B - MSG:30-19-2017 10:19:54 560 - ONLY OTHER GROUP
30/01/2017 10:19:56.561  - Info - OUVINTE SIGNALR CLIENTE A - MSG:5b2712a4-fce6-4d79-af39-8fa5d2d7589a + 3046001206565
30/01/2017 10:19:56.577  - Info - OUVINTE SIGNALR CLIENTE B - MSG:30-19-2017 10:19:56 561 - ONLY OTHER GROUP
30/01/2017 10:19:58.562  - Info - OUVINTE SIGNALR CLIENTE A - MSG:cefc1097-ccd6-46f4-8fe0-7df9831380ba + 3046005105755
30/01/2017 10:19:58.567  - Info - OUVINTE SIGNALR CLIENTE B - MSG:30-19-2017 10:19:58 562 - ONLY OTHER GROUP
30/01/2017 10:20:00.562  - Info - OUVINTE SIGNALR CLIENTE A - MSG:439319ec-70fa-4c95-8428-f8181533e496 + 3046009003409
30/01/2017 10:20:00.566  - Info - OUVINTE SIGNALR CLIENTE B - MSG:30-20-2017 10:20:00 561 - ONLY OTHER GROUP
30/01/2017 10:20:02.563  - Info - OUVINTE SIGNALR CLIENTE A - MSG:3054e187-35ef-44e4-bfba-fc21056cbafe + 3046012902209
30/01/2017 10:20:02.581  - Info - OUVINTE SIGNALR CLIENTE B - MSG:30-20-2017 10:20:02 562 - ONLY OTHER GROUP
30/01/2017 10:20:04.564  - Info - OUVINTE SIGNALR CLIENTE A - MSG:02ebbba7-759c-485b-8256-f2bb1cc7bfb8 + 3046016801172
30/01/2017 10:20:04.573  - Info - OUVINTE SIGNALR CLIENTE B - MSG:30-20-2017 10:20:04 564 - ONLY OTHER GROUP
30/01/2017 10:20:06.566  - Info - OUVINTE SIGNALR CLIENTE A - MSG:12ebfc7a-e662-4f0c-8ded-e68d51625e92 + 3046020700521
30/01/2017 10:20:06.576  - Info - OUVINTE SIGNALR CLIENTE B - MSG:30-20-2017 10:20:06 565 - ONLY OTHER GROUP
30/01/2017 10:20:08.571  - Info - OUVINTE SIGNALR CLIENTE A - MSG:6649454e-1ab7-475c-87c4-2547979a6dd8 + 3046024599589
30/01/2017 10:20:08.591  - Info - OUVINTE SIGNALR CLIENTE B - MSG:30-20-2017 10:20:08 575 - ONLY OTHER GROUP
30/01/2017 10:20:10.567  - Info - OUVINTE SIGNALR CLIENTE A - MSG:fa5ba6a4-7e82-469b-b7b4-7217a46da886 + 3046028498679
30/01/2017 10:20:10.577  - Info - OUVINTE SIGNALR CLIENTE B - MSG:30-20-2017 10:20:10 567 - ONLY OTHER GROUP
30/01/2017 10:20:12.573  - Info - OUVINTE SIGNALR CLIENTE A - MSG:3df09e61-c6e1-4083-9bd6-eb1aabde5994 + 3046032401981
