30/01/2017 10:25:01.422  - Info - Iniciando Log
30/01/2017 10:25:01.427  - Info - ****OUVINTE HUB GATEWAY - CLIENTE A*****
30/01/2017 10:25:01.434  - Info - ****OUVINTE HUB GATEWAY - CLIENTE B*****
30/01/2017 10:25:01.670  - Info - OUVINTE SIGNALR CLIENTE A - MSG:6e08be8c-f351-41f1-86ed-64a495bf222a + 3046595646067
30/01/2017 10:25:01.684  - Info - OUVINTE SIGNALR CLIENTE B - MSG:30-25-2017 10:25:01 633 - ONLY OTHER GROUP
30/01/2017 10:25:03.622  - Info - OUVINTE SIGNALR CLIENTE A - MSG:490bb848-12e5-450a-b0ee-a456cdc9db75 + 3046599544515
30/01/2017 10:25:03.680  - Info - OUVINTE SIGNALR CLIENTE B - MSG:30-25-2017 10:25:03 621 - ONLY OTHER GROUP
30/01/2017 10:25:05.622  - Info - OUVINTE SIGNALR CLIENTE A - MSG:008eeab6-f258-4488-8abd-326ebb1e7fba + 3046603442895
30/01/2017 10:25:05.627  - Info - OUVINTE SIGNALR CLIENTE B - MSG:30-25-2017 10:25:05 621 - ONLY OTHER GROUP
30/01/2017 10:25:07.623  - Info - OUVINTE SIGNALR CLIENTE A - MSG:cc810ec6-b082-47ab-bc81-b93f7fa1c343 + 3046607341084
30/01/2017 10:25:07.635  - Info - OUVINTE SIGNALR CLIENTE B - MSG:30-25-2017 10:25:07 622 - ONLY OTHER GROUP
30/01/2017 10:25:09.628  - Info - OUVINTE SIGNALR CLIENTE A - MSG:47f1230c-5502-47fa-bed2-4277f54e5a13 + 3046611248279
30/01/2017 10:25:09.643  - Info - OUVINTE SIGNALR CLIENTE B - MSG:30-25-2017 10:25:09 627 - ONLY OTHER GROUP
30/01/2017 10:25:11.625  - Info - OUVINTE SIGNALR CLIENTE A - MSG:fd4a1f2b-d4b9-4bf4-9220-1e1bdde8039e + 3046615137718
30/01/2017 10:25:11.638  - Info - OUVINTE SIGNALR CLIENTE B - MSG:30-25-2017 10:25:11 629 - ONLY OTHER GROUP
30/01/2017 10:25:13.625  - Info - OUVINTE SIGNALR CLIENTE A - MSG:61d193af-9da1-4995-87d2-bdac730b59dc + 3046619036527
30/01/2017 10:25:13.635  - Info - OUVINTE SIGNALR CLIENTE B - MSG:30-25-2017 10:25:13 624 - ONLY OTHER GROUP
30/01/2017 10:25:15.625  - Info - OUVINTE SIGNALR CLIENTE A - MSG:a5cb3a95-3450-49be-8dc8-e8811d12fdca + 3046622934398
30/01/2017 10:25:15.630  - Info - OUVINTE SIGNALR CLIENTE B - MSG:30-25-2017 10:25:15 624 - ONLY OTHER GROUP
30/01/2017 10:25:17.625  - Info - OUVINTE SIGNALR CLIENTE A - MSG:28bbff8d-97c4-4306-8a1c-5f52063e2b0a + 3046626832247
30/01/2017 10:25:17.629  - Info - OUVINTE SIGNALR CLIENTE B - MSG:30-25-2017 10:25:17 624 - ONLY OTHER GROUP
30/01/2017 10:25:19.628  - Info - OUVINTE SIGNALR CLIENTE A - MSG:ae31557b-affc-4032-9594-fa83d7d3b4e1 + 3046630731454
30/01/2017 10:25:19.662  - Info - OUVINTE SIGNALR CLIENTE B - MSG:30-25-2017 10:25:19 626 - ONLY OTHER GROUP
30/01/2017 10:25:21.628  - Info - OUVINTE SIGNALR CLIENTE A - MSG:b3d396b7-f0dc-4a30-9bc6-1162e2c235dc + 3046634630517
30/01/2017 10:25:21.633  - Info - OUVINTE SIGNALR CLIENTE B - MSG:30-25-2017 10:25:21 627 - ONLY OTHER GROUP
30/01/2017 10:25:23.628  - Info - OUVINTE SIGNALR CLIENTE A - MSG:9e006d43-ddba-484d-8594-a1b56a73b3b4 + 3046638529827
30/01/2017 10:25:23.635  - Info - OUVINTE SIGNALR CLIENTE B - MSG:30-25-2017 10:25:23 628 - ONLY OTHER GROUP
30/01/2017 10:25:25.629  - Info - OUVINTE SIGNALR CLIENTE A - MSG:712d8e12-497e-4951-a843-3231d0d08d3a + 3046642428981
30/01/2017 10:25:25.634  - Info - OUVINTE SIGNALR CLIENTE B - MSG:30-25-2017 10:25:25 628 - ONLY OTHER GROUP
30/01/2017 10:25:27.629  - Info - OUVINTE SIGNALR CLIENTE A - MSG:addbb411-a0b7-4498-8264-52d46624bcaf + 3046646326506
30/01/2017 10:25:27.637  - Info - OUVINTE SIGNALR CLIENTE B - MSG:30-25-2017 10:25:27 628 - ONLY OTHER GROUP
30/01/2017 10:25:29.630  - Info - OUVINTE SIGNALR CLIENTE A - MSG:d2b2b81e-2c46-4086-b8f2-335cd2cdf414 + 3046650225964
30/01/2017 10:25:29.636  - Info - OUVINTE SIGNALR CLIENTE B - MSG:30-25-2017 10:25:29 629 - ONLY OTHER GROUP
30/01/2017 10:25:31.632  - Info - OUVINTE SIGNALR CLIENTE A - MSG:68be2bbc-9b9e-4962-92d1-be16e9c4bb67 + 3046654126631
30/01/2017 10:25:31.638  - Info - OUVINTE SIGNALR CLIENTE B - MSG:30-25-2017 10:25:31 632 - ONLY OTHER GROUP
30/01/2017 10:25:33.633  - Info - OUVINTE SIGNALR CLIENTE A - MSG:e77be098-c122-4e09-8dd7-ed96db15a117 + 3046658025597
30/01/2017 10:25:33.639  - Info - OUVINTE SIGNALR CLIENTE B - MSG:30-25-2017 10:25:33 632 - ONLY OTHER GROUP
30/01/2017 10:25:35.634  - Info - OUVINTE SIGNALR CLIENTE A - MSG:831f1161-df42-4b2c-b777-406e132cbe03 + 3046661924007
30/01/2017 10:25:35.639  - Info - OUVINTE SIGNALR CLIENTE B - MSG:30-25-2017 10:25:35 635 - ONLY OTHER GROUP
30/01/2017 10:25:37.635  - Info - OUVINTE SIGNALR CLIENTE A - MSG:1916fc19-cf98-4775-8ddd-2d5909e98ca9 + 3046665821792
30/01/2017 10:25:37.640  - Info - OUVINTE SIGNALR CLIENTE B - MSG:30-25-2017 10:25:37 635 - ONLY OTHER GROUP
30/01/2017 10:25:39.635  - Info - OUVINTE SIGNALR CLIENTE A - MSG:cf89d0d1-b50c-4f01-8260-8a24bdca847f + 3046669720932
30/01/2017 10:25:39.640  - Info - OUVINTE SIGNALR CLIENTE B - MSG:30-25-2017 10:25:39 635 - ONLY OTHER GROUP
30/01/2017 10:25:41.635  - Info - OUVINTE SIGNALR CLIENTE A - MSG:3cc17ac7-26f9-4221-8af7-1dedc5c5954a + 3046673619526
30/01/2017 10:25:41.640  - Info - OUVINTE SIGNALR CLIENTE B - MSG:30-25-2017 10:25:41 635 - ONLY OTHER GROUP
30/01/2017 10:25:43.636  - Info - OUVINTE SIGNALR CLIENTE A - MSG:a6a16db6-37ac-4388-b23e-7eea56dd752b + 3046677517081
30/01/2017 10:25:43.642  - Info - OUVINTE SIGNALR CLIENTE B - MSG:30-25-2017 10:25:43 635 - ONLY OTHER GROUP
30/01/2017 10:25:45.636  - Info - OUVINTE SIGNALR CLIENTE A - MSG:f07e4aef-19db-47d8-9fa3-612197fb4b87 + 3046681416400
30/01/2017 10:25:45.644  - Info - OUVINTE SIGNALR CLIENTE B - MSG:30-25-2017 10:25:45 636 - ONLY OTHER GROUP
30/01/2017 10:25:47.640  - Info - OUVINTE SIGNALR CLIENTE A - MSG:63ca7b29-43b8-4bf0-ae2f-61e07b4adeb3 + 3046685320187
30/01/2017 10:25:47.662  - Info - OUVINTE SIGNALR CLIENTE B - MSG:30-25-2017 10:25:47 640 - ONLY OTHER GROUP
30/01/2017 10:25:49.642  - Info - OUVINTE SIGNALR CLIENTE A - MSG:335fdbd9-b00b-4df7-85bc-87ed695174ba + 3046689220614
30/01/2017 10:25:49.647  - Info - OUVINTE SIGNALR CLIENTE B - MSG:30-25-2017 10:25:49 641 - ONLY OTHER GROUP
30/01/2017 10:25:51.642  - Info - OUVINTE SIGNALR CLIENTE A - MSG:e074553d-e8ee-472f-badd-c162f722883e + 3046693119120
30/01/2017 10:25:51.647  - Info - OUVINTE SIGNALR CLIENTE B - MSG:30-25-2017 10:25:51 641 - ONLY OTHER GROUP
30/01/2017 10:25:53.645  - Info - OUVINTE SIGNALR CLIENTE A - MSG:ac102372-22dc-4b1e-afa7-505f44e28521 + 3046697017666
30/01/2017 10:25:53.652  - Info - OUVINTE SIGNALR CLIENTE B - MSG:30-25-2017 10:25:53 642 - ONLY OTHER GROUP
30/01/2017 10:25:55.645  - Info - OUVINTE SIGNALR CLIENTE A - MSG:83cc54d1-4e7d-40b4-bd7d-611927a842c3 + 3046700917427
30/01/2017 10:25:55.654  - Info - OUVINTE SIGNALR CLIENTE B - MSG:30-25-2017 10:25:55 644 - ONLY OTHER GROUP
30/01/2017 10:25:57.646  - Info - OUVINTE SIGNALR CLIENTE A - MSG:a6249114-4682-4a30-94fa-09944061f879 + 3046704816068
30/01/2017 10:25:57.652  - Info - OUVINTE SIGNALR CLIENTE B - MSG:30-25-2017 10:25:57 645 - ONLY OTHER GROUP
30/01/2017 10:25:59.645  - Info - OUVINTE SIGNALR CLIENTE A - MSG:4beca837-19e1-4206-a241-76244ed88b48 + 3046708713653
30/01/2017 10:25:59.655  - Info - OUVINTE SIGNALR CLIENTE B - MSG:30-25-2017 10:25:59 644 - ONLY OTHER GROUP
30/01/2017 10:26:01.646  - Info - OUVINTE SIGNALR CLIENTE A - MSG:98997943-45a3-4798-aa86-c996b8f6b94a + 3046712611159
30/01/2017 10:26:01.651  - Info - OUVINTE SIGNALR CLIENTE B - MSG:30-26-2017 10:26:01 644 - ONLY OTHER GROUP
30/01/2017 10:26:03.646  - Info - OUVINTE SIGNALR CLIENTE A - MSG:d64001ad-4838-4db2-a794-af3cd72976eb + 3046716510492
30/01/2017 10:26:03.658  - Info - OUVINTE SIGNALR CLIENTE B - MSG:30-26-2017 10:26:03 647 - ONLY OTHER GROUP
30/01/2017 10:26:05.649  - Info - OUVINTE SIGNALR CLIENTE A - MSG:8e66a662-db13-4ff5-87f1-0828c376655d + 3046720411371
30/01/2017 10:26:05.654  - Info - OUVINTE SIGNALR CLIENTE B - MSG:30-26-2017 10:26:05 647 - ONLY OTHER GROUP
30/01/2017 10:26:07.650  - Info - OUVINTE SIGNALR CLIENTE A - MSG:51724b44-e852-49cf-b22e-8a3aba287a86 + 3046724309547
30/01/2017 10:26:07.660  - Info - OUVINTE SIGNALR CLIENTE B - MSG:30-26-2017 10:26:07 648 - ONLY OTHER GROUP
30/01/2017 10:26:09.649  - Info - OUVINTE SIGNALR CLIENTE A - MSG:5889b28a-2399-4930-a4a7-61b476c844cb + 3046728207474
30/01/2017 10:26:09.666  - Info - OUVINTE SIGNALR CLIENTE B - MSG:30-26-2017 10:26:09 648 - ONLY OTHER GROUP
30/01/2017 10:26:11.649  - Info - OUVINTE SIGNALR CLIENTE A - MSG:ef221bb8-89c4-475a-b221-0447f5578a6d + 3046732105009
30/01/2017 10:26:11.655  - Info - OUVINTE SIGNALR CLIENTE B - MSG:30-26-2017 10:26:11 648 - ONLY OTHER GROUP
30/01/2017 10:26:13.653  - Info - OUVINTE SIGNALR CLIENTE A - MSG:7cd01e29-7640-4457-8bde-6ee497fd9da4 + 3046736003795
30/01/2017 10:26:13.659  - Info - OUVINTE SIGNALR CLIENTE B - MSG:30-26-2017 10:26:13 650 - ONLY OTHER GROUP
30/01/2017 10:26:15.650  - Info - OUVINTE SIGNALR CLIENTE A - MSG:6a351980-e531-472a-baaf-bfc8b907e30f + 3046739901522
30/01/2017 10:26:15.656  - Info - OUVINTE SIGNALR CLIENTE B - MSG:30-26-2017 10:26:15 651 - ONLY OTHER GROUP
30/01/2017 10:26:17.657  - Info - OUVINTE SIGNALR CLIENTE A - MSG:315224ac-6f05-40cd-ad47-9cfebd32da1b + 3046743804020
30/01/2017 10:26:17.671  - Info - OUVINTE SIGNALR CLIENTE B - MSG:30-26-2017 10:26:17 655 - ONLY OTHER GROUP
30/01/2017 10:26:19.657  - Info - OUVINTE SIGNALR CLIENTE A - MSG:2db06c0a-7eab-4926-bd94-5710932ae717 + 3046747708465
30/01/2017 10:26:19.664  - Info - OUVINTE SIGNALR CLIENTE B - MSG:30-26-2017 10:26:19 655 - ONLY OTHER GROUP
30/01/2017 10:26:21.658  - Info - OUVINTE SIGNALR CLIENTE A - MSG:a2773d31-9fcb-4754-bcc5-bbbe8dfffc82 + 3046751607586
30/01/2017 10:26:21.665  - Info - OUVINTE SIGNALR CLIENTE B - MSG:30-26-2017 10:26:21 656 - ONLY OTHER GROUP
30/01/2017 10:26:23.658  - Info - OUVINTE SIGNALR CLIENTE A - MSG:8a337b78-c50f-412f-a45d-9e4297502ebc + 3046755506978
30/01/2017 10:26:23.665  - Info - OUVINTE SIGNALR CLIENTE B - MSG:30-26-2017 10:26:23 657 - ONLY OTHER GROUP
30/01/2017 10:26:25.659  - Info - OUVINTE SIGNALR CLIENTE A - MSG:120a0598-222c-4857-8194-f8c286d7fc4a + 3046759405913
30/01/2017 10:26:25.676  - Info - OUVINTE SIGNALR CLIENTE B - MSG:30-26-2017 10:26:25 661 - ONLY OTHER GROUP
30/01/2017 10:26:27.660  - Info - OUVINTE SIGNALR CLIENTE A - MSG:f38f969e-a4a2-402d-879c-e5dc9c0fa7e4 + 3046763304364
30/01/2017 10:26:27.666  - Info - OUVINTE SIGNALR CLIENTE B - MSG:30-26-2017 10:26:27 659 - ONLY OTHER GROUP
30/01/2017 10:26:29.663  - Info - OUVINTE SIGNALR CLIENTE A - MSG:574d2fb4-e665-4514-8eea-8aef496cb09b + 3046767202129
30/01/2017 10:26:29.680  - Info - OUVINTE SIGNALR CLIENTE B - MSG:30-26-2017 10:26:29 660 - ONLY OTHER GROUP
30/01/2017 10:26:31.661  - Info - OUVINTE SIGNALR CLIENTE A - MSG:13f167b6-255e-41b6-aaa5-fcae9790163a + 3046771100533
30/01/2017 10:26:31.668  - Info - OUVINTE SIGNALR CLIENTE B - MSG:30-26-2017 10:26:31 661 - ONLY OTHER GROUP
30/01/2017 10:26:33.664  - Info - OUVINTE SIGNALR CLIENTE A - MSG:b0e04339-48c5-4c58-b60a-55d2c947191a + 3046774999934
30/01/2017 10:26:33.670  - Info - OUVINTE SIGNALR CLIENTE B - MSG:30-26-2017 10:26:33 663 - ONLY OTHER GROUP
30/01/2017 10:26:35.666  - Info - OUVINTE SIGNALR CLIENTE A - MSG:c01e7002-28dd-4ee9-8a25-e276d108bdd9 + 3046778901020
30/01/2017 10:26:35.671  - Info - OUVINTE SIGNALR CLIENTE B - MSG:30-26-2017 10:26:35 664 - ONLY OTHER GROUP
30/01/2017 10:26:37.666  - Info - OUVINTE SIGNALR CLIENTE A - MSG:84bfea5b-99fe-4084-be4e-919a1a117983 + 3046782801259
30/01/2017 10:26:37.671  - Info - OUVINTE SIGNALR CLIENTE B - MSG:30-26-2017 10:26:37 665 - ONLY OTHER GROUP
30/01/2017 10:26:39.667  - Info - OUVINTE SIGNALR CLIENTE A - MSG:7af54fe3-5709-46bc-9ab5-f6dfe6498a23 + 3046786700733
30/01/2017 10:26:39.681  - Info - OUVINTE SIGNALR CLIENTE B - MSG:30-26-2017 10:26:39 666 - ONLY OTHER GROUP
30/01/2017 10:26:41.666  - Info - OUVINTE SIGNALR CLIENTE A - MSG:3639b233-1296-4e9d-b554-ce235566d903 + 3046790599043
30/01/2017 10:26:41.674  - Info - OUVINTE SIGNALR CLIENTE B - MSG:30-26-2017 10:26:41 667 - ONLY OTHER GROUP
30/01/2017 10:26:43.668  - Info - OUVINTE SIGNALR CLIENTE A - MSG:4907bd93-a66b-4b87-b38a-4dfd648ee179 + 3046794497455
30/01/2017 10:26:43.676  - Info - OUVINTE SIGNALR CLIENTE B - MSG:30-26-2017 10:26:43 667 - ONLY OTHER GROUP
30/01/2017 10:26:45.669  - Info - OUVINTE SIGNALR CLIENTE A - MSG:8678a002-1fae-4be9-9a97-58e616ab9405 + 3046798396587
30/01/2017 10:26:45.681  - Info - OUVINTE SIGNALR CLIENTE B - MSG:30-26-2017 10:26:45 668 - ONLY OTHER GROUP
30/01/2017 10:26:47.668  - Info - OUVINTE SIGNALR CLIENTE A - MSG:c6229aaa-cf22-43c7-bac8-23911ba3e37e + 3046802295224
30/01/2017 10:26:47.676  - Info - OUVINTE SIGNALR CLIENTE B - MSG:30-26-2017 10:26:47 668 - ONLY OTHER GROUP
30/01/2017 10:26:49.677  - Info - OUVINTE SIGNALR CLIENTE A - MSG:eb5009b0-f2c5-4905-b39d-d111d338df8e + 3046806193911
30/01/2017 10:26:49.686  - Info - OUVINTE SIGNALR CLIENTE B - MSG:30-26-2017 10:26:49 670 - ONLY OTHER GROUP
30/01/2017 10:26:51.673  - Info - OUVINTE SIGNALR CLIENTE A - MSG:f92e7c9c-0015-4c32-8f0f-9a113ee1e22d + 3046810096272
30/01/2017 10:26:51.681  - Info - OUVINTE SIGNALR CLIENTE B - MSG:30-26-2017 10:26:51 673 - ONLY OTHER GROUP
30/01/2017 10:26:53.674  - Info - OUVINTE SIGNALR CLIENTE A - MSG:4d96749c-e323-42e5-be41-bdb98594cf04 + 3046813995006
30/01/2017 10:26:53.681  - Info - OUVINTE SIGNALR CLIENTE B - MSG:30-26-2017 10:26:53 672 - ONLY OTHER GROUP
30/01/2017 10:26:55.678  - Info - OUVINTE SIGNALR CLIENTE A - MSG:d6ccf5b4-5f3d-400b-80ea-695f6bc970b5 + 3046817893783
30/01/2017 10:26:55.692  - Info - OUVINTE SIGNALR CLIENTE B - MSG:30-26-2017 10:26:55 677 - ONLY OTHER GROUP
30/01/2017 10:26:57.676  - Info - OUVINTE SIGNALR CLIENTE A - MSG:c096c347-51f9-4a44-b60b-8a1f762345da + 3046821791851
30/01/2017 10:26:57.691  - Info - OUVINTE SIGNALR CLIENTE B - MSG:30-26-2017 10:26:57 674 - ONLY OTHER GROUP
30/01/2017 10:26:59.675  - Info - OUVINTE SIGNALR CLIENTE A - MSG:2ebd7c96-a7e7-4011-b92c-5b685e43089e + 3046825690739
30/01/2017 10:26:59.682  - Info - OUVINTE SIGNALR CLIENTE B - MSG:30-26-2017 10:26:59 676 - ONLY OTHER GROUP
30/01/2017 10:27:01.677  - Info - OUVINTE SIGNALR CLIENTE A - MSG:a013d873-5f37-468d-adc0-24e4af4a893b + 3046829590026
30/01/2017 10:27:01.682  - Info - OUVINTE SIGNALR CLIENTE B - MSG:30-27-2017 10:27:01 675 - ONLY OTHER GROUP
30/01/2017 10:27:03.677  - Info - OUVINTE SIGNALR CLIENTE A - MSG:f6ba021c-6c4b-4497-b0c3-397d1b1d61ed + 3046833488731
30/01/2017 10:27:03.684  - Info - OUVINTE SIGNALR CLIENTE B - MSG:30-27-2017 10:27:03 677 - ONLY OTHER GROUP
30/01/2017 10:27:05.678  - Info - OUVINTE SIGNALR CLIENTE A - MSG:be1c7af6-c118-4b1c-8aea-24a180e93e09 + 3046837387420
30/01/2017 10:27:05.690  - Info - OUVINTE SIGNALR CLIENTE B - MSG:30-27-2017 10:27:05 677 - ONLY OTHER GROUP
30/01/2017 10:27:07.680  - Info - OUVINTE SIGNALR CLIENTE A - MSG:a1f41171-8b5f-410a-b914-2f9ae0ff3543 + 3046841286256
30/01/2017 10:27:07.690  - Info - OUVINTE SIGNALR CLIENTE B - MSG:30-27-2017 10:27:07 678 - ONLY OTHER GROUP
30/01/2017 10:27:09.684  - Info - OUVINTE SIGNALR CLIENTE A - MSG:6500ffa9-9505-4c3e-8faa-3e08ed2f0b5d + 3046845191267
30/01/2017 10:27:09.690  - Info - OUVINTE SIGNALR CLIENTE B - MSG:30-27-2017 10:27:09 682 - ONLY OTHER GROUP
30/01/2017 10:27:11.683  - Info - OUVINTE SIGNALR CLIENTE A - MSG:c1f7caae-57a1-4195-a694-1916500d49fa + 3046849090413
30/01/2017 10:27:11.693  - Info - OUVINTE SIGNALR CLIENTE B - MSG:30-27-2017 10:27:11 683 - ONLY OTHER GROUP
30/01/2017 10:27:13.685  - Info - OUVINTE SIGNALR CLIENTE A - MSG:50e8593d-9a12-442b-8438-147f37f48965 + 3046852989872
30/01/2017 10:27:13.691  - Info - OUVINTE SIGNALR CLIENTE B - MSG:30-27-2017 10:27:13 685 - ONLY OTHER GROUP
30/01/2017 10:27:15.687  - Info - OUVINTE SIGNALR CLIENTE A - MSG:a6cfdb04-80d4-4ff4-8ec4-4ea8173fdea4 + 3046856887502
30/01/2017 10:27:15.697  - Info - OUVINTE SIGNALR CLIENTE B - MSG:30-27-2017 10:27:15 684 - ONLY OTHER GROUP
30/01/2017 10:27:17.687  - Info - OUVINTE SIGNALR CLIENTE A - MSG:4ef3695a-8434-4b4b-b362-187256da7a0b + 3046860786785
30/01/2017 10:27:17.693  - Info - OUVINTE SIGNALR CLIENTE B - MSG:30-27-2017 10:27:17 686 - ONLY OTHER GROUP
30/01/2017 10:27:19.686  - Info - OUVINTE SIGNALR CLIENTE A - MSG:59244073-345b-4053-a591-0a9f55b4ff94 + 3046864685247
30/01/2017 10:27:19.703  - Info - OUVINTE SIGNALR CLIENTE B - MSG:30-27-2017 10:27:19 686 - ONLY OTHER GROUP
30/01/2017 10:27:21.687  - Info - OUVINTE SIGNALR CLIENTE A - MSG:50374121-7c33-4ddb-8486-e848d2d8f993 + 3046868583232
30/01/2017 10:27:21.698  - Info - OUVINTE SIGNALR CLIENTE B - MSG:30-27-2017 10:27:21 686 - ONLY OTHER GROUP
30/01/2017 10:27:23.688  - Info - OUVINTE SIGNALR CLIENTE A - MSG:5b2d3570-8f41-4de5-9fa7-9e31d8e3ec64 + 3046872483573
30/01/2017 10:27:23.696  - Info - OUVINTE SIGNALR CLIENTE B - MSG:30-27-2017 10:27:23 688 - ONLY OTHER GROUP
30/01/2017 10:27:25.689  - Info - OUVINTE SIGNALR CLIENTE A - MSG:75b3c638-eb90-4d6c-b8c6-786c8c1aa7bb + 3046876382479
30/01/2017 10:27:25.698  - Info - OUVINTE SIGNALR CLIENTE B - MSG:30-27-2017 10:27:25 689 - ONLY OTHER GROUP
30/01/2017 10:27:27.693  - Info - OUVINTE SIGNALR CLIENTE A - MSG:a57e6801-2a51-4e31-93e9-a492417867d9 + 3046880281665
30/01/2017 10:27:27.709  - Info - OUVINTE SIGNALR CLIENTE B - MSG:30-27-2017 10:27:27 691 - ONLY OTHER GROUP
30/01/2017 10:27:29.692  - Info - OUVINTE SIGNALR CLIENTE A - MSG:e0ee373a-342d-45cd-86a7-f43161e46b13 + 3046884179611
30/01/2017 10:27:29.701  - Info - OUVINTE SIGNALR CLIENTE B - MSG:30-27-2017 10:27:29 690 - ONLY OTHER GROUP
30/01/2017 10:27:31.693  - Info - OUVINTE SIGNALR CLIENTE A - MSG:b507c964-7bd2-4b43-b5bf-4d58b85de247 + 3046888078729
30/01/2017 10:27:31.704  - Info - OUVINTE SIGNALR CLIENTE B - MSG:30-27-2017 10:27:31 692 - ONLY OTHER GROUP
