13/04/2017 14:52:17.102  - Info - Iniciando Log
13/04/2017 14:52:17.207  - Info - ****OUVINTE UDP E COMUNICAÇÃO COM GATEWAY*****
13/04/2017 14:52:17.355  - Info - 13-52-2017 14:52:17 355
MENSAGEM RECEBIDA: feb8408f-e5a7-43a3-820f-0b1c766207b9 - bytes recebidos: 36
MENSAGEM TRANSMITIDA HUB: feb8408f-e5a7-43a3-820f-0b1c766207b9 + 47739122462

13/04/2017 14:52:17.432  - Info - 13-52-2017 14:52:17 432
MENSAGEM RECEBIDA: c14ac254-7544-41db-9504-f194485dc204 - bytes recebidos: 36
MENSAGEM TRANSMITIDA HUB: c14ac254-7544-41db-9504-f194485dc204 + 47739405783

13/04/2017 14:52:17.438  - Info - 13-52-2017 14:52:17 438
MENSAGEM RECEBIDA: b418acbc-a2d7-4eb7-a38f-c8a2a1bce62e - bytes recebidos: 36
MENSAGEM TRANSMITIDA HUB: b418acbc-a2d7-4eb7-a38f-c8a2a1bce62e + 47739416901

13/04/2017 14:52:19.051  - Info - 13-52-2017 14:52:19 051
MENSAGEM RECEBIDA: fd6a9e47-e369-40a0-b32c-e213160e6e51 - bytes recebidos: 36
MENSAGEM TRANSMITIDA HUB: fd6a9e47-e369-40a0-b32c-e213160e6e51 + 47742558356

13/04/2017 14:52:21.051  - Info - 13-52-2017 14:52:21 051
MENSAGEM RECEBIDA: e791b74f-22fe-4732-8a96-0201c5be990b - bytes recebidos: 36
MENSAGEM TRANSMITIDA HUB: e791b74f-22fe-4732-8a96-0201c5be990b + 47746455880

13/04/2017 14:52:23.052  - Info - 13-52-2017 14:52:23 052
MENSAGEM RECEBIDA: 72bbc910-06e3-4714-b51e-321c8cffede7 - bytes recebidos: 36
MENSAGEM TRANSMITIDA HUB: 72bbc910-06e3-4714-b51e-321c8cffede7 + 47750355297

13/04/2017 14:52:25.054  - Info - 13-52-2017 14:52:25 054
MENSAGEM RECEBIDA: 5e084613-c061-4256-a6c5-db63e3d13dd1 - bytes recebidos: 36
MENSAGEM TRANSMITIDA HUB: 5e084613-c061-4256-a6c5-db63e3d13dd1 + 47754254377

13/04/2017 14:52:27.055  - Info - 13-52-2017 14:52:27 055
MENSAGEM RECEBIDA: ba60cda1-bc33-4430-a245-9b784a7e7869 - bytes recebidos: 36
MENSAGEM TRANSMITIDA HUB: ba60cda1-bc33-4430-a245-9b784a7e7869 + 47758155024

13/04/2017 14:52:29.055  - Info - 13-52-2017 14:52:29 055
MENSAGEM RECEBIDA: a60b0450-3ff0-4264-a117-0b1c26537bc1 - bytes recebidos: 36
MENSAGEM TRANSMITIDA HUB: a60b0450-3ff0-4264-a117-0b1c26537bc1 + 47762052863

13/04/2017 14:52:31.057  - Info - 13-52-2017 14:52:31 057
MENSAGEM RECEBIDA: 1d940560-6783-4176-8f6c-95ce030fd809 - bytes recebidos: 36
MENSAGEM TRANSMITIDA HUB: 1d940560-6783-4176-8f6c-95ce030fd809 + 47765950912

13/04/2017 14:52:33.056  - Info - 13-52-2017 14:52:33 056
MENSAGEM RECEBIDA: 77d2c80b-446e-4003-b394-664b8ed16cd8 - bytes recebidos: 36
MENSAGEM TRANSMITIDA HUB: 77d2c80b-446e-4003-b394-664b8ed16cd8 + 47769848466

13/04/2017 14:52:35.058  - Info - 13-52-2017 14:52:35 058
MENSAGEM RECEBIDA: 5d4307b7-fe82-4009-9003-6f3a2d4587e2 - bytes recebidos: 36
MENSAGEM TRANSMITIDA HUB: 5d4307b7-fe82-4009-9003-6f3a2d4587e2 + 47773747445

13/04/2017 14:52:37.058  - Info - 13-52-2017 14:52:37 058
MENSAGEM RECEBIDA: ff114ea1-3c19-424e-929b-e9488abc0e6a - bytes recebidos: 36
MENSAGEM TRANSMITIDA HUB: ff114ea1-3c19-424e-929b-e9488abc0e6a + 47777646734

13/04/2017 14:52:39.067  - Info - 13-52-2017 14:52:39 067
MENSAGEM RECEBIDA: b7cbf593-d031-4fbf-992a-746e88eeb2e6 - bytes recebidos: 36
MENSAGEM TRANSMITIDA HUB: b7cbf593-d031-4fbf-992a-746e88eeb2e6 + 47781551073

13/04/2017 14:52:41.062  - Info - 13-52-2017 14:52:41 062
MENSAGEM RECEBIDA: 8ed6da3a-8555-4fd3-94c3-96d4beda26c6 - bytes recebidos: 36
MENSAGEM TRANSMITIDA HUB: 8ed6da3a-8555-4fd3-94c3-96d4beda26c6 + 47785449004

13/04/2017 14:52:43.063  - Info - 13-52-2017 14:52:43 063
MENSAGEM RECEBIDA: c2c90ff6-5d73-402c-bf17-6bd68143ca56 - bytes recebidos: 36
MENSAGEM TRANSMITIDA HUB: c2c90ff6-5d73-402c-bf17-6bd68143ca56 + 47789348194

13/04/2017 14:52:45.065  - Info - 13-52-2017 14:52:45 065
MENSAGEM RECEBIDA: f118881e-1253-49f0-a5ea-1eb0c9aa052a - bytes recebidos: 36
MENSAGEM TRANSMITIDA HUB: f118881e-1253-49f0-a5ea-1eb0c9aa052a + 47793247360

13/04/2017 14:52:47.064  - Info - 13-52-2017 14:52:47 064
MENSAGEM RECEBIDA: c2044fa6-f5ea-4543-bce1-9df468eea500 - bytes recebidos: 36
MENSAGEM TRANSMITIDA HUB: c2044fa6-f5ea-4543-bce1-9df468eea500 + 47797146494

13/04/2017 14:52:49.066  - Info - 13-52-2017 14:52:49 066
MENSAGEM RECEBIDA: 365e7f47-0b84-4be4-9fd1-eb01387ae191 - bytes recebidos: 36
MENSAGEM TRANSMITIDA HUB: 365e7f47-0b84-4be4-9fd1-eb01387ae191 + 47801045969

13/04/2017 14:52:51.068  - Info - 13-52-2017 14:52:51 068
MENSAGEM RECEBIDA: 75ec1f89-a21c-49f7-a095-4d21aab8eec5 - bytes recebidos: 36
MENSAGEM TRANSMITIDA HUB: 75ec1f89-a21c-49f7-a095-4d21aab8eec5 + 47804946149

13/04/2017 14:52:53.067  - Info - 13-52-2017 14:52:53 067
MENSAGEM RECEBIDA: ecd74989-8f20-4328-9b09-b0d7d0f2cabf - bytes recebidos: 36
MENSAGEM TRANSMITIDA HUB: ecd74989-8f20-4328-9b09-b0d7d0f2cabf + 47808844858

13/04/2017 14:52:55.069  - Info - 13-52-2017 14:52:55 069
MENSAGEM RECEBIDA: b8e0b1ee-f50e-4d18-af70-b9d3d1d66951 - bytes recebidos: 36
MENSAGEM TRANSMITIDA HUB: b8e0b1ee-f50e-4d18-af70-b9d3d1d66951 + 47812744015

13/04/2017 14:52:57.070  - Info - 13-52-2017 14:52:57 070
MENSAGEM RECEBIDA: 25e696c9-68b5-4573-8765-eba8b5af869d - bytes recebidos: 36
MENSAGEM TRANSMITIDA HUB: 25e696c9-68b5-4573-8765-eba8b5af869d + 47816643385

13/04/2017 14:52:59.071  - Info - 13-52-2017 14:52:59 071
MENSAGEM RECEBIDA: 9746e9c7-1551-428d-939b-138907abcfde - bytes recebidos: 36
MENSAGEM TRANSMITIDA HUB: 9746e9c7-1551-428d-939b-138907abcfde + 47820542355

13/04/2017 14:53:01.072  - Info - 13-53-2017 14:53:01 072
MENSAGEM RECEBIDA: a21b82cf-1295-4abe-96e0-37a5aba91e42 - bytes recebidos: 36
MENSAGEM TRANSMITIDA HUB: a21b82cf-1295-4abe-96e0-37a5aba91e42 + 47824441522

13/04/2017 14:53:03.074  - Info - 13-53-2017 14:53:03 074
MENSAGEM RECEBIDA: 929ab898-a95a-406a-9b52-e4161f5fdba9 - bytes recebidos: 36
MENSAGEM TRANSMITIDA HUB: 929ab898-a95a-406a-9b52-e4161f5fdba9 + 47828343611

13/04/2017 14:53:05.075  - Info - 13-53-2017 14:53:05 075
MENSAGEM RECEBIDA: a5b21ea1-7b11-41b3-a165-4079a1a6ac71 - bytes recebidos: 36
MENSAGEM TRANSMITIDA HUB: a5b21ea1-7b11-41b3-a165-4079a1a6ac71 + 47832242037

13/04/2017 14:53:07.076  - Info - 13-53-2017 14:53:07 076
MENSAGEM RECEBIDA: ab5ac955-41aa-423c-9c4c-6ec56b12c345 - bytes recebidos: 36
MENSAGEM TRANSMITIDA HUB: ab5ac955-41aa-423c-9c4c-6ec56b12c345 + 47836141500

13/04/2017 14:53:09.081  - Info - 13-53-2017 14:53:09 081
MENSAGEM RECEBIDA: 96cad588-856b-462e-9184-097a5fde074d - bytes recebidos: 36
MENSAGEM TRANSMITIDA HUB: 96cad588-856b-462e-9184-097a5fde074d + 47840043042

13/04/2017 14:53:11.079  - Info - 13-53-2017 14:53:11 079
MENSAGEM RECEBIDA: 69f853d4-5b6b-4682-83b2-ff708f18d040 - bytes recebidos: 36
MENSAGEM TRANSMITIDA HUB: 69f853d4-5b6b-4682-83b2-ff708f18d040 + 47843941410

13/04/2017 14:53:13.081  - Info - 13-53-2017 14:53:13 081
MENSAGEM RECEBIDA: da232f43-bc31-4d5a-9f93-5d5dae4da0f6 - bytes recebidos: 36
MENSAGEM TRANSMITIDA HUB: da232f43-bc31-4d5a-9f93-5d5dae4da0f6 + 47847840568

13/04/2017 14:53:15.083  - Info - 13-53-2017 14:53:15 083
MENSAGEM RECEBIDA: e57c93cd-053b-4c91-8cfa-ae3290e7d49e - bytes recebidos: 36
MENSAGEM TRANSMITIDA HUB: e57c93cd-053b-4c91-8cfa-ae3290e7d49e + 47851740210

13/04/2017 14:53:17.083  - Info - 13-53-2017 14:53:17 083
MENSAGEM RECEBIDA: 81df7219-f7fb-4175-ad00-cc37608d0529 - bytes recebidos: 36
MENSAGEM TRANSMITIDA HUB: 81df7219-f7fb-4175-ad00-cc37608d0529 + 47855641280

13/04/2017 14:53:19.085  - Info - 13-53-2017 14:53:19 085
MENSAGEM RECEBIDA: 27b1a760-9f65-456a-a8fc-50a491dbd080 - bytes recebidos: 36
MENSAGEM TRANSMITIDA HUB: 27b1a760-9f65-456a-a8fc-50a491dbd080 + 47859542392

13/04/2017 14:53:21.086  - Info - 13-53-2017 14:53:21 086
MENSAGEM RECEBIDA: b258867f-e277-4999-a22d-c4945bda3ecb - bytes recebidos: 36
MENSAGEM TRANSMITIDA HUB: b258867f-e277-4999-a22d-c4945bda3ecb + 47863441627

13/04/2017 14:53:23.091  - Info - 13-53-2017 14:53:23 091
MENSAGEM RECEBIDA: b67ca453-0e84-48b4-86e3-7bab142f87a0 - bytes recebidos: 36
MENSAGEM TRANSMITIDA HUB: b67ca453-0e84-48b4-86e3-7bab142f87a0 + 47867340518

13/04/2017 14:53:25.092  - Info - 13-53-2017 14:53:25 092
MENSAGEM RECEBIDA: dfd244dd-d6ed-4b91-8765-6cd1fdee676f - bytes recebidos: 36
MENSAGEM TRANSMITIDA HUB: dfd244dd-d6ed-4b91-8765-6cd1fdee676f + 47871245040

13/04/2017 14:53:27.093  - Info - 13-53-2017 14:53:27 093
MENSAGEM RECEBIDA: df462d4c-1280-46d7-8333-c249b4338d05 - bytes recebidos: 36
MENSAGEM TRANSMITIDA HUB: df462d4c-1280-46d7-8333-c249b4338d05 + 47875145192

13/04/2017 14:53:29.095  - Info - 13-53-2017 14:53:29 095
MENSAGEM RECEBIDA: 2242afa2-f30c-4d58-8c4f-cbf733b5c3f8 - bytes recebidos: 36
MENSAGEM TRANSMITIDA HUB: 2242afa2-f30c-4d58-8c4f-cbf733b5c3f8 + 47879044460

13/04/2017 14:53:31.095  - Info - 13-53-2017 14:53:31 095
MENSAGEM RECEBIDA: af425ddb-2d0c-44dd-be09-5191046eca1c - bytes recebidos: 36
MENSAGEM TRANSMITIDA HUB: af425ddb-2d0c-44dd-be09-5191046eca1c + 47882943601

13/04/2017 14:53:33.096  - Info - 13-53-2017 14:53:33 096
MENSAGEM RECEBIDA: e1d814cf-4ccd-4aa6-8c52-309d76f0f768 - bytes recebidos: 36
MENSAGEM TRANSMITIDA HUB: e1d814cf-4ccd-4aa6-8c52-309d76f0f768 + 47886842732

13/04/2017 14:53:35.095  - Info - 13-53-2017 14:53:35 095
MENSAGEM RECEBIDA: 41b06645-d01d-4400-bd60-ef8bdc8b74fd - bytes recebidos: 36
MENSAGEM TRANSMITIDA HUB: 41b06645-d01d-4400-bd60-ef8bdc8b74fd + 47890741327

13/04/2017 14:53:37.098  - Info - 13-53-2017 14:53:37 098
MENSAGEM RECEBIDA: d83098e5-bbcf-4f86-a413-7a50e207f1a8 - bytes recebidos: 36
MENSAGEM TRANSMITIDA HUB: d83098e5-bbcf-4f86-a413-7a50e207f1a8 + 47894642467

13/04/2017 14:53:39.099  - Info - 13-53-2017 14:53:39 099
MENSAGEM RECEBIDA: 4235101a-6875-47bc-aa5e-80492cd3801d - bytes recebidos: 36
MENSAGEM TRANSMITIDA HUB: 4235101a-6875-47bc-aa5e-80492cd3801d + 47898541578

13/04/2017 14:53:41.101  - Info - 13-53-2017 14:53:41 101
MENSAGEM RECEBIDA: 944b4ed9-6c37-4cc6-9cb2-ad9b99936ea1 - bytes recebidos: 36
MENSAGEM TRANSMITIDA HUB: 944b4ed9-6c37-4cc6-9cb2-ad9b99936ea1 + 47902441527

13/04/2017 14:53:43.101  - Info - 13-53-2017 14:53:43 101
MENSAGEM RECEBIDA: f75a691f-2da9-4448-b9f2-86744eeb6aab - bytes recebidos: 36
MENSAGEM TRANSMITIDA HUB: f75a691f-2da9-4448-b9f2-86744eeb6aab + 47906339980

13/04/2017 14:53:45.103  - Info - 13-53-2017 14:53:45 103
MENSAGEM RECEBIDA: 260e1c1f-f724-498c-90d4-6ca00d0332a6 - bytes recebidos: 36
MENSAGEM TRANSMITIDA HUB: 260e1c1f-f724-498c-90d4-6ca00d0332a6 + 47910239190

13/04/2017 14:53:47.104  - Info - 13-53-2017 14:53:47 104
MENSAGEM RECEBIDA: 6bbd25bf-b937-4ee2-865a-3faf15d887a2 - bytes recebidos: 36
MENSAGEM TRANSMITIDA HUB: 6bbd25bf-b937-4ee2-865a-3faf15d887a2 + 47914138352

13/04/2017 14:53:49.104  - Info - 13-53-2017 14:53:49 104
MENSAGEM RECEBIDA: aa2c5d73-1902-4a43-aeb5-82281db5a0a0 - bytes recebidos: 36
MENSAGEM TRANSMITIDA HUB: aa2c5d73-1902-4a43-aeb5-82281db5a0a0 + 47918037577

13/04/2017 14:53:51.107  - Info - 13-53-2017 14:53:51 107
MENSAGEM RECEBIDA: 82ec7bf0-cf68-475f-9269-7d7bda92bdaf - bytes recebidos: 36
MENSAGEM TRANSMITIDA HUB: 82ec7bf0-cf68-475f-9269-7d7bda92bdaf + 47921936636

13/04/2017 14:53:53.105  - Info - 13-53-2017 14:53:53 105
MENSAGEM RECEBIDA: d4136c33-9103-435a-a3d6-62f7e8f00bcd - bytes recebidos: 36
MENSAGEM TRANSMITIDA HUB: d4136c33-9103-435a-a3d6-62f7e8f00bcd + 47925835479

13/04/2017 14:53:55.107  - Info - 13-53-2017 14:53:55 107
MENSAGEM RECEBIDA: b8a5e910-1b8c-4f9c-9ef8-a8b1628cb5e3 - bytes recebidos: 36
MENSAGEM TRANSMITIDA HUB: b8a5e910-1b8c-4f9c-9ef8-a8b1628cb5e3 + 47929733638

13/04/2017 14:53:57.119  - Info - 13-53-2017 14:53:57 119
MENSAGEM RECEBIDA: 7d0b05ed-70a3-4623-bd00-851418ae4626 - bytes recebidos: 36
MENSAGEM TRANSMITIDA HUB: 7d0b05ed-70a3-4623-bd00-851418ae4626 + 47933638736

13/04/2017 14:53:59.112  - Info - 13-53-2017 14:53:59 112
MENSAGEM RECEBIDA: 83f3a351-71d3-4c01-9e3d-9b9e9002a85b - bytes recebidos: 36
MENSAGEM TRANSMITIDA HUB: 83f3a351-71d3-4c01-9e3d-9b9e9002a85b + 47937537970

13/04/2017 14:54:01.113  - Info - 13-54-2017 14:54:01 113
MENSAGEM RECEBIDA: 8c279988-29f8-4b98-9dbb-c75836b8b71e - bytes recebidos: 36
MENSAGEM TRANSMITIDA HUB: 8c279988-29f8-4b98-9dbb-c75836b8b71e + 47941436468

13/04/2017 14:54:03.114  - Info - 13-54-2017 14:54:03 114
MENSAGEM RECEBIDA: d0796f35-181a-4da0-9cca-f872e592e583 - bytes recebidos: 36
MENSAGEM TRANSMITIDA HUB: d0796f35-181a-4da0-9cca-f872e592e583 + 47945335969

13/04/2017 14:54:05.115  - Info - 13-54-2017 14:54:05 115
MENSAGEM RECEBIDA: 6bc86e9d-85a9-4437-91c5-f8f8f009c2fe - bytes recebidos: 36
MENSAGEM TRANSMITIDA HUB: 6bc86e9d-85a9-4437-91c5-f8f8f009c2fe + 47949234925

13/04/2017 14:54:07.117  - Info - 13-54-2017 14:54:07 117
MENSAGEM RECEBIDA: 37082f12-5ba3-45b3-b716-25807c88347f - bytes recebidos: 36
MENSAGEM TRANSMITIDA HUB: 37082f12-5ba3-45b3-b716-25807c88347f + 47953136434

13/04/2017 14:54:09.118  - Info - 13-54-2017 14:54:09 118
MENSAGEM RECEBIDA: 3d640cbb-fa60-4971-83e2-91a51d89939c - bytes recebidos: 36
MENSAGEM TRANSMITIDA HUB: 3d640cbb-fa60-4971-83e2-91a51d89939c + 47957035199

13/04/2017 14:54:11.119  - Info - 13-54-2017 14:54:11 119
MENSAGEM RECEBIDA: 7e28ccfa-63e5-4be3-ab71-00ff0e12860c - bytes recebidos: 36
MENSAGEM TRANSMITIDA HUB: 7e28ccfa-63e5-4be3-ab71-00ff0e12860c + 47960934407

13/04/2017 14:54:13.119  - Info - 13-54-2017 14:54:13 119
MENSAGEM RECEBIDA: f34e3f6d-631a-4c2d-915d-bd6c9ca39aa4 - bytes recebidos: 36
MENSAGEM TRANSMITIDA HUB: f34e3f6d-631a-4c2d-915d-bd6c9ca39aa4 + 47964833604

13/04/2017 14:54:15.121  - Info - 13-54-2017 14:54:15 121
MENSAGEM RECEBIDA: b3cfb7a3-38f1-4480-b8fd-a14771967b40 - bytes recebidos: 36
MENSAGEM TRANSMITIDA HUB: b3cfb7a3-38f1-4480-b8fd-a14771967b40 + 47968732714

13/04/2017 14:54:17.123  - Info - 13-54-2017 14:54:17 123
MENSAGEM RECEBIDA: 8f7378b5-e9d9-48d9-99d8-657e1ee07829 - bytes recebidos: 36
MENSAGEM TRANSMITIDA HUB: 8f7378b5-e9d9-48d9-99d8-657e1ee07829 + 47972631853

13/04/2017 14:54:19.125  - Info - 13-54-2017 14:54:19 125
MENSAGEM RECEBIDA: fcca4b56-4670-48a7-af0a-bf250be70cde - bytes recebidos: 36
MENSAGEM TRANSMITIDA HUB: fcca4b56-4670-48a7-af0a-bf250be70cde + 47976531092

13/04/2017 14:54:21.125  - Info - 13-54-2017 14:54:21 125
MENSAGEM RECEBIDA: 7556545f-7249-42ab-a176-375186d213d9 - bytes recebidos: 36
MENSAGEM TRANSMITIDA HUB: 7556545f-7249-42ab-a176-375186d213d9 + 47980430274

13/04/2017 14:54:23.125  - Info - 13-54-2017 14:54:23 125
MENSAGEM RECEBIDA: f679d62d-dff7-4253-b288-a6105c99913b - bytes recebidos: 36
MENSAGEM TRANSMITIDA HUB: f679d62d-dff7-4253-b288-a6105c99913b + 47984329463

13/04/2017 14:54:25.126  - Info - 13-54-2017 14:54:25 126
MENSAGEM RECEBIDA: a85a1c65-de2b-49a1-aa37-f7052f792a0d - bytes recebidos: 36
MENSAGEM TRANSMITIDA HUB: a85a1c65-de2b-49a1-aa37-f7052f792a0d + 47988228706

13/04/2017 14:54:27.128  - Info - 13-54-2017 14:54:27 128
MENSAGEM RECEBIDA: 60cc4c6b-d4c5-4fd2-8e9c-452ef64bf8d5 - bytes recebidos: 36
MENSAGEM TRANSMITIDA HUB: 60cc4c6b-d4c5-4fd2-8e9c-452ef64bf8d5 + 47992127813

13/04/2017 14:54:29.135  - Info - 13-54-2017 14:54:29 135
MENSAGEM RECEBIDA: 30c551a0-21a6-4684-beb7-86b23c94b8e6 - bytes recebidos: 36
MENSAGEM TRANSMITIDA HUB: 30c551a0-21a6-4684-beb7-86b23c94b8e6 + 47996027034

13/04/2017 14:54:31.129  - Info - 13-54-2017 14:54:31 129
MENSAGEM RECEBIDA: a0c7768e-7245-452e-bfce-77550beb1427 - bytes recebidos: 36
MENSAGEM TRANSMITIDA HUB: a0c7768e-7245-452e-bfce-77550beb1427 + 47999926148

13/04/2017 14:54:33.130  - Info - 13-54-2017 14:54:33 130
MENSAGEM RECEBIDA: 57df540a-70e9-43f1-8a63-97a2bb8705ba - bytes recebidos: 36
MENSAGEM TRANSMITIDA HUB: 57df540a-70e9-43f1-8a63-97a2bb8705ba + 48003825349

13/04/2017 14:54:35.132  - Info - 13-54-2017 14:54:35 132
MENSAGEM RECEBIDA: f660b411-1840-4923-8b7f-3014476da856 - bytes recebidos: 36
MENSAGEM TRANSMITIDA HUB: f660b411-1840-4923-8b7f-3014476da856 + 48007724552

13/04/2017 14:54:37.135  - Info - 13-54-2017 14:54:37 135
MENSAGEM RECEBIDA: b920b677-974e-4ae1-9d7c-f4fefc4ff188 - bytes recebidos: 36
MENSAGEM TRANSMITIDA HUB: b920b677-974e-4ae1-9d7c-f4fefc4ff188 + 48011623863

13/04/2017 14:54:39.135  - Info - 13-54-2017 14:54:39 135
MENSAGEM RECEBIDA: 9c251b9c-cfc8-4c6f-9640-3b1600f4fd6e - bytes recebidos: 36
MENSAGEM TRANSMITIDA HUB: 9c251b9c-cfc8-4c6f-9640-3b1600f4fd6e + 48015523010

13/04/2017 14:54:41.134  - Info - 13-54-2017 14:54:41 134
MENSAGEM RECEBIDA: 986abb8f-6161-41db-b869-904b511e8109 - bytes recebidos: 36
MENSAGEM TRANSMITIDA HUB: 986abb8f-6161-41db-b869-904b511e8109 + 48019422056

13/04/2017 14:54:43.136  - Info - 13-54-2017 14:54:43 136
MENSAGEM RECEBIDA: ec257fa8-288b-4099-8abd-e4b024514afa - bytes recebidos: 36
MENSAGEM TRANSMITIDA HUB: ec257fa8-288b-4099-8abd-e4b024514afa + 48023321299

13/04/2017 14:54:45.137  - Info - 13-54-2017 14:54:45 137
MENSAGEM RECEBIDA: 6b8ad8d7-5a76-4d03-8666-18d1748708be - bytes recebidos: 36
MENSAGEM TRANSMITIDA HUB: 6b8ad8d7-5a76-4d03-8666-18d1748708be + 48027220449

13/04/2017 14:54:47.137  - Info - 13-54-2017 14:54:47 137
MENSAGEM RECEBIDA: 886e95ba-31db-4e54-95a0-05eef4f05601 - bytes recebidos: 36
MENSAGEM TRANSMITIDA HUB: 886e95ba-31db-4e54-95a0-05eef4f05601 + 48031119590

13/04/2017 14:54:49.138  - Info - 13-54-2017 14:54:49 138
MENSAGEM RECEBIDA: b60e6f16-20a8-48e8-8df2-2ad7a9abdbcb - bytes recebidos: 36
MENSAGEM TRANSMITIDA HUB: b60e6f16-20a8-48e8-8df2-2ad7a9abdbcb + 48035018774

13/04/2017 14:54:51.139  - Info - 13-54-2017 14:54:51 139
MENSAGEM RECEBIDA: 745da529-e1a3-4fe3-b62b-51a2fb63021f - bytes recebidos: 36
MENSAGEM TRANSMITIDA HUB: 745da529-e1a3-4fe3-b62b-51a2fb63021f + 48038918044

13/04/2017 14:54:53.140  - Info - 13-54-2017 14:54:53 140
MENSAGEM RECEBIDA: c646afcd-b3b5-4ad1-97f7-399e28555073 - bytes recebidos: 36
MENSAGEM TRANSMITIDA HUB: c646afcd-b3b5-4ad1-97f7-399e28555073 + 48042817175

13/04/2017 14:54:55.141  - Info - 13-54-2017 14:54:55 141
MENSAGEM RECEBIDA: dc3039ad-1d88-458c-86a2-33308c4eee3f - bytes recebidos: 36
MENSAGEM TRANSMITIDA HUB: dc3039ad-1d88-458c-86a2-33308c4eee3f + 48046716332

13/04/2017 14:54:57.142  - Info - 13-54-2017 14:54:57 142
MENSAGEM RECEBIDA: 060a1792-4ab7-486f-a805-67e509c4e1f5 - bytes recebidos: 36
MENSAGEM TRANSMITIDA HUB: 060a1792-4ab7-486f-a805-67e509c4e1f5 + 48050615506

13/04/2017 14:54:59.143  - Info - 13-54-2017 14:54:59 143
MENSAGEM RECEBIDA: ea6dc056-8869-43d3-bb97-2edc0c647528 - bytes recebidos: 36
MENSAGEM TRANSMITIDA HUB: ea6dc056-8869-43d3-bb97-2edc0c647528 + 48054514695

13/04/2017 14:55:01.144  - Info - 13-55-2017 14:55:01 144
MENSAGEM RECEBIDA: f74d7891-3c04-49b9-a116-419abdde7417 - bytes recebidos: 36
MENSAGEM TRANSMITIDA HUB: f74d7891-3c04-49b9-a116-419abdde7417 + 48058413875

13/04/2017 14:55:03.145  - Info - 13-55-2017 14:55:03 145
MENSAGEM RECEBIDA: 231d0bf7-886c-43f3-847b-4c85a9b008ba - bytes recebidos: 36
MENSAGEM TRANSMITIDA HUB: 231d0bf7-886c-43f3-847b-4c85a9b008ba + 48062313064

13/04/2017 14:55:05.148  - Info - 13-55-2017 14:55:05 148
MENSAGEM RECEBIDA: e7e89688-7383-40b6-b091-8d99f17cd53c - bytes recebidos: 36
MENSAGEM TRANSMITIDA HUB: e7e89688-7383-40b6-b091-8d99f17cd53c + 48066212326

13/04/2017 14:55:07.150  - Info - 13-55-2017 14:55:07 150
MENSAGEM RECEBIDA: a4771ffa-1f0a-4e1a-a92b-acc884109389 - bytes recebidos: 36
MENSAGEM TRANSMITIDA HUB: a4771ffa-1f0a-4e1a-a92b-acc884109389 + 48070111478

13/04/2017 14:55:09.148  - Info - 13-55-2017 14:55:09 148
MENSAGEM RECEBIDA: f6084dbd-5a28-4581-a0e3-2133b03ad288 - bytes recebidos: 36
MENSAGEM TRANSMITIDA HUB: f6084dbd-5a28-4581-a0e3-2133b03ad288 + 48074010566

13/04/2017 14:55:11.150  - Info - 13-55-2017 14:55:11 150
MENSAGEM RECEBIDA: 1a3cb330-437a-41ee-aecc-8d59c2cf10f7 - bytes recebidos: 36
MENSAGEM TRANSMITIDA HUB: 1a3cb330-437a-41ee-aecc-8d59c2cf10f7 + 48077909799

13/04/2017 14:55:13.151  - Info - 13-55-2017 14:55:13 151
MENSAGEM RECEBIDA: ef0cf34a-b20d-4925-b3aa-e6c764a2481e - bytes recebidos: 36
MENSAGEM TRANSMITIDA HUB: ef0cf34a-b20d-4925-b3aa-e6c764a2481e + 48081810991

13/04/2017 14:55:15.155  - Info - 13-55-2017 14:55:15 155
MENSAGEM RECEBIDA: 6e3b0100-7e32-4838-887f-6e426b8e83cd - bytes recebidos: 36
MENSAGEM TRANSMITIDA HUB: 6e3b0100-7e32-4838-887f-6e426b8e83cd + 48085710196

13/04/2017 14:55:17.154  - Info - 13-55-2017 14:55:17 154
MENSAGEM RECEBIDA: b2d4373d-8977-4e0a-9907-ff3ee2d186fe - bytes recebidos: 36
MENSAGEM TRANSMITIDA HUB: b2d4373d-8977-4e0a-9907-ff3ee2d186fe + 48089609235

13/04/2017 14:55:19.154  - Info - 13-55-2017 14:55:19 154
MENSAGEM RECEBIDA: c99ba725-ab10-43e7-971a-6ef6eb85fbc6 - bytes recebidos: 36
MENSAGEM TRANSMITIDA HUB: c99ba725-ab10-43e7-971a-6ef6eb85fbc6 + 48093508499

13/04/2017 14:55:21.155  - Info - 13-55-2017 14:55:21 155
MENSAGEM RECEBIDA: 9b62f533-f42d-4506-930d-36b5d44939cf - bytes recebidos: 36
MENSAGEM TRANSMITIDA HUB: 9b62f533-f42d-4506-930d-36b5d44939cf + 48097407738

13/04/2017 14:55:23.158  - Info - 13-55-2017 14:55:23 158
MENSAGEM RECEBIDA: aaf45b21-b40b-4115-85f6-b15b69606d27 - bytes recebidos: 36
MENSAGEM TRANSMITIDA HUB: aaf45b21-b40b-4115-85f6-b15b69606d27 + 48101307224

13/04/2017 14:55:25.158  - Info - 13-55-2017 14:55:25 158
MENSAGEM RECEBIDA: ef30b5a9-81f2-4d06-9618-b776f95a73b3 - bytes recebidos: 36
MENSAGEM TRANSMITIDA HUB: ef30b5a9-81f2-4d06-9618-b776f95a73b3 + 48105205391

13/04/2017 14:55:27.159  - Info - 13-55-2017 14:55:27 159
MENSAGEM RECEBIDA: e2756f99-fb95-470c-aa30-080e007930e2 - bytes recebidos: 36
MENSAGEM TRANSMITIDA HUB: e2756f99-fb95-470c-aa30-080e007930e2 + 48109104649

13/04/2017 14:55:29.160  - Info - 13-55-2017 14:55:29 160
MENSAGEM RECEBIDA: 0a090c48-780d-4b78-851f-80ee0e24927e - bytes recebidos: 36
MENSAGEM TRANSMITIDA HUB: 0a090c48-780d-4b78-851f-80ee0e24927e + 48113003841

13/04/2017 14:55:31.161  - Info - 13-55-2017 14:55:31 161
MENSAGEM RECEBIDA: 360400ee-6025-4803-800b-4910f85d7a73 - bytes recebidos: 36
MENSAGEM TRANSMITIDA HUB: 360400ee-6025-4803-800b-4910f85d7a73 + 48116902963

13/04/2017 14:55:33.163  - Info - 13-55-2017 14:55:33 163
MENSAGEM RECEBIDA: b4b0392b-6802-442c-9033-1a084057a255 - bytes recebidos: 36
MENSAGEM TRANSMITIDA HUB: b4b0392b-6802-442c-9033-1a084057a255 + 48120802133

13/04/2017 14:55:35.165  - Info - 13-55-2017 14:55:35 165
MENSAGEM RECEBIDA: f148655a-e1f6-4699-b8f0-f447b62d60a2 - bytes recebidos: 36
MENSAGEM TRANSMITIDA HUB: f148655a-e1f6-4699-b8f0-f447b62d60a2 + 48124701361

13/04/2017 14:55:37.162  - Info - 13-55-2017 14:55:37 162
MENSAGEM RECEBIDA: c95a454f-aba3-40b8-b41c-1326c40faf52 - bytes recebidos: 36
MENSAGEM TRANSMITIDA HUB: c95a454f-aba3-40b8-b41c-1326c40faf52 + 48128599169

13/04/2017 14:55:39.163  - Info - 13-55-2017 14:55:39 163
MENSAGEM RECEBIDA: 1fc133c7-a0b6-4051-8105-36dacc8f4ff5 - bytes recebidos: 36
MENSAGEM TRANSMITIDA HUB: 1fc133c7-a0b6-4051-8105-36dacc8f4ff5 + 48132498413

13/04/2017 14:55:41.164  - Info - 13-55-2017 14:55:41 164
MENSAGEM RECEBIDA: f71a3c4d-9369-4079-bc2d-c398c48be241 - bytes recebidos: 36
MENSAGEM TRANSMITIDA HUB: f71a3c4d-9369-4079-bc2d-c398c48be241 + 48136397644

13/04/2017 14:55:43.165  - Info - 13-55-2017 14:55:43 165
MENSAGEM RECEBIDA: ba33be32-e2f1-476a-ba05-8c6a6fc93ad2 - bytes recebidos: 36
MENSAGEM TRANSMITIDA HUB: ba33be32-e2f1-476a-ba05-8c6a6fc93ad2 + 48140296940

13/04/2017 14:55:45.167  - Info - 13-55-2017 14:55:45 167
MENSAGEM RECEBIDA: 8538e35d-f333-4fe4-91a8-ab12a8ef2579 - bytes recebidos: 36
MENSAGEM TRANSMITIDA HUB: 8538e35d-f333-4fe4-91a8-ab12a8ef2579 + 48144197027

13/04/2017 14:55:47.167  - Info - 13-55-2017 14:55:47 167
MENSAGEM RECEBIDA: 804e192a-f2e6-4d5f-aa4e-eeee5a762b1e - bytes recebidos: 36
MENSAGEM TRANSMITIDA HUB: 804e192a-f2e6-4d5f-aa4e-eeee5a762b1e + 48148095032

13/04/2017 14:55:49.171  - Info - 13-55-2017 14:55:49 171
MENSAGEM RECEBIDA: 6c607bb0-8817-41ac-99ac-927a4079cc18 - bytes recebidos: 36
MENSAGEM TRANSMITIDA HUB: 6c607bb0-8817-41ac-99ac-927a4079cc18 + 48151994017

13/04/2017 14:55:51.170  - Info - 13-55-2017 14:55:51 170
MENSAGEM RECEBIDA: b9154e1a-dbd7-4c7c-a4fd-365c04fe4ff8 - bytes recebidos: 36
MENSAGEM TRANSMITIDA HUB: b9154e1a-dbd7-4c7c-a4fd-365c04fe4ff8 + 48155892266

13/04/2017 14:55:53.169  - Info - 13-55-2017 14:55:53 169
MENSAGEM RECEBIDA: 3674bf1a-2102-421f-a6e2-3a8b91e288cb - bytes recebidos: 36
MENSAGEM TRANSMITIDA HUB: 3674bf1a-2102-421f-a6e2-3a8b91e288cb + 48159790306

13/04/2017 14:55:55.173  - Info - 13-55-2017 14:55:55 173
MENSAGEM RECEBIDA: b0805cd5-c2e3-4c37-88e7-2daf1b835e72 - bytes recebidos: 36
MENSAGEM TRANSMITIDA HUB: b0805cd5-c2e3-4c37-88e7-2daf1b835e72 + 48163689446

13/04/2017 14:55:57.172  - Info - 13-55-2017 14:55:57 172
MENSAGEM RECEBIDA: 43838365-40f5-4cc9-9480-9cabef97f658 - bytes recebidos: 36
MENSAGEM TRANSMITIDA HUB: 43838365-40f5-4cc9-9480-9cabef97f658 + 48167590620

13/04/2017 14:55:59.173  - Info - 13-55-2017 14:55:59 173
MENSAGEM RECEBIDA: 82a37e19-6f33-4622-9bc8-99b00047feb3 - bytes recebidos: 36
MENSAGEM TRANSMITIDA HUB: 82a37e19-6f33-4622-9bc8-99b00047feb3 + 48171489971

13/04/2017 14:56:01.174  - Info - 13-56-2017 14:56:01 174
MENSAGEM RECEBIDA: 31b3f339-c7d9-4f21-88f1-c10b8b6679b6 - bytes recebidos: 36
MENSAGEM TRANSMITIDA HUB: 31b3f339-c7d9-4f21-88f1-c10b8b6679b6 + 48175389188

13/04/2017 14:56:03.176  - Info - 13-56-2017 14:56:03 176
MENSAGEM RECEBIDA: 964ed6ac-fc1f-4ebf-9a5c-7336a079980b - bytes recebidos: 36
MENSAGEM TRANSMITIDA HUB: 964ed6ac-fc1f-4ebf-9a5c-7336a079980b + 48179288444

