13/04/2017 14:58:05.647  - Info - Iniciando Log
13/04/2017 14:58:05.665  - Info - ****OUVINTE UDP E COMUNICAÇÃO COM GATEWAY*****
13/04/2017 14:58:05.728  - Info - 13-58-2017 14:58:05 728
MENSAGEM RECEBIDA: 57125067-7cf7-40cc-a74b-554d8d72f137 - bytes recebidos: 36
MENSAGEM TRANSMITIDA HUB: 57125067-7cf7-40cc-a74b-554d8d72f137 + 48417996913

13/04/2017 14:58:06.988  - Info - 13-58-2017 14:58:06 988
MENSAGEM RECEBIDA: 1073f550-f0fd-47ec-a1d9-3b2812c5befd - bytes recebidos: 36
MENSAGEM TRANSMITIDA HUB: 1073f550-f0fd-47ec-a1d9-3b2812c5befd + 48420500654

13/04/2017 14:58:08.963  - Info - 13-58-2017 14:58:08 963
MENSAGEM RECEBIDA: 99b47428-f3ce-474a-863c-2e58716144e9 - bytes recebidos: 36
MENSAGEM TRANSMITIDA HUB: 99b47428-f3ce-474a-863c-2e58716144e9 + 48424399823

13/04/2017 14:58:10.967  - Info - 13-58-2017 14:58:10 967
MENSAGEM RECEBIDA: 1db7b485-3d11-4bf7-8920-6feef71dc1e4 - bytes recebidos: 36
MENSAGEM TRANSMITIDA HUB: 1db7b485-3d11-4bf7-8920-6feef71dc1e4 + 48428304876

13/04/2017 14:58:12.964  - Info - 13-58-2017 14:58:12 964
MENSAGEM RECEBIDA: 43ba3db1-2e03-40e6-af97-b91c73893b9a - bytes recebidos: 36
MENSAGEM TRANSMITIDA HUB: 43ba3db1-2e03-40e6-af97-b91c73893b9a + 48432197884

13/04/2017 14:58:14.965  - Info - 13-58-2017 14:58:14 965
MENSAGEM RECEBIDA: 86c325af-735a-4e42-892e-52c1d5e7e147 - bytes recebidos: 36
MENSAGEM TRANSMITIDA HUB: 86c325af-735a-4e42-892e-52c1d5e7e147 + 48436096322

13/04/2017 14:58:16.966  - Info - 13-58-2017 14:58:16 966
MENSAGEM RECEBIDA: c599b3d4-3010-46b5-8784-677076720017 - bytes recebidos: 36
MENSAGEM TRANSMITIDA HUB: c599b3d4-3010-46b5-8784-677076720017 + 48439995512

13/04/2017 14:58:18.967  - Info - 13-58-2017 14:58:18 967
MENSAGEM RECEBIDA: 5311a92a-4fb1-498a-b7d3-969fccd2fe5f - bytes recebidos: 36
MENSAGEM TRANSMITIDA HUB: 5311a92a-4fb1-498a-b7d3-969fccd2fe5f + 48443894782

13/04/2017 14:58:20.975  - Info - 13-58-2017 14:58:20 975
MENSAGEM RECEBIDA: e1ad37cb-8291-448c-b026-c95a01782db3 - bytes recebidos: 36
MENSAGEM TRANSMITIDA HUB: e1ad37cb-8291-448c-b026-c95a01782db3 + 48447806183

13/04/2017 14:58:22.975  - Info - 13-58-2017 14:58:22 975
MENSAGEM RECEBIDA: 828a566e-7d32-417f-825e-85558bab317e - bytes recebidos: 36
MENSAGEM TRANSMITIDA HUB: 828a566e-7d32-417f-825e-85558bab317e + 48451705364

13/04/2017 14:58:24.977  - Info - 13-58-2017 14:58:24 977
MENSAGEM RECEBIDA: 6c6de5b7-ccea-420e-ae03-e97862ba51e2 - bytes recebidos: 36
MENSAGEM TRANSMITIDA HUB: 6c6de5b7-ccea-420e-ae03-e97862ba51e2 + 48455606436

13/04/2017 14:58:26.979  - Info - 13-58-2017 14:58:26 979
MENSAGEM RECEBIDA: 033de2d7-d96c-4436-979d-45c2e97f2b36 - bytes recebidos: 36
MENSAGEM TRANSMITIDA HUB: 033de2d7-d96c-4436-979d-45c2e97f2b36 + 48459505624

13/04/2017 14:58:28.980  - Info - 13-58-2017 14:58:28 980
MENSAGEM RECEBIDA: 3f0c2d18-4934-4528-8be2-cb82a2b0ca74 - bytes recebidos: 36
MENSAGEM TRANSMITIDA HUB: 3f0c2d18-4934-4528-8be2-cb82a2b0ca74 + 48463404861

13/04/2017 14:58:30.981  - Info - 13-58-2017 14:58:30 981
MENSAGEM RECEBIDA: ee8cb8f2-9f2c-450d-9e9d-0b9e17df8861 - bytes recebidos: 36
MENSAGEM TRANSMITIDA HUB: ee8cb8f2-9f2c-450d-9e9d-0b9e17df8861 + 48467303999

13/04/2017 14:58:32.983  - Info - 13-58-2017 14:58:32 983
MENSAGEM RECEBIDA: f7b8e114-0abe-49f2-8422-20bb8e176e95 - bytes recebidos: 36
MENSAGEM TRANSMITIDA HUB: f7b8e114-0abe-49f2-8422-20bb8e176e95 + 48471203191

13/04/2017 14:58:34.985  - Info - 13-58-2017 14:58:34 985
MENSAGEM RECEBIDA: 35b114f5-06f4-4cc3-add2-86b0e63a1832 - bytes recebidos: 36
MENSAGEM TRANSMITIDA HUB: 35b114f5-06f4-4cc3-add2-86b0e63a1832 + 48475102344

13/04/2017 14:58:36.989  - Info - 13-58-2017 14:58:36 989
MENSAGEM RECEBIDA: 202dec59-eeb8-4881-8b7e-adaae4b18af0 - bytes recebidos: 36
MENSAGEM TRANSMITIDA HUB: 202dec59-eeb8-4881-8b7e-adaae4b18af0 + 48479011349

13/04/2017 14:58:38.989  - Info - 13-58-2017 14:58:38 989
MENSAGEM RECEBIDA: 13c375de-80b2-47c7-9d12-f984e70b3daa - bytes recebidos: 36
MENSAGEM TRANSMITIDA HUB: 13c375de-80b2-47c7-9d12-f984e70b3daa + 48482909191

13/04/2017 14:58:40.990  - Info - 13-58-2017 14:58:40 990
MENSAGEM RECEBIDA: 42da8329-f57e-4048-84b4-42b285a2d92d - bytes recebidos: 36
MENSAGEM TRANSMITIDA HUB: 42da8329-f57e-4048-84b4-42b285a2d92d + 48486808098

13/04/2017 14:58:42.994  - Info - 13-58-2017 14:58:42 994
MENSAGEM RECEBIDA: 7c99cdef-3c63-442e-ab2e-7f9c82357d76 - bytes recebidos: 36
MENSAGEM TRANSMITIDA HUB: 7c99cdef-3c63-442e-ab2e-7f9c82357d76 + 48490709771

13/04/2017 14:58:44.999  - Info - 13-58-2017 14:58:44 999
MENSAGEM RECEBIDA: 73fac09c-52c2-4b25-bd1a-09fe25b9a818 - bytes recebidos: 36
MENSAGEM TRANSMITIDA HUB: 73fac09c-52c2-4b25-bd1a-09fe25b9a818 + 48494619356

13/04/2017 14:58:46.999  - Info - 13-58-2017 14:58:46 999
MENSAGEM RECEBIDA: f23f9b4b-38df-43b5-9678-2a0a2b837da0 - bytes recebidos: 36
MENSAGEM TRANSMITIDA HUB: f23f9b4b-38df-43b5-9678-2a0a2b837da0 + 48498517277

13/04/2017 14:58:48.999  - Info - 13-58-2017 14:58:48 999
MENSAGEM RECEBIDA: 8c03d2c3-d80d-40ee-9ea0-c841c811cf4d - bytes recebidos: 36
MENSAGEM TRANSMITIDA HUB: 8c03d2c3-d80d-40ee-9ea0-c841c811cf4d + 48502415023

13/04/2017 14:58:51.000  - Info - 13-58-2017 14:58:51 000
MENSAGEM RECEBIDA: 0e32fcad-c0ab-473b-a853-97c8d1bf5541 - bytes recebidos: 36
MENSAGEM TRANSMITIDA HUB: 0e32fcad-c0ab-473b-a853-97c8d1bf5541 + 48506314198

13/04/2017 14:58:53.004  - Info - 13-58-2017 14:58:53 004
MENSAGEM RECEBIDA: d3a0e96c-773a-4f3b-bdea-6d5f214d5ff0 - bytes recebidos: 36
MENSAGEM TRANSMITIDA HUB: d3a0e96c-773a-4f3b-bdea-6d5f214d5ff0 + 48510217224

13/04/2017 14:58:55.004  - Info - 13-58-2017 14:58:55 004
MENSAGEM RECEBIDA: f8ad29e5-e97a-4df9-906b-62374b4acd60 - bytes recebidos: 36
MENSAGEM TRANSMITIDA HUB: f8ad29e5-e97a-4df9-906b-62374b4acd60 + 48514116360

13/04/2017 14:58:57.005  - Info - 13-58-2017 14:58:57 005
MENSAGEM RECEBIDA: cd40dfcf-cc83-4863-b387-faa65641abf1 - bytes recebidos: 36
MENSAGEM TRANSMITIDA HUB: cd40dfcf-cc83-4863-b387-faa65641abf1 + 48518015903

13/04/2017 14:58:59.007  - Info - 13-58-2017 14:58:59 007
MENSAGEM RECEBIDA: 0fc089fb-f3d5-47b9-b976-9ecc3ad7ac38 - bytes recebidos: 36
MENSAGEM TRANSMITIDA HUB: 0fc089fb-f3d5-47b9-b976-9ecc3ad7ac38 + 48521915147

13/04/2017 14:59:01.015  - Info - 13-59-2017 14:59:01 015
MENSAGEM RECEBIDA: d6812e28-88e8-4ade-b396-8a80e57739bd - bytes recebidos: 36
MENSAGEM TRANSMITIDA HUB: d6812e28-88e8-4ade-b396-8a80e57739bd + 48525815098

13/04/2017 14:59:03.009  - Info - 13-59-2017 14:59:03 009
MENSAGEM RECEBIDA: af58d02a-b834-4ae6-ab38-d9d80afe33a8 - bytes recebidos: 36
MENSAGEM TRANSMITIDA HUB: af58d02a-b834-4ae6-ab38-d9d80afe33a8 + 48529714184

13/04/2017 14:59:05.013  - Info - 13-59-2017 14:59:05 013
MENSAGEM RECEBIDA: 5dfc522e-97da-4038-9738-78d29e530f2f - bytes recebidos: 36
MENSAGEM TRANSMITIDA HUB: 5dfc522e-97da-4038-9738-78d29e530f2f + 48533613311

13/04/2017 14:59:07.015  - Info - 13-59-2017 14:59:07 015
MENSAGEM RECEBIDA: d94ec430-09e7-4720-bc8c-4055d9c8303e - bytes recebidos: 36
MENSAGEM TRANSMITIDA HUB: d94ec430-09e7-4720-bc8c-4055d9c8303e + 48537512938

13/04/2017 14:59:09.016  - Info - 13-59-2017 14:59:09 016
MENSAGEM RECEBIDA: 44d1a142-0ad9-4498-8601-51e0217ed229 - bytes recebidos: 36
MENSAGEM TRANSMITIDA HUB: 44d1a142-0ad9-4498-8601-51e0217ed229 + 48541417218

13/04/2017 14:59:11.018  - Info - 13-59-2017 14:59:11 018
MENSAGEM RECEBIDA: f87a179b-dc44-47eb-9da6-fa19f160dd14 - bytes recebidos: 36
MENSAGEM TRANSMITIDA HUB: f87a179b-dc44-47eb-9da6-fa19f160dd14 + 48545318348

13/04/2017 14:59:13.019  - Info - 13-59-2017 14:59:13 019
MENSAGEM RECEBIDA: 1a52c8d7-2349-42f3-a58a-699e49aecf46 - bytes recebidos: 36
MENSAGEM TRANSMITIDA HUB: 1a52c8d7-2349-42f3-a58a-699e49aecf46 + 48549217555

13/04/2017 14:59:15.021  - Info - 13-59-2017 14:59:15 021
MENSAGEM RECEBIDA: 7fb4309d-548a-4a7b-b57e-5c247cc38a74 - bytes recebidos: 36
MENSAGEM TRANSMITIDA HUB: 7fb4309d-548a-4a7b-b57e-5c247cc38a74 + 48553116531

13/04/2017 14:59:17.022  - Info - 13-59-2017 14:59:17 022
MENSAGEM RECEBIDA: bb8d95f6-73f4-44c7-a471-0f048ab5b050 - bytes recebidos: 36
MENSAGEM TRANSMITIDA HUB: bb8d95f6-73f4-44c7-a471-0f048ab5b050 + 48557015664

13/04/2017 14:59:19.024  - Info - 13-59-2017 14:59:19 024
MENSAGEM RECEBIDA: c9885f16-0a73-4532-b1ef-67fa982ee808 - bytes recebidos: 36
MENSAGEM TRANSMITIDA HUB: c9885f16-0a73-4532-b1ef-67fa982ee808 + 48560915067

13/04/2017 14:59:21.034  - Info - 13-59-2017 14:59:21 034
MENSAGEM RECEBIDA: f74cc2d2-5a54-404d-af97-6362c2c9d632 - bytes recebidos: 36
MENSAGEM TRANSMITIDA HUB: f74cc2d2-5a54-404d-af97-6362c2c9d632 + 48564814793

13/04/2017 14:59:23.023  - Info - 13-59-2017 14:59:23 023
MENSAGEM RECEBIDA: 66d52482-df6d-4e81-9f21-47d4432fd896 - bytes recebidos: 36
MENSAGEM TRANSMITIDA HUB: 66d52482-df6d-4e81-9f21-47d4432fd896 + 48568712866

13/04/2017 14:59:25.031  - Info - 13-59-2017 14:59:25 031
MENSAGEM RECEBIDA: 7d3364b6-454e-4dad-b40c-86a660e271a1 - bytes recebidos: 36
MENSAGEM TRANSMITIDA HUB: 7d3364b6-454e-4dad-b40c-86a660e271a1 + 48572625687

13/04/2017 14:59:27.032  - Info - 13-59-2017 14:59:27 032
MENSAGEM RECEBIDA: 0636c3f3-cd60-4cd5-a598-afa46cdccacf - bytes recebidos: 36
MENSAGEM TRANSMITIDA HUB: 0636c3f3-cd60-4cd5-a598-afa46cdccacf + 48576524028

13/04/2017 14:59:29.032  - Info - 13-59-2017 14:59:29 032
MENSAGEM RECEBIDA: a38c6659-d4ea-4d28-921a-2b754c2a3fa4 - bytes recebidos: 36
MENSAGEM TRANSMITIDA HUB: a38c6659-d4ea-4d28-921a-2b754c2a3fa4 + 48580422165

13/04/2017 14:59:31.033  - Info - 13-59-2017 14:59:31 033
MENSAGEM RECEBIDA: a4d30cb8-ef83-4f6b-bde4-ca771507d2d7 - bytes recebidos: 36
MENSAGEM TRANSMITIDA HUB: a4d30cb8-ef83-4f6b-bde4-ca771507d2d7 + 48584321348

13/04/2017 14:59:33.045  - Info - 13-59-2017 14:59:33 045
MENSAGEM RECEBIDA: edebf5a0-45d9-497d-89f1-665008c9f04e - bytes recebidos: 36
MENSAGEM TRANSMITIDA HUB: edebf5a0-45d9-497d-89f1-665008c9f04e + 48588230090

13/04/2017 14:59:35.040  - Info - 13-59-2017 14:59:35 040
MENSAGEM RECEBIDA: 0448285a-da4f-4572-b4ec-99a6704ae4d7 - bytes recebidos: 36
MENSAGEM TRANSMITIDA HUB: 0448285a-da4f-4572-b4ec-99a6704ae4d7 + 48592127841

13/04/2017 14:59:37.042  - Info - 13-59-2017 14:59:37 042
MENSAGEM RECEBIDA: 1a69a973-7789-4b53-96c0-2886a3045358 - bytes recebidos: 36
MENSAGEM TRANSMITIDA HUB: 1a69a973-7789-4b53-96c0-2886a3045358 + 48596027020

13/04/2017 14:59:39.042  - Info - 13-59-2017 14:59:39 042
MENSAGEM RECEBIDA: 8d34a6eb-7c0f-4fa3-8238-791913535b84 - bytes recebidos: 36
MENSAGEM TRANSMITIDA HUB: 8d34a6eb-7c0f-4fa3-8238-791913535b84 + 48599926162

13/04/2017 14:59:41.049  - Info - 13-59-2017 14:59:41 049
MENSAGEM RECEBIDA: 8a7baf2f-fb77-4fe8-8c21-deffffc36a5f - bytes recebidos: 36
MENSAGEM TRANSMITIDA HUB: 8a7baf2f-fb77-4fe8-8c21-deffffc36a5f + 48603827815

13/04/2017 14:59:43.045  - Info - 13-59-2017 14:59:43 045
MENSAGEM RECEBIDA: 85a73da0-bd73-4b65-9fa9-5154d350a95c - bytes recebidos: 36
MENSAGEM TRANSMITIDA HUB: 85a73da0-bd73-4b65-9fa9-5154d350a95c + 48607726546

13/04/2017 14:59:45.044  - Info - 13-59-2017 14:59:45 044
MENSAGEM RECEBIDA: b1863390-ec05-4304-8f3d-1459d16c1cb6 - bytes recebidos: 36
MENSAGEM TRANSMITIDA HUB: b1863390-ec05-4304-8f3d-1459d16c1cb6 + 48611625394

13/04/2017 14:59:47.046  - Info - 13-59-2017 14:59:47 046
MENSAGEM RECEBIDA: 711c71c3-0788-4135-806e-02206feabd1d - bytes recebidos: 36
MENSAGEM TRANSMITIDA HUB: 711c71c3-0788-4135-806e-02206feabd1d + 48615522927

13/04/2017 14:59:49.047  - Info - 13-59-2017 14:59:49 047
MENSAGEM RECEBIDA: 82b55c3a-f776-47f1-8207-9fdc1a2f082f - bytes recebidos: 36
MENSAGEM TRANSMITIDA HUB: 82b55c3a-f776-47f1-8207-9fdc1a2f082f + 48619421999

13/04/2017 14:59:51.048  - Info - 13-59-2017 14:59:51 048
MENSAGEM RECEBIDA: 6c299e82-b65f-48d5-b657-3d941513cd8c - bytes recebidos: 36
MENSAGEM TRANSMITIDA HUB: 6c299e82-b65f-48d5-b657-3d941513cd8c + 48623321052

13/04/2017 14:59:53.048  - Info - 13-59-2017 14:59:53 048
MENSAGEM RECEBIDA: 6526083a-b460-4cdf-9974-db76845388e8 - bytes recebidos: 36
MENSAGEM TRANSMITIDA HUB: 6526083a-b460-4cdf-9974-db76845388e8 + 48627219396

13/04/2017 14:59:55.049  - Info - 13-59-2017 14:59:55 049
MENSAGEM RECEBIDA: 9570c068-f7d8-470f-b408-5cbc1351fcbc - bytes recebidos: 36
MENSAGEM TRANSMITIDA HUB: 9570c068-f7d8-470f-b408-5cbc1351fcbc + 48631118608

13/04/2017 14:59:57.049  - Info - 13-59-2017 14:59:57 049
MENSAGEM RECEBIDA: 8c917e1e-df33-455a-86d8-ac544124c1e8 - bytes recebidos: 36
MENSAGEM TRANSMITIDA HUB: 8c917e1e-df33-455a-86d8-ac544124c1e8 + 48635017799

13/04/2017 14:59:59.052  - Info - 13-59-2017 14:59:59 052
MENSAGEM RECEBIDA: 62af3eb0-a091-4da6-b284-2a5d4b52f2d4 - bytes recebidos: 36
MENSAGEM TRANSMITIDA HUB: 62af3eb0-a091-4da6-b284-2a5d4b52f2d4 + 48638918795

13/04/2017 15:00:01.053  - Info - 13-00-2017 15:00:01 053
MENSAGEM RECEBIDA: 306070d7-9f8b-4ce9-8796-8c8b4c8989cf - bytes recebidos: 36
MENSAGEM TRANSMITIDA HUB: 306070d7-9f8b-4ce9-8796-8c8b4c8989cf + 48642818266

13/04/2017 15:00:03.055  - Info - 13-00-2017 15:00:03 055
MENSAGEM RECEBIDA: 957e5dd7-e6d0-405d-b975-23ca950c3ef6 - bytes recebidos: 36
MENSAGEM TRANSMITIDA HUB: 957e5dd7-e6d0-405d-b975-23ca950c3ef6 + 48646717196

13/04/2017 15:00:05.055  - Info - 13-00-2017 15:00:05 055
MENSAGEM RECEBIDA: 2c11c53d-ba4a-44c3-a954-fcbcd6c2ccf0 - bytes recebidos: 36
MENSAGEM TRANSMITIDA HUB: 2c11c53d-ba4a-44c3-a954-fcbcd6c2ccf0 + 48650616327

13/04/2017 15:00:07.056  - Info - 13-00-2017 15:00:07 056
MENSAGEM RECEBIDA: aa0c54e2-dccb-4c23-9990-5af1ecad721b - bytes recebidos: 36
MENSAGEM TRANSMITIDA HUB: aa0c54e2-dccb-4c23-9990-5af1ecad721b + 48654515534

13/04/2017 15:00:09.057  - Info - 13-00-2017 15:00:09 057
MENSAGEM RECEBIDA: 11700088-e429-4b94-9594-27f16190eb42 - bytes recebidos: 36
MENSAGEM TRANSMITIDA HUB: 11700088-e429-4b94-9594-27f16190eb42 + 48658414634

13/04/2017 15:00:11.060  - Info - 13-00-2017 15:00:11 060
MENSAGEM RECEBIDA: 6ba6a9b2-21df-40e5-8cf6-f5894d6dbe82 - bytes recebidos: 36
MENSAGEM TRANSMITIDA HUB: 6ba6a9b2-21df-40e5-8cf6-f5894d6dbe82 + 48662313792

13/04/2017 15:00:13.065  - Info - 13-00-2017 15:00:13 065
MENSAGEM RECEBIDA: 95f7d6eb-972a-4cb8-833f-5355f83408ca - bytes recebidos: 36
MENSAGEM TRANSMITIDA HUB: 95f7d6eb-972a-4cb8-833f-5355f83408ca + 48666224646

13/04/2017 15:00:15.065  - Info - 13-00-2017 15:00:15 065
MENSAGEM RECEBIDA: efdb85f0-f987-49a3-bd56-90120d2fb17a - bytes recebidos: 36
MENSAGEM TRANSMITIDA HUB: efdb85f0-f987-49a3-bd56-90120d2fb17a + 48670122211

13/04/2017 15:00:17.067  - Info - 13-00-2017 15:00:17 067
MENSAGEM RECEBIDA: 8c2dd80a-001d-4f79-9288-f89f8318b554 - bytes recebidos: 36
MENSAGEM TRANSMITIDA HUB: 8c2dd80a-001d-4f79-9288-f89f8318b554 + 48674020001

13/04/2017 15:00:19.068  - Info - 13-00-2017 15:00:19 068
MENSAGEM RECEBIDA: 1d8f0268-cd2e-423c-9bd7-b3b158ffe364 - bytes recebidos: 36
MENSAGEM TRANSMITIDA HUB: 1d8f0268-cd2e-423c-9bd7-b3b158ffe364 + 48677919220

13/04/2017 15:00:21.068  - Info - 13-00-2017 15:00:21 068
MENSAGEM RECEBIDA: 6ac4b508-bbec-4444-b6a0-611bd4f51d9f - bytes recebidos: 36
MENSAGEM TRANSMITIDA HUB: 6ac4b508-bbec-4444-b6a0-611bd4f51d9f + 48681818336

13/04/2017 15:00:23.068  - Info - 13-00-2017 15:00:23 068
MENSAGEM RECEBIDA: edacad90-cad0-471d-9805-1a7feec305b7 - bytes recebidos: 36
MENSAGEM TRANSMITIDA HUB: edacad90-cad0-471d-9805-1a7feec305b7 + 48685716267

13/04/2017 15:00:25.069  - Info - 13-00-2017 15:00:25 069
MENSAGEM RECEBIDA: 1715da36-c3ce-49eb-b4c9-db9023a88107 - bytes recebidos: 36
MENSAGEM TRANSMITIDA HUB: 1715da36-c3ce-49eb-b4c9-db9023a88107 + 48689615342

13/04/2017 15:00:27.070  - Info - 13-00-2017 15:00:27 070
MENSAGEM RECEBIDA: 815d4165-c501-4ae3-9eb5-60a886dce5ed - bytes recebidos: 36
MENSAGEM TRANSMITIDA HUB: 815d4165-c501-4ae3-9eb5-60a886dce5ed + 48693514481

13/04/2017 15:00:29.071  - Info - 13-00-2017 15:00:29 071
MENSAGEM RECEBIDA: ad49d02f-af18-42a9-ac27-6fa5a8bb32e8 - bytes recebidos: 36
MENSAGEM TRANSMITIDA HUB: ad49d02f-af18-42a9-ac27-6fa5a8bb32e8 + 48697415617

13/04/2017 15:00:31.072  - Info - 13-00-2017 15:00:31 072
MENSAGEM RECEBIDA: 8cdf8e35-5525-4f5b-89a5-a87cf80da0d5 - bytes recebidos: 36
MENSAGEM TRANSMITIDA HUB: 8cdf8e35-5525-4f5b-89a5-a87cf80da0d5 + 48701314358

13/04/2017 15:00:33.075  - Info - 13-00-2017 15:00:33 075
MENSAGEM RECEBIDA: 43044b15-95b7-4a4b-9a18-b1d94bcd6876 - bytes recebidos: 36
MENSAGEM TRANSMITIDA HUB: 43044b15-95b7-4a4b-9a18-b1d94bcd6876 + 48705213512

13/04/2017 15:00:35.075  - Info - 13-00-2017 15:00:35 075
MENSAGEM RECEBIDA: 1c547888-6fec-4325-a644-992db3358921 - bytes recebidos: 36
MENSAGEM TRANSMITIDA HUB: 1c547888-6fec-4325-a644-992db3358921 + 48709112866

13/04/2017 15:00:37.076  - Info - 13-00-2017 15:00:37 076
MENSAGEM RECEBIDA: 2bbcf918-2f9e-4353-8c3a-c1e13233668d - bytes recebidos: 36
MENSAGEM TRANSMITIDA HUB: 2bbcf918-2f9e-4353-8c3a-c1e13233668d + 48713011862

13/04/2017 15:00:39.078  - Info - 13-00-2017 15:00:39 078
MENSAGEM RECEBIDA: 19b76001-1e2d-4244-a598-2b6ec2b04d70 - bytes recebidos: 36
MENSAGEM TRANSMITIDA HUB: 19b76001-1e2d-4244-a598-2b6ec2b04d70 + 48716911108

13/04/2017 15:00:41.080  - Info - 13-00-2017 15:00:41 080
MENSAGEM RECEBIDA: 732e1e65-ed66-403f-be9d-cd305c16d1ea - bytes recebidos: 36
MENSAGEM TRANSMITIDA HUB: 732e1e65-ed66-403f-be9d-cd305c16d1ea + 48720810300

13/04/2017 15:00:43.078  - Info - 13-00-2017 15:00:43 078
MENSAGEM RECEBIDA: aa803694-ee48-4f19-8ee3-ef3353f67266 - bytes recebidos: 36
MENSAGEM TRANSMITIDA HUB: aa803694-ee48-4f19-8ee3-ef3353f67266 + 48724709467

13/04/2017 15:00:45.086  - Info - 13-00-2017 15:00:45 086
MENSAGEM RECEBIDA: 0705f624-a9d2-469a-9422-b5864eea30bc - bytes recebidos: 36
MENSAGEM TRANSMITIDA HUB: 0705f624-a9d2-469a-9422-b5864eea30bc + 48728620315

13/04/2017 15:00:47.089  - Info - 13-00-2017 15:00:47 089
MENSAGEM RECEBIDA: ce3e08c3-83da-4a51-94d1-599a06a9cd98 - bytes recebidos: 36
MENSAGEM TRANSMITIDA HUB: ce3e08c3-83da-4a51-94d1-599a06a9cd98 + 48732519508

13/04/2017 15:00:49.087  - Info - 13-00-2017 15:00:49 087
MENSAGEM RECEBIDA: f46c8af1-2dea-49fd-9129-d65c6be848d5 - bytes recebidos: 36
MENSAGEM TRANSMITIDA HUB: f46c8af1-2dea-49fd-9129-d65c6be848d5 + 48736418853

13/04/2017 15:00:51.136  - Info - 13-00-2017 15:00:51 136
MENSAGEM RECEBIDA: 0623abe7-8cc0-4d79-8a10-766135c011f1 - bytes recebidos: 36
MENSAGEM TRANSMITIDA HUB: 0623abe7-8cc0-4d79-8a10-766135c011f1 + 48740360846

13/04/2017 15:00:53.099  - Info - 13-00-2017 15:00:53 099
MENSAGEM RECEBIDA: d75f3ce7-3a00-43f2-92cd-a89e4ac804cb - bytes recebidos: 36
MENSAGEM TRANSMITIDA HUB: d75f3ce7-3a00-43f2-92cd-a89e4ac804cb + 48744236585

13/04/2017 15:00:55.101  - Info - 13-00-2017 15:00:55 101
MENSAGEM RECEBIDA: 99934eae-b78d-41c1-ae48-08fdf02fcbc0 - bytes recebidos: 36
MENSAGEM TRANSMITIDA HUB: 99934eae-b78d-41c1-ae48-08fdf02fcbc0 + 48748135683

13/04/2017 15:00:57.175  - Info - 13-00-2017 15:00:57 174
MENSAGEM RECEBIDA: 370c467f-001a-49aa-b851-8b539c59248b - bytes recebidos: 36
MENSAGEM TRANSMITIDA HUB: 370c467f-001a-49aa-b851-8b539c59248b + 48752055641

13/04/2017 15:00:59.115  - Info - 13-00-2017 15:00:59 115
MENSAGEM RECEBIDA: e271023e-fe72-4720-b3a0-639d4fc2956a - bytes recebidos: 36
MENSAGEM TRANSMITIDA HUB: e271023e-fe72-4720-b3a0-639d4fc2956a + 48755957313

13/04/2017 15:01:01.116  - Info - 13-01-2017 15:01:01 116
MENSAGEM RECEBIDA: 491b7291-ceb6-42e7-8f58-f2b38a756ff8 - bytes recebidos: 36
MENSAGEM TRANSMITIDA HUB: 491b7291-ceb6-42e7-8f58-f2b38a756ff8 + 48759856749

13/04/2017 15:01:03.118  - Info - 13-01-2017 15:01:03 118
MENSAGEM RECEBIDA: aab22f27-17ee-48e5-b382-42f668eb0ae4 - bytes recebidos: 36
MENSAGEM TRANSMITIDA HUB: aab22f27-17ee-48e5-b382-42f668eb0ae4 + 48763755937

13/04/2017 15:01:05.118  - Info - 13-01-2017 15:01:05 118
MENSAGEM RECEBIDA: 41a5a4fd-77d3-451d-bbca-bea01ddef414 - bytes recebidos: 36
MENSAGEM TRANSMITIDA HUB: 41a5a4fd-77d3-451d-bbca-bea01ddef414 + 48767655643

13/04/2017 15:01:07.118  - Info - 13-01-2017 15:01:07 118
MENSAGEM RECEBIDA: 4e5efa1b-61ff-4f18-aa22-78b89bef5d31 - bytes recebidos: 36
MENSAGEM TRANSMITIDA HUB: 4e5efa1b-61ff-4f18-aa22-78b89bef5d31 + 48771554698

13/04/2017 15:01:09.120  - Info - 13-01-2017 15:01:09 120
MENSAGEM RECEBIDA: 183ac608-d2e7-4d32-8c5f-59cfe89c3b8a - bytes recebidos: 36
MENSAGEM TRANSMITIDA HUB: 183ac608-d2e7-4d32-8c5f-59cfe89c3b8a + 48775453235

13/04/2017 15:01:11.121  - Info - 13-01-2017 15:01:11 121
MENSAGEM RECEBIDA: ba51e6e9-0676-43dc-b488-95a573db65da - bytes recebidos: 36
MENSAGEM TRANSMITIDA HUB: ba51e6e9-0676-43dc-b488-95a573db65da + 48779352394

13/04/2017 15:01:13.122  - Info - 13-01-2017 15:01:13 122
MENSAGEM RECEBIDA: 98538716-3d16-4f7d-b06b-46a6ca38ac6c - bytes recebidos: 36
MENSAGEM TRANSMITIDA HUB: 98538716-3d16-4f7d-b06b-46a6ca38ac6c + 48783251604

13/04/2017 15:01:15.122  - Info - 13-01-2017 15:01:15 122
MENSAGEM RECEBIDA: 7014d9f5-e5e1-406f-bd9b-80e61cb6d117 - bytes recebidos: 36
MENSAGEM TRANSMITIDA HUB: 7014d9f5-e5e1-406f-bd9b-80e61cb6d117 + 48787150891

13/04/2017 15:01:17.125  - Info - 13-01-2017 15:01:17 125
MENSAGEM RECEBIDA: 880e8c51-bedf-4668-b363-af21dd2035e3 - bytes recebidos: 36
MENSAGEM TRANSMITIDA HUB: 880e8c51-bedf-4668-b363-af21dd2035e3 + 48791051857

13/04/2017 15:01:19.125  - Info - 13-01-2017 15:01:19 125
MENSAGEM RECEBIDA: 8c596e4a-1fe4-436b-b6fa-ee568471701e - bytes recebidos: 36
MENSAGEM TRANSMITIDA HUB: 8c596e4a-1fe4-436b-b6fa-ee568471701e + 48794951239

13/04/2017 15:01:21.127  - Info - 13-01-2017 15:01:21 127
MENSAGEM RECEBIDA: 1ae9f3d3-f36c-44cf-9719-0eed3adcc4a6 - bytes recebidos: 36
MENSAGEM TRANSMITIDA HUB: 1ae9f3d3-f36c-44cf-9719-0eed3adcc4a6 + 48798850610

13/04/2017 15:01:23.128  - Info - 13-01-2017 15:01:23 128
MENSAGEM RECEBIDA: 8b54e821-5c9c-4c3b-83e5-64a1be150642 - bytes recebidos: 36
MENSAGEM TRANSMITIDA HUB: 8b54e821-5c9c-4c3b-83e5-64a1be150642 + 48802749797

13/04/2017 15:01:25.128  - Info - 13-01-2017 15:01:25 128
MENSAGEM RECEBIDA: 0aa4250e-d530-42fe-8a73-9a1a61eeb27e - bytes recebidos: 36
MENSAGEM TRANSMITIDA HUB: 0aa4250e-d530-42fe-8a73-9a1a61eeb27e + 48806648917

13/04/2017 15:01:27.130  - Info - 13-01-2017 15:01:27 130
MENSAGEM RECEBIDA: a95e30ac-35d6-4f12-bfcc-b8f3bf66c46e - bytes recebidos: 36
MENSAGEM TRANSMITIDA HUB: a95e30ac-35d6-4f12-bfcc-b8f3bf66c46e + 48810548098

13/04/2017 15:01:29.130  - Info - 13-01-2017 15:01:29 130
MENSAGEM RECEBIDA: 8732ab3c-2cfd-4708-a266-5e89396cdd9c - bytes recebidos: 36
MENSAGEM TRANSMITIDA HUB: 8732ab3c-2cfd-4708-a266-5e89396cdd9c + 48814447276

13/04/2017 15:01:31.132  - Info - 13-01-2017 15:01:31 132
MENSAGEM RECEBIDA: 25d151db-84d3-45e9-aa4f-dd07f1c2f311 - bytes recebidos: 36
MENSAGEM TRANSMITIDA HUB: 25d151db-84d3-45e9-aa4f-dd07f1c2f311 + 48818346537

13/04/2017 15:01:33.133  - Info - 13-01-2017 15:01:33 133
MENSAGEM RECEBIDA: 8aa15517-d6e5-4180-8ba0-57e9584bc878 - bytes recebidos: 36
MENSAGEM TRANSMITIDA HUB: 8aa15517-d6e5-4180-8ba0-57e9584bc878 + 48822245688

13/04/2017 15:01:35.134  - Info - 13-01-2017 15:01:35 134
MENSAGEM RECEBIDA: f542478f-02c6-494f-aa55-dbf1cfc4410f - bytes recebidos: 36
MENSAGEM TRANSMITIDA HUB: f542478f-02c6-494f-aa55-dbf1cfc4410f + 48826144902

13/04/2017 15:01:37.135  - Info - 13-01-2017 15:01:37 135
MENSAGEM RECEBIDA: 499e69f4-5349-472f-9970-95f3fa918f68 - bytes recebidos: 36
MENSAGEM TRANSMITIDA HUB: 499e69f4-5349-472f-9970-95f3fa918f68 + 48830044126

13/04/2017 15:01:39.136  - Info - 13-01-2017 15:01:39 136
MENSAGEM RECEBIDA: 34a68ba8-d509-4dc9-8dd0-6c424a3dac0b - bytes recebidos: 36
MENSAGEM TRANSMITIDA HUB: 34a68ba8-d509-4dc9-8dd0-6c424a3dac0b + 48833943728

13/04/2017 15:01:41.136  - Info - 13-01-2017 15:01:41 136
MENSAGEM RECEBIDA: d97a58d3-c4ba-4fcb-a5b4-d1ad7130f2fa - bytes recebidos: 36
MENSAGEM TRANSMITIDA HUB: d97a58d3-c4ba-4fcb-a5b4-d1ad7130f2fa + 48837842437

13/04/2017 15:01:43.138  - Info - 13-01-2017 15:01:43 138
MENSAGEM RECEBIDA: 90d8bd22-5af0-4c6a-b502-c6ea2ebb9177 - bytes recebidos: 36
MENSAGEM TRANSMITIDA HUB: 90d8bd22-5af0-4c6a-b502-c6ea2ebb9177 + 48841740213

13/04/2017 15:01:45.143  - Info - 13-01-2017 15:01:45 143
MENSAGEM RECEBIDA: 21bea0ab-13c4-4dbe-a34c-87999f085ea6 - bytes recebidos: 36
MENSAGEM TRANSMITIDA HUB: 21bea0ab-13c4-4dbe-a34c-87999f085ea6 + 48845639514

13/04/2017 15:01:47.140  - Info - 13-01-2017 15:01:47 140
MENSAGEM RECEBIDA: 3df11d12-0763-42b7-88b5-037b9d4a5424 - bytes recebidos: 36
MENSAGEM TRANSMITIDA HUB: 3df11d12-0763-42b7-88b5-037b9d4a5424 + 48849538550

13/04/2017 15:01:49.141  - Info - 13-01-2017 15:01:49 141
MENSAGEM RECEBIDA: 4c9383fa-cb40-4049-8824-51466066975b - bytes recebidos: 36
MENSAGEM TRANSMITIDA HUB: 4c9383fa-cb40-4049-8824-51466066975b + 48853437913

13/04/2017 15:01:51.142  - Info - 13-01-2017 15:01:51 142
MENSAGEM RECEBIDA: 455dc0e9-834e-4635-8b6e-4739e140040d - bytes recebidos: 36
MENSAGEM TRANSMITIDA HUB: 455dc0e9-834e-4635-8b6e-4739e140040d + 48857336951

13/04/2017 15:01:53.143  - Info - 13-01-2017 15:01:53 143
MENSAGEM RECEBIDA: edcd8369-cc3f-47a4-9274-e3e36ca51b8e - bytes recebidos: 36
MENSAGEM TRANSMITIDA HUB: edcd8369-cc3f-47a4-9274-e3e36ca51b8e + 48861236139

13/04/2017 15:01:55.144  - Info - 13-01-2017 15:01:55 144
MENSAGEM RECEBIDA: 3a430ee4-c6f4-49bb-acd5-c018133d5d27 - bytes recebidos: 36
MENSAGEM TRANSMITIDA HUB: 3a430ee4-c6f4-49bb-acd5-c018133d5d27 + 48865135292

13/04/2017 15:01:57.144  - Info - 13-01-2017 15:01:57 144
MENSAGEM RECEBIDA: 540f42d2-2cd5-43c2-98b8-068bc46a444d - bytes recebidos: 36
MENSAGEM TRANSMITIDA HUB: 540f42d2-2cd5-43c2-98b8-068bc46a444d + 48869034448

13/04/2017 15:01:59.147  - Info - 13-01-2017 15:01:59 147
MENSAGEM RECEBIDA: 91a5e1f2-6dbc-4763-8632-a233aa99a142 - bytes recebidos: 36
MENSAGEM TRANSMITIDA HUB: 91a5e1f2-6dbc-4763-8632-a233aa99a142 + 48872933600

13/04/2017 15:02:01.147  - Info - 13-02-2017 15:02:01 147
MENSAGEM RECEBIDA: 608c1cc3-131c-4d1b-aa1b-88b79aaffb7b - bytes recebidos: 36
MENSAGEM TRANSMITIDA HUB: 608c1cc3-131c-4d1b-aa1b-88b79aaffb7b + 48876833089

13/04/2017 15:02:03.148  - Info - 13-02-2017 15:02:03 148
MENSAGEM RECEBIDA: 6842a7f4-ea9a-4f7e-9bac-3fc415a2389a - bytes recebidos: 36
MENSAGEM TRANSMITIDA HUB: 6842a7f4-ea9a-4f7e-9bac-3fc415a2389a + 48880732692

13/04/2017 15:02:05.157  - Info - 13-02-2017 15:02:05 157
MENSAGEM RECEBIDA: 62abf218-11c0-4690-9db7-ac94abbc5a5a - bytes recebidos: 36
MENSAGEM TRANSMITIDA HUB: 62abf218-11c0-4690-9db7-ac94abbc5a5a + 48884646873

13/04/2017 15:02:07.158  - Info - 13-02-2017 15:02:07 158
MENSAGEM RECEBIDA: c155adf0-b10b-4e17-998a-9e564296f580 - bytes recebidos: 36
MENSAGEM TRANSMITIDA HUB: c155adf0-b10b-4e17-998a-9e564296f580 + 48888546093

13/04/2017 15:02:09.159  - Info - 13-02-2017 15:02:09 158
MENSAGEM RECEBIDA: bddc771d-149a-4b96-b897-0637fe403019 - bytes recebidos: 36
MENSAGEM TRANSMITIDA HUB: bddc771d-149a-4b96-b897-0637fe403019 + 48892445120

13/04/2017 15:02:11.160  - Info - 13-02-2017 15:02:11 160
MENSAGEM RECEBIDA: 11bfc9c7-91d6-423a-9405-5662622d1831 - bytes recebidos: 36
MENSAGEM TRANSMITIDA HUB: 11bfc9c7-91d6-423a-9405-5662622d1831 + 48896344926

13/04/2017 15:02:13.161  - Info - 13-02-2017 15:02:13 161
MENSAGEM RECEBIDA: 980f4290-7248-453a-99bd-484db2d6077d - bytes recebidos: 36
MENSAGEM TRANSMITIDA HUB: 980f4290-7248-453a-99bd-484db2d6077d + 48900243498

13/04/2017 15:02:15.161  - Info - 13-02-2017 15:02:15 161
MENSAGEM RECEBIDA: 6bccdb71-dae2-4fa9-853b-fc95283f168c - bytes recebidos: 36
MENSAGEM TRANSMITIDA HUB: 6bccdb71-dae2-4fa9-853b-fc95283f168c + 48904142782

13/04/2017 15:02:17.163  - Info - 13-02-2017 15:02:17 163
MENSAGEM RECEBIDA: 05ffc83d-4e80-4196-bed5-474eeb75f588 - bytes recebidos: 36
MENSAGEM TRANSMITIDA HUB: 05ffc83d-4e80-4196-bed5-474eeb75f588 + 48908043753

13/04/2017 15:02:19.165  - Info - 13-02-2017 15:02:19 165
MENSAGEM RECEBIDA: f6c41fda-7a4c-4a8a-87c7-e30d3e1a6595 - bytes recebidos: 36
MENSAGEM TRANSMITIDA HUB: f6c41fda-7a4c-4a8a-87c7-e30d3e1a6595 + 48911943107

13/04/2017 15:02:21.166  - Info - 13-02-2017 15:02:21 166
MENSAGEM RECEBIDA: 6f3e6a8d-d5cd-4494-9278-18ff148777c4 - bytes recebidos: 36
MENSAGEM TRANSMITIDA HUB: 6f3e6a8d-d5cd-4494-9278-18ff148777c4 + 48915842185

13/04/2017 15:02:23.166  - Info - 13-02-2017 15:02:23 166
MENSAGEM RECEBIDA: c10299f8-dcfb-4d16-9dc7-e6842df3c409 - bytes recebidos: 36
MENSAGEM TRANSMITIDA HUB: c10299f8-dcfb-4d16-9dc7-e6842df3c409 + 48919741312

13/04/2017 15:02:25.168  - Info - 13-02-2017 15:02:25 168
MENSAGEM RECEBIDA: 40bc238f-b10a-4b58-8ed7-f6cb0421d2c5 - bytes recebidos: 36
MENSAGEM TRANSMITIDA HUB: 40bc238f-b10a-4b58-8ed7-f6cb0421d2c5 + 48923639767

13/04/2017 15:02:27.168  - Info - 13-02-2017 15:02:27 168
MENSAGEM RECEBIDA: 22884d15-e142-4db7-86e9-a4512e390f0f - bytes recebidos: 36
MENSAGEM TRANSMITIDA HUB: 22884d15-e142-4db7-86e9-a4512e390f0f + 48927538977

13/04/2017 15:02:29.169  - Info - 13-02-2017 15:02:29 169
MENSAGEM RECEBIDA: 11554f06-ab0b-4b69-9e22-7c8970943193 - bytes recebidos: 36
MENSAGEM TRANSMITIDA HUB: 11554f06-ab0b-4b69-9e22-7c8970943193 + 48931437678

13/04/2017 15:02:31.171  - Info - 13-02-2017 15:02:31 171
MENSAGEM RECEBIDA: 291e8893-d125-48e4-bfb1-97035dc07414 - bytes recebidos: 36
MENSAGEM TRANSMITIDA HUB: 291e8893-d125-48e4-bfb1-97035dc07414 + 48935338087

13/04/2017 15:02:33.172  - Info - 13-02-2017 15:02:33 172
MENSAGEM RECEBIDA: 092b0f84-77bc-4085-bfba-b8da1b2d44ab - bytes recebidos: 36
MENSAGEM TRANSMITIDA HUB: 092b0f84-77bc-4085-bfba-b8da1b2d44ab + 48939236222

13/04/2017 15:02:35.171  - Info - 13-02-2017 15:02:35 171
MENSAGEM RECEBIDA: 328b9a09-b5a6-430e-b683-f7417da7e290 - bytes recebidos: 36
MENSAGEM TRANSMITIDA HUB: 328b9a09-b5a6-430e-b683-f7417da7e290 + 48943135304

13/04/2017 15:02:37.175  - Info - 13-02-2017 15:02:37 175
MENSAGEM RECEBIDA: 1ab358fb-d9da-4fd5-8f3a-cc903caac910 - bytes recebidos: 36
MENSAGEM TRANSMITIDA HUB: 1ab358fb-d9da-4fd5-8f3a-cc903caac910 + 48947038040

13/04/2017 15:02:39.176  - Info - 13-02-2017 15:02:39 176
MENSAGEM RECEBIDA: 9fd83be6-12a2-4fd7-ac38-2d096bd72e78 - bytes recebidos: 36
MENSAGEM TRANSMITIDA HUB: 9fd83be6-12a2-4fd7-ac38-2d096bd72e78 + 48950937432

13/04/2017 15:02:41.177  - Info - 13-02-2017 15:02:41 177
MENSAGEM RECEBIDA: 1dbb5498-ed72-4fd3-bb4a-b5ab587198c7 - bytes recebidos: 36
MENSAGEM TRANSMITIDA HUB: 1dbb5498-ed72-4fd3-bb4a-b5ab587198c7 + 48954836490

13/04/2017 15:02:43.177  - Info - 13-02-2017 15:02:43 177
MENSAGEM RECEBIDA: a5942479-241f-4349-8460-74de34e2dedf - bytes recebidos: 36
MENSAGEM TRANSMITIDA HUB: a5942479-241f-4349-8460-74de34e2dedf + 48958735629

13/04/2017 15:02:45.179  - Info - 13-02-2017 15:02:45 179
MENSAGEM RECEBIDA: 75e05632-73c1-46ad-ab72-22405e1824d7 - bytes recebidos: 36
MENSAGEM TRANSMITIDA HUB: 75e05632-73c1-46ad-ab72-22405e1824d7 + 48962634845

13/04/2017 15:02:47.179  - Info - 13-02-2017 15:02:47 179
MENSAGEM RECEBIDA: 4ebee6d6-9cfd-4659-9174-cb43df88ff87 - bytes recebidos: 36
MENSAGEM TRANSMITIDA HUB: 4ebee6d6-9cfd-4659-9174-cb43df88ff87 + 48966532719

13/04/2017 15:02:49.181  - Info - 13-02-2017 15:02:49 181
MENSAGEM RECEBIDA: e03921bd-5993-4dc2-99a0-3cc0b28d15f9 - bytes recebidos: 36
MENSAGEM TRANSMITIDA HUB: e03921bd-5993-4dc2-99a0-3cc0b28d15f9 + 48970431861

13/04/2017 15:02:51.182  - Info - 13-02-2017 15:02:51 182
MENSAGEM RECEBIDA: 6fafc20d-b20c-47f9-a485-0f3e9f7352ab - bytes recebidos: 36
MENSAGEM TRANSMITIDA HUB: 6fafc20d-b20c-47f9-a485-0f3e9f7352ab + 48974333119

13/04/2017 15:02:53.184  - Info - 13-02-2017 15:02:53 184
MENSAGEM RECEBIDA: b547f9ba-8090-4212-93fa-ce717f49a8e9 - bytes recebidos: 36
MENSAGEM TRANSMITIDA HUB: b547f9ba-8090-4212-93fa-ce717f49a8e9 + 48978232981

13/04/2017 15:02:55.186  - Info - 13-02-2017 15:02:55 186
MENSAGEM RECEBIDA: bbe7386a-f43e-4828-b32a-519d01f47438 - bytes recebidos: 36
MENSAGEM TRANSMITIDA HUB: bbe7386a-f43e-4828-b32a-519d01f47438 + 48982135892

13/04/2017 15:02:57.188  - Info - 13-02-2017 15:02:57 188
MENSAGEM RECEBIDA: bc8a934e-6d01-4517-b4dc-5e2f4c1269dd - bytes recebidos: 36
MENSAGEM TRANSMITIDA HUB: bc8a934e-6d01-4517-b4dc-5e2f4c1269dd + 48986034209

13/04/2017 15:02:59.188  - Info - 13-02-2017 15:02:59 188
MENSAGEM RECEBIDA: d5c74986-227c-4913-b5c9-ed133b3e44e0 - bytes recebidos: 36
MENSAGEM TRANSMITIDA HUB: d5c74986-227c-4913-b5c9-ed133b3e44e0 + 48989933298

13/04/2017 15:03:01.191  - Info - 13-03-2017 15:03:01 191
MENSAGEM RECEBIDA: 79198196-cde5-4a96-aebf-63b6424a878d - bytes recebidos: 36
MENSAGEM TRANSMITIDA HUB: 79198196-cde5-4a96-aebf-63b6424a878d + 48993834510

13/04/2017 15:03:03.192  - Info - 13-03-2017 15:03:03 192
MENSAGEM RECEBIDA: 48923479-5af1-4a38-9928-2ac7390e0816 - bytes recebidos: 36
MENSAGEM TRANSMITIDA HUB: 48923479-5af1-4a38-9928-2ac7390e0816 + 48997733664

13/04/2017 15:03:05.192  - Info - 13-03-2017 15:03:05 192
MENSAGEM RECEBIDA: 38fd5381-d54e-4554-8c63-1f95907b05e3 - bytes recebidos: 36
MENSAGEM TRANSMITIDA HUB: 38fd5381-d54e-4554-8c63-1f95907b05e3 + 49001632814

13/04/2017 15:03:07.193  - Info - 13-03-2017 15:03:07 193
MENSAGEM RECEBIDA: 3d8c2759-67dd-4d81-b70c-11a9074355f0 - bytes recebidos: 36
MENSAGEM TRANSMITIDA HUB: 3d8c2759-67dd-4d81-b70c-11a9074355f0 + 49005532009

13/04/2017 15:03:09.194  - Info - 13-03-2017 15:03:09 194
MENSAGEM RECEBIDA: 9adf203e-a283-4b64-b526-006f849708b0 - bytes recebidos: 36
MENSAGEM TRANSMITIDA HUB: 9adf203e-a283-4b64-b526-006f849708b0 + 49009429930

13/04/2017 15:03:11.214  - Info - 13-03-2017 15:03:11 214
MENSAGEM RECEBIDA: a7f13596-9702-48ef-ae94-8bfa49ed22da - bytes recebidos: 36
MENSAGEM TRANSMITIDA HUB: a7f13596-9702-48ef-ae94-8bfa49ed22da + 49013364172

13/04/2017 15:03:13.213  - Info - 13-03-2017 15:03:13 213
MENSAGEM RECEBIDA: a2c2a453-d5ae-4825-ac85-d4322be30b2c - bytes recebidos: 36
MENSAGEM TRANSMITIDA HUB: a2c2a453-d5ae-4825-ac85-d4322be30b2c + 49017261784

13/04/2017 15:03:15.219  - Info - 13-03-2017 15:03:15 219
MENSAGEM RECEBIDA: 5b143205-bdf5-46c9-93f9-075b266b0ede - bytes recebidos: 36
MENSAGEM TRANSMITIDA HUB: 5b143205-bdf5-46c9-93f9-075b266b0ede + 49021163484

13/04/2017 15:03:17.215  - Info - 13-03-2017 15:03:17 215
MENSAGEM RECEBIDA: 925b527f-65d9-4981-81d3-81706fa270bd - bytes recebidos: 36
MENSAGEM TRANSMITIDA HUB: 925b527f-65d9-4981-81d3-81706fa270bd + 49025062066

13/04/2017 15:03:19.217  - Info - 13-03-2017 15:03:19 217
MENSAGEM RECEBIDA: c1cff288-fb77-479d-916e-e50b09d4d9bf - bytes recebidos: 36
MENSAGEM TRANSMITIDA HUB: c1cff288-fb77-479d-916e-e50b09d4d9bf + 49028961081

13/04/2017 15:03:21.217  - Info - 13-03-2017 15:03:21 217
MENSAGEM RECEBIDA: 0be67463-1705-40e8-91bf-4b37a393f01f - bytes recebidos: 36
MENSAGEM TRANSMITIDA HUB: 0be67463-1705-40e8-91bf-4b37a393f01f + 49032860234

13/04/2017 15:03:23.218  - Info - 13-03-2017 15:03:23 218
MENSAGEM RECEBIDA: 6592bab2-0a97-44d1-a806-d827b32cc314 - bytes recebidos: 36
MENSAGEM TRANSMITIDA HUB: 6592bab2-0a97-44d1-a806-d827b32cc314 + 49036759453

13/04/2017 15:03:25.220  - Info - 13-03-2017 15:03:25 220
MENSAGEM RECEBIDA: 3f539bd0-7b60-41b4-936f-a4fbf9190632 - bytes recebidos: 36
MENSAGEM TRANSMITIDA HUB: 3f539bd0-7b60-41b4-936f-a4fbf9190632 + 49040660582

13/04/2017 15:03:27.232  - Info - 13-03-2017 15:03:27 232
MENSAGEM RECEBIDA: 6d81e62f-3a9a-4753-a190-aa23b9f8136f - bytes recebidos: 36
MENSAGEM TRANSMITIDA HUB: 6d81e62f-3a9a-4753-a190-aa23b9f8136f + 49044579246

13/04/2017 15:03:29.234  - Info - 13-03-2017 15:03:29 234
MENSAGEM RECEBIDA: d6a7b86a-0285-4c43-9d37-f2dcdedb7238 - bytes recebidos: 36
MENSAGEM TRANSMITIDA HUB: d6a7b86a-0285-4c43-9d37-f2dcdedb7238 + 49048480501

13/04/2017 15:03:31.234  - Info - 13-03-2017 15:03:31 234
MENSAGEM RECEBIDA: 664e538c-cb21-4685-9a0f-1ec6a30772ef - bytes recebidos: 36
MENSAGEM TRANSMITIDA HUB: 664e538c-cb21-4685-9a0f-1ec6a30772ef + 49052378436

13/04/2017 15:03:33.237  - Info - 13-03-2017 15:03:33 237
MENSAGEM RECEBIDA: 985ed3e5-e8b5-4fa3-88bb-29c918e9a231 - bytes recebidos: 36
MENSAGEM TRANSMITIDA HUB: 985ed3e5-e8b5-4fa3-88bb-29c918e9a231 + 49056278743

13/04/2017 15:03:35.237  - Info - 13-03-2017 15:03:35 237
MENSAGEM RECEBIDA: c1630729-aeba-4041-b3de-a046e42028db - bytes recebidos: 36
MENSAGEM TRANSMITIDA HUB: c1630729-aeba-4041-b3de-a046e42028db + 49060177902

