30/01/2017 11:17:56.838  - Info - Iniciando Log
30/01/2017 11:17:56.845  - Info - ****OBSERVER HUB GATEWAY - CLIENTE A*****
30/01/2017 11:17:57.183  - Info - METHOD: SendMessage - OBSERVER SIGNALR CLIENTE A - MSG:b1c5c48a-b0d1-4a98-ac35-fb8bdb2fc01a + 3052783136489
30/01/2017 11:17:57.274  - Info - METHOD: SendMessage - OBSERVER SIGNALR CLIENTE A - MSG:260c90a7-f7a6-4f82-9903-5c5b4bf4e336 + 3052783892078
30/01/2017 11:17:59.275  - Info - METHOD: SendMessage - OBSERVER SIGNALR CLIENTE A - MSG:f1b387c7-21d5-4b91-adf4-9bf779790dc4 + 3052787791338
30/01/2017 11:18:01.276  - Info - METHOD: SendMessage - OBSERVER SIGNALR CLIENTE A - MSG:f2d95492-d90c-4d05-b4f6-957de64b9768 + 3052791690438
30/01/2017 11:18:03.275  - Info - METHOD: SendMessage - OBSERVER SIGNALR CLIENTE A - MSG:702c1d04-4c6d-463f-aef2-1cd365fa2447 + 3052795588837
30/01/2017 11:18:05.276  - Info - METHOD: SendMessage - OBSERVER SIGNALR CLIENTE A - MSG:457e752b-1d10-459b-86ac-21279b12ad89 + 3052799487986
30/01/2017 11:18:07.277  - Info - METHOD: SendMessage - OBSERVER SIGNALR CLIENTE A - MSG:3ff0c8e2-b124-4f6a-abb6-31e9b8db7337 + 3052803386671
30/01/2017 11:18:09.285  - Info - METHOD: SendMessage - OBSERVER SIGNALR CLIENTE A - MSG:d02d81e5-6457-4f5f-afa6-78f964a804ad + 3052807290303
30/01/2017 11:18:11.292  - Info - METHOD: SendMessage - OBSERVER SIGNALR CLIENTE A - MSG:56ec7d00-442d-44d1-84ad-900ed303dda9 + 3052811209378
30/01/2017 11:18:13.295  - Info - METHOD: SendMessage - OBSERVER SIGNALR CLIENTE A - MSG:758244b1-cc15-4677-8c4e-7616806ad3bc + 3052815109809
30/01/2017 11:18:15.294  - Info - METHOD: SendMessage - OBSERVER SIGNALR CLIENTE A - MSG:ca1908b1-6c0a-4731-bde6-c820c403788d + 3052819009170
30/01/2017 11:18:17.301  - Info - METHOD: SendMessage - OBSERVER SIGNALR CLIENTE A - MSG:35ddd5e3-e990-438b-b84e-c4a9432bcbe4 + 3052822910147
30/01/2017 11:18:19.297  - Info - METHOD: SendMessage - OBSERVER SIGNALR CLIENTE A - MSG:9d81b4ee-8910-4453-9300-6ba976b2fa06 + 3052826807992
30/01/2017 11:18:21.297  - Info - METHOD: SendMessage - OBSERVER SIGNALR CLIENTE A - MSG:f6502fba-7e2d-42ca-99e3-afd471c4a93c + 3052830706945
30/01/2017 11:18:23.298  - Info - METHOD: SendMessage - OBSERVER SIGNALR CLIENTE A - MSG:8f629c47-d247-4c03-beed-4b2d1cbf1a3d + 3052834606109
30/01/2017 11:18:25.305  - Info - METHOD: SendMessage - OBSERVER SIGNALR CLIENTE A - MSG:456fa9d7-1d02-47bf-beb1-3661dace05a3 + 3052838505137
30/01/2017 11:18:27.301  - Info - METHOD: SendMessage - OBSERVER SIGNALR CLIENTE A - MSG:8587b778-0ea6-444e-9dd5-bb757555f3ff + 3052842406928
30/01/2017 11:18:29.305  - Info - METHOD: SendMessage - OBSERVER SIGNALR CLIENTE A - MSG:2342ad4d-2c4f-4213-b2aa-08c57954756c + 3052846304486
30/01/2017 11:18:31.304  - Info - METHOD: SendMessage - OBSERVER SIGNALR CLIENTE A - MSG:88855fd6-2898-4aa5-9ce2-3a06c28b2c0f + 3052850203652
30/01/2017 11:18:33.306  - Info - METHOD: SendMessage - OBSERVER SIGNALR CLIENTE A - MSG:9716f616-6713-4cdd-bf56-0f07b307da84 + 3052854101551
30/01/2017 11:18:35.304  - Info - METHOD: SendMessage - OBSERVER SIGNALR CLIENTE A - MSG:b44555ac-eb58-466c-9f3f-fdd03025ef6b + 3052858000773
30/01/2017 11:18:37.305  - Info - METHOD: SendMessage - OBSERVER SIGNALR CLIENTE A - MSG:b281bf44-8f12-418f-9f7c-492673807559 + 3052861899903
30/01/2017 11:18:39.307  - Info - METHOD: SendMessage - OBSERVER SIGNALR CLIENTE A - MSG:477a1ab2-3063-4e9a-887c-9223fcb7843d + 3052865799193
30/01/2017 11:18:41.307  - Info - METHOD: SendMessage - OBSERVER SIGNALR CLIENTE A - MSG:b64774d1-dde4-4a99-8e5a-fb0b338cad1f + 3052869698249
30/01/2017 11:18:43.310  - Info - METHOD: SendMessage - OBSERVER SIGNALR CLIENTE A - MSG:8291a90e-314f-4340-b73e-cb756a7d1d3e + 3052873601301
30/01/2017 11:18:45.311  - Info - METHOD: SendMessage - OBSERVER SIGNALR CLIENTE A - MSG:562ad756-613c-435f-b41c-6684f3d417e3 + 3052877501061
30/01/2017 11:18:47.311  - Info - METHOD: SendMessage - OBSERVER SIGNALR CLIENTE A - MSG:6aebf570-e710-465a-9fbc-ed6df583644d + 3052881399680
30/01/2017 11:18:49.318  - Info - METHOD: SendMessage - OBSERVER SIGNALR CLIENTE A - MSG:8d58651d-0b9e-47fb-ac90-828ea8b179f3 + 3052885298374
30/01/2017 11:18:51.314  - Info - METHOD: SendMessage - OBSERVER SIGNALR CLIENTE A - MSG:3c5dd0a5-1cb8-48bf-9539-4f67d5110ede + 3052889197386
30/01/2017 11:18:53.315  - Info - METHOD: SendMessage - OBSERVER SIGNALR CLIENTE A - MSG:2ab6115c-54ae-40ec-bd05-13da0acd93a1 + 3052893096516
30/01/2017 11:18:55.318  - Info - METHOD: SendMessage - OBSERVER SIGNALR CLIENTE A - MSG:861366bf-eb9f-4623-9a27-03011079c78b + 3052896994681
30/01/2017 11:18:57.317  - Info - METHOD: SendMessage - OBSERVER SIGNALR CLIENTE A - MSG:02440997-b43f-45f5-b81c-6b7163083d50 + 3052900893516
30/01/2017 11:18:59.318  - Info - METHOD: SendMessage - OBSERVER SIGNALR CLIENTE A - MSG:4bd5c902-df22-48ca-ad8e-9b10b728e9f4 + 3052904792758
30/01/2017 11:19:01.319  - Info - METHOD: SendMessage - OBSERVER SIGNALR CLIENTE A - MSG:38e45217-fa78-4102-b8b1-6765eb8cdc9a + 3052908693774
30/01/2017 11:19:03.319  - Info - METHOD: SendMessage - OBSERVER SIGNALR CLIENTE A - MSG:fb671d6b-151e-459c-bb82-b126bd599afd + 3052912591642
30/01/2017 11:19:05.323  - Info - METHOD: SendMessage - OBSERVER SIGNALR CLIENTE A - MSG:34a7f9d3-db16-468b-88fb-7589002e0e27 + 3052916489090
30/01/2017 11:19:07.319  - Info - METHOD: SendMessage - OBSERVER SIGNALR CLIENTE A - MSG:af79bda4-98f2-48ea-89fa-c05f9c181ca9 + 3052920387290
30/01/2017 11:19:09.322  - Info - METHOD: SendMessage - OBSERVER SIGNALR CLIENTE A - MSG:c953b024-5e26-445e-a412-3cefc05546e0 + 3052924286235
30/01/2017 11:19:11.325  - Info - METHOD: SendMessage - OBSERVER SIGNALR CLIENTE A - MSG:efc7ce1a-7855-40af-a6f4-188983216c43 + 3052928186723
30/01/2017 11:19:13.324  - Info - METHOD: SendMessage - OBSERVER SIGNALR CLIENTE A - MSG:1e68d3c0-257f-4f61-9cc2-2e0fd65fea8b + 3052932086598
30/01/2017 11:19:15.323  - Info - METHOD: SendMessage - OBSERVER SIGNALR CLIENTE A - MSG:af9da98a-a3f3-49e3-bf84-6a8e17ad2c0d + 3052935984182
30/01/2017 11:19:17.325  - Info - METHOD: SendMessage - OBSERVER SIGNALR CLIENTE A - MSG:3af440c3-5f7c-4c0d-87cf-9156cb1ee592 + 3052939883399
30/01/2017 11:19:19.328  - Info - METHOD: SendMessage - OBSERVER SIGNALR CLIENTE A - MSG:1163d29c-b429-43a6-9226-7a18cf487b70 + 3052943782914
30/01/2017 11:19:21.328  - Info - METHOD: SendMessage - OBSERVER SIGNALR CLIENTE A - MSG:54b1c258-72bf-4b5b-94df-9fc2cb3b243a + 3052947682249
30/01/2017 11:19:23.332  - Info - METHOD: SendMessage - OBSERVER SIGNALR CLIENTE A - MSG:6f39824d-ec75-44ba-8c30-09f5ff8ce19e + 3052951589061
30/01/2017 11:19:25.333  - Info - METHOD: SendMessage - OBSERVER SIGNALR CLIENTE A - MSG:62af8686-e238-4cab-b1b4-285078c8dc01 + 3052955488402
30/01/2017 11:19:27.340  - Info - METHOD: SendMessage - OBSERVER SIGNALR CLIENTE A - MSG:85829f5c-54dd-4be0-ab1c-b3fbef9f1615 + 3052959388119
30/01/2017 11:19:29.335  - Info - METHOD: SendMessage - OBSERVER SIGNALR CLIENTE A - MSG:1e0c970d-c544-4e74-a673-c58b8435494f + 3052963286654
30/01/2017 11:19:31.339  - Info - METHOD: SendMessage - OBSERVER SIGNALR CLIENTE A - MSG:8f908dcb-2a45-4f0e-8ae1-00988b85c998 + 3052967188658
30/01/2017 11:19:33.340  - Info - METHOD: SendMessage - OBSERVER SIGNALR CLIENTE A - MSG:d9ad4387-4157-4b90-a269-6bf619f4235f + 3052971088827
30/01/2017 11:19:35.341  - Info - METHOD: SendMessage - OBSERVER SIGNALR CLIENTE A - MSG:703dfb90-d142-4f36-83af-6adf7eeef0ba + 3052974988093
30/01/2017 11:19:37.346  - Info - METHOD: SendMessage - OBSERVER SIGNALR CLIENTE A - MSG:2c4cab9b-9e83-415f-874e-d2745462be34 + 3052978892158
30/01/2017 11:19:39.343  - Info - METHOD: SendMessage - OBSERVER SIGNALR CLIENTE A - MSG:c7f6e3b7-d6b1-46d6-9b6d-4a4694f1414c + 3052982790136
30/01/2017 11:19:41.344  - Info - METHOD: SendMessage - OBSERVER SIGNALR CLIENTE A - MSG:fef8dbf9-c095-48cb-88d0-79f0a427da4a + 3052986689316
30/01/2017 11:19:43.357  - Info - METHOD: SendMessage - OBSERVER SIGNALR CLIENTE A - MSG:2c7ef36a-add9-4654-9032-fff6e255c52e + 3052990591914
30/01/2017 11:19:45.348  - Info - METHOD: SendMessage - OBSERVER SIGNALR CLIENTE A - MSG:24880eee-e70b-445a-b995-310a51321d37 + 3052994490799
30/01/2017 11:19:47.356  - Info - METHOD: SendMessage - OBSERVER SIGNALR CLIENTE A - MSG:afabee49-2fc2-4d3f-8328-993884a646bc + 3052998394658
30/01/2017 11:19:49.352  - Info - METHOD: SendMessage - OBSERVER SIGNALR CLIENTE A - MSG:611c65ad-4714-4848-9465-a5744ac8835c + 3053002293665
30/01/2017 11:19:51.353  - Info - METHOD: SendMessage - OBSERVER SIGNALR CLIENTE A - MSG:bfd47a07-4c9d-4f57-9722-6c3eaf11199e + 3053006191630
30/01/2017 11:19:53.353  - Info - METHOD: SendMessage - OBSERVER SIGNALR CLIENTE A - MSG:b2d11df5-62cf-41e7-940c-0309ed56340e + 3053010089963
30/01/2017 11:19:55.355  - Info - METHOD: SendMessage - OBSERVER SIGNALR CLIENTE A - MSG:a5b3acff-3d12-4eef-b9ee-57317a9f0fe7 + 3053013989146
30/01/2017 11:19:57.355  - Info - METHOD: SendMessage - OBSERVER SIGNALR CLIENTE A - MSG:90acd5a5-3794-4fa8-b667-af8a25dd556d + 3053017889170
30/01/2017 11:19:59.357  - Info - METHOD: SendMessage - OBSERVER SIGNALR CLIENTE A - MSG:e0cd97bc-fec7-4373-a60a-65a1ebea3dad + 3053021787390
30/01/2017 11:20:01.359  - Info - METHOD: SendMessage - OBSERVER SIGNALR CLIENTE A - MSG:49cade93-bf58-49bd-9b0f-96f40d4d1b48 + 3053025689737
30/01/2017 11:20:03.360  - Info - METHOD: SendMessage - OBSERVER SIGNALR CLIENTE A - MSG:17a416c4-8af3-4292-9818-2f850923705b + 3053029588924
30/01/2017 11:20:05.361  - Info - METHOD: SendMessage - OBSERVER SIGNALR CLIENTE A - MSG:8c3425ca-4fb8-486a-8e52-cdc9f2baa9e0 + 3053033488119
30/01/2017 11:20:07.362  - Info - METHOD: SendMessage - OBSERVER SIGNALR CLIENTE A - MSG:9bc1955c-fcbc-460b-8d5d-e3186399b485 + 3053037387209
30/01/2017 11:20:09.363  - Info - METHOD: SendMessage - OBSERVER SIGNALR CLIENTE A - MSG:82a18755-ef88-4483-b52d-4e9d9cb88412 + 3053041286202
30/01/2017 11:20:11.368  - Info - METHOD: SendMessage - OBSERVER SIGNALR CLIENTE A - MSG:da492661-a98a-47e6-bc76-88ae1db00b40 + 3053045186231
30/01/2017 11:20:13.366  - Info - METHOD: SendMessage - OBSERVER SIGNALR CLIENTE A - MSG:196acc98-db5e-4f89-b6a8-88e5cdf21822 + 3053049085738
30/01/2017 11:20:15.369  - Info - METHOD: SendMessage - OBSERVER SIGNALR CLIENTE A - MSG:9f738e9d-63e7-4046-a526-f2cd7df5e48d + 3053052990658
30/01/2017 11:20:17.370  - Info - METHOD: SendMessage - OBSERVER SIGNALR CLIENTE A - MSG:108ac67b-27a8-48a1-bd51-933683baeb80 + 3053056889841
30/01/2017 11:20:19.371  - Info - METHOD: SendMessage - OBSERVER SIGNALR CLIENTE A - MSG:02401ddf-0ad3-4a05-9b98-413d06933ddc + 3053060788935
30/01/2017 11:20:21.372  - Info - METHOD: SendMessage - OBSERVER SIGNALR CLIENTE A - MSG:73da18c2-bb11-4eb6-83b7-5dad25617f2c + 3053064688096
30/01/2017 11:20:23.373  - Info - METHOD: SendMessage - OBSERVER SIGNALR CLIENTE A - MSG:dc32dbdf-29ae-4762-8d31-3c8c986e9834 + 3053068586492
30/01/2017 11:20:25.375  - Info - METHOD: SendMessage - OBSERVER SIGNALR CLIENTE A - MSG:0e0016f1-280d-40da-a2ee-d1ed8aed7c64 + 3053072484910
30/01/2017 11:20:27.374  - Info - METHOD: SendMessage - OBSERVER SIGNALR CLIENTE A - MSG:569454e1-9667-4826-9034-82bb21bd29b5 + 3053076383387
30/01/2017 11:20:29.375  - Info - METHOD: SendMessage - OBSERVER SIGNALR CLIENTE A - MSG:5c6e4f74-8b7d-422c-a231-a6c09d93688b + 3053080281448
30/01/2017 11:20:31.375  - Info - METHOD: SendMessage - OBSERVER SIGNALR CLIENTE A - MSG:294cab30-49e3-410c-97bc-c7d6701acb3b + 3053084180619
30/01/2017 11:20:33.377  - Info - METHOD: SendMessage - OBSERVER SIGNALR CLIENTE A - MSG:3711cb54-0702-4277-a1b2-0b5ec95e5876 + 3053088079809
30/01/2017 11:20:35.379  - Info - METHOD: SendMessage - OBSERVER SIGNALR CLIENTE A - MSG:c10cd814-e560-4ad2-a2ae-05647c4a6206 + 3053091982659
30/01/2017 11:20:37.380  - Info - METHOD: SendMessage - OBSERVER SIGNALR CLIENTE A - MSG:85e600e6-f916-4743-8b09-b022033f3dae + 3053095880347
30/01/2017 11:20:39.382  - Info - METHOD: SendMessage - OBSERVER SIGNALR CLIENTE A - MSG:f5290986-ee76-43f3-ad48-7b48ab2ce13f + 3053099779623
30/01/2017 11:20:41.383  - Info - METHOD: SendMessage - OBSERVER SIGNALR CLIENTE A - MSG:0450e8e5-8c1f-4144-9388-34a39ebbbf46 + 3053103678691
30/01/2017 11:20:43.384  - Info - METHOD: SendMessage - OBSERVER SIGNALR CLIENTE A - MSG:dd3ba4dc-21a1-486b-800a-83927fcbae33 + 3053107577891
30/01/2017 11:20:45.384  - Info - METHOD: SendMessage - OBSERVER SIGNALR CLIENTE A - MSG:76f02c32-9510-4b5b-897c-ecae73f06acb + 3053111477202
30/01/2017 11:20:47.385  - Info - METHOD: SendMessage - OBSERVER SIGNALR CLIENTE A - MSG:06546762-54a2-45b9-a154-64375d0e1cbc + 3053115376503
30/01/2017 11:20:49.386  - Info - METHOD: SendMessage - OBSERVER SIGNALR CLIENTE A - MSG:bcb20499-047d-4bd9-aa86-d23397ef792d + 3053119275608
30/01/2017 11:20:51.389  - Info - METHOD: SendMessage - OBSERVER SIGNALR CLIENTE A - MSG:a75bd2c7-c919-4d0a-a16a-8563bd0895f0 + 3053123174844
30/01/2017 11:20:53.389  - Info - METHOD: SendMessage - OBSERVER SIGNALR CLIENTE A - MSG:d9a53936-562e-48b8-a4d0-a643d6879fb7 + 3053127073861
30/01/2017 11:20:55.389  - Info - METHOD: SendMessage - OBSERVER SIGNALR CLIENTE A - MSG:e54e250a-7250-47c0-9fdc-78436fd72188 + 3053130973041
30/01/2017 11:20:57.390  - Info - METHOD: SendMessage - OBSERVER SIGNALR CLIENTE A - MSG:be30b097-0e65-42ff-aad0-77de782f4a67 + 3053134872239
30/01/2017 11:20:59.391  - Info - METHOD: SendMessage - OBSERVER SIGNALR CLIENTE A - MSG:318d3613-9abf-4386-b383-92b66e8e4258 + 3053138771559
30/01/2017 11:21:01.391  - Info - METHOD: SendMessage - OBSERVER SIGNALR CLIENTE A - MSG:7c63869d-c47e-4b72-a51c-dd5453c819bb + 3053142670034
30/01/2017 11:21:03.392  - Info - METHOD: SendMessage - OBSERVER SIGNALR CLIENTE A - MSG:409cdffe-834c-4bd7-8f2a-522123a2a468 + 3053146569155
30/01/2017 11:21:05.393  - Info - METHOD: SendMessage - OBSERVER SIGNALR CLIENTE A - MSG:af5f28a9-cc3f-405d-aa2a-554748af4c2e + 3053150468279
30/01/2017 11:21:07.395  - Info - METHOD: SendMessage - OBSERVER SIGNALR CLIENTE A - MSG:a1ee9581-09c2-420d-b21b-5aceebe1d6c7 + 3053154369395
30/01/2017 11:21:09.400  - Info - METHOD: SendMessage - OBSERVER SIGNALR CLIENTE A - MSG:ad1008c9-f73c-4361-9bc0-ad253ef9758c + 3053158268559
30/01/2017 11:21:11.399  - Info - METHOD: SendMessage - OBSERVER SIGNALR CLIENTE A - MSG:3452181c-a50b-435d-a3ba-bdd9b6c3b484 + 3053162168833
30/01/2017 11:21:13.401  - Info - METHOD: SendMessage - OBSERVER SIGNALR CLIENTE A - MSG:a6dee95d-12ba-4d5a-865c-946e1616d8cf + 3053166068752
30/01/2017 11:21:15.402  - Info - METHOD: SendMessage - OBSERVER SIGNALR CLIENTE A - MSG:0b9f979d-640f-4f73-9ce1-b9645ab0e582 + 3053169967919
30/01/2017 11:21:17.402  - Info - METHOD: SendMessage - OBSERVER SIGNALR CLIENTE A - MSG:58fbed68-3004-40e7-9967-19e0daffe086 + 3053173867184
30/01/2017 11:21:19.402  - Info - METHOD: SendMessage - OBSERVER SIGNALR CLIENTE A - MSG:daecccea-5603-4abd-9987-13511d6bb094 + 3053177766266
30/01/2017 11:21:21.406  - Info - METHOD: SendMessage - OBSERVER SIGNALR CLIENTE A - MSG:35cf13fa-274e-46ae-8d02-600a625e0b7e + 3053181665451
30/01/2017 11:21:23.407  - Info - METHOD: SendMessage - OBSERVER SIGNALR CLIENTE A - MSG:c47453aa-4f03-4f16-a776-5a68d9da4a3e + 3053185564631
30/01/2017 11:21:25.415  - Info - METHOD: SendMessage - OBSERVER SIGNALR CLIENTE A - MSG:ab4072e5-7956-493b-8587-3a55000bddf5 + 3053189467883
30/01/2017 11:21:27.411  - Info - METHOD: SendMessage - OBSERVER SIGNALR CLIENTE A - MSG:68985e89-416a-46be-bd78-2252139fd458 + 3053193370848
30/01/2017 11:21:29.412  - Info - METHOD: SendMessage - OBSERVER SIGNALR CLIENTE A - MSG:e5ed8512-3e7f-47e5-854a-032337d733b4 + 3053197269738
30/01/2017 11:21:31.412  - Info - METHOD: SendMessage - OBSERVER SIGNALR CLIENTE A - MSG:89b3b585-7d8c-4f40-8e83-6dea6e38c20e + 3053201167761
30/01/2017 11:21:33.413  - Info - METHOD: SendMessage - OBSERVER SIGNALR CLIENTE A - MSG:3f38509c-eb39-4da5-b4f5-3ccc664565ab + 3053205066782
30/01/2017 11:21:35.416  - Info - METHOD: SendMessage - OBSERVER SIGNALR CLIENTE A - MSG:573b7d3e-8a24-489b-9938-873c56f4522d + 3053208966081
30/01/2017 11:21:37.420  - Info - METHOD: SendMessage - OBSERVER SIGNALR CLIENTE A - MSG:d09c13ea-5045-49cc-8936-8bdcc76b4c0a + 3053212867365
30/01/2017 11:21:39.421  - Info - METHOD: SendMessage - OBSERVER SIGNALR CLIENTE A - MSG:798dd270-3c16-452d-a7a2-103b40205f6d + 3053216768541
30/01/2017 11:21:41.420  - Info - METHOD: SendMessage - OBSERVER SIGNALR CLIENTE A - MSG:f0aed559-9781-482e-9d55-61417246a12e + 3053220666590
30/01/2017 11:21:43.419  - Info - METHOD: SendMessage - OBSERVER SIGNALR CLIENTE A - MSG:60b6d0fb-d7ff-4a5f-9ade-40018d6dd88d + 3053224565660
30/01/2017 11:21:45.420  - Info - METHOD: SendMessage - OBSERVER SIGNALR CLIENTE A - MSG:102f1ec7-c48b-4b14-98f9-2dd80305b2d4 + 3053228465105
30/01/2017 11:21:47.421  - Info - METHOD: SendMessage - OBSERVER SIGNALR CLIENTE A - MSG:91cc77e1-353c-44ba-a081-6ba2bac16c0d + 3053232364056
30/01/2017 11:21:49.422  - Info - METHOD: SendMessage - OBSERVER SIGNALR CLIENTE A - MSG:22ebc6bd-7966-41be-b02c-4e45ac781a02 + 3053236263211
30/01/2017 11:21:51.425  - Info - METHOD: SendMessage - OBSERVER SIGNALR CLIENTE A - MSG:07c249d2-909b-4fed-8e53-55e25770e438 + 3053240162696
30/01/2017 11:21:53.424  - Info - METHOD: SendMessage - OBSERVER SIGNALR CLIENTE A - MSG:1879ce78-30a9-47bc-98df-7f1afca48598 + 3053244061838
30/01/2017 11:21:55.430  - Info - METHOD: SendMessage - OBSERVER SIGNALR CLIENTE A - MSG:40294551-8f7d-4b2e-a6f9-068cf7d90785 + 3053247966790
30/01/2017 11:21:57.429  - Info - METHOD: SendMessage - OBSERVER SIGNALR CLIENTE A - MSG:5302fa8b-f73b-4995-98e4-784770c7236b + 3053251865939
30/01/2017 11:21:59.430  - Info - METHOD: SendMessage - OBSERVER SIGNALR CLIENTE A - MSG:163d402f-23ee-4391-91c1-5654e131df52 + 3053255764202
30/01/2017 11:22:01.432  - Info - METHOD: SendMessage - OBSERVER SIGNALR CLIENTE A - MSG:d85e3bbd-51c1-4b91-a347-7085cdbebd11 + 3053259663204
30/01/2017 11:22:03.436  - Info - METHOD: SendMessage - OBSERVER SIGNALR CLIENTE A - MSG:9603bf56-0ecc-49fe-9acc-64654e82589f + 3053263568336
30/01/2017 11:22:05.439  - Info - METHOD: SendMessage - OBSERVER SIGNALR CLIENTE A - MSG:a06ee46d-2ec0-437b-8525-2209c0d4c80a + 3053267467449
30/01/2017 11:22:07.437  - Info - METHOD: SendMessage - OBSERVER SIGNALR CLIENTE A - MSG:279b846a-5988-43a1-9dca-914d9344750c + 3053271366261
30/01/2017 11:22:09.439  - Info - METHOD: SendMessage - OBSERVER SIGNALR CLIENTE A - MSG:81ec9c95-07dc-4bf0-ae87-c1775a28082b + 3053275265364
30/01/2017 11:22:11.439  - Info - METHOD: SendMessage - OBSERVER SIGNALR CLIENTE A - MSG:92a3543f-1640-49b9-93fa-2b5714b2ae8c + 3053279164524
30/01/2017 11:22:13.440  - Info - METHOD: SendMessage - OBSERVER SIGNALR CLIENTE A - MSG:4b119da8-c0f0-4666-b331-e118ecc6566a + 3053283063854
30/01/2017 11:22:15.442  - Info - METHOD: SendMessage - OBSERVER SIGNALR CLIENTE A - MSG:98d3484c-7d40-4221-b40d-ee2f6bf1a60e + 3053286962875
30/01/2017 11:22:17.441  - Info - METHOD: SendMessage - OBSERVER SIGNALR CLIENTE A - MSG:8e33fd1f-31d9-42ea-99d7-6a833cf44fc0 + 3053290860634
30/01/2017 11:22:19.442  - Info - METHOD: SendMessage - OBSERVER SIGNALR CLIENTE A - MSG:e9fbac4a-8393-4da4-809e-5022cfc0033c + 3053294759887
30/01/2017 11:22:21.445  - Info - METHOD: SendMessage - OBSERVER SIGNALR CLIENTE A - MSG:c520e3f4-d362-4c56-9ff4-5a9d2192cc27 + 3053298659233
30/01/2017 11:22:23.444  - Info - METHOD: SendMessage - OBSERVER SIGNALR CLIENTE A - MSG:c3ab7d54-61e7-4602-8e21-66d2026c81ab + 3053302558201
30/01/2017 11:22:25.446  - Info - METHOD: SendMessage - OBSERVER SIGNALR CLIENTE A - MSG:30e4bf12-f116-491f-b8b0-35a6a978b6bc + 3053306457561
30/01/2017 11:22:27.446  - Info - METHOD: SendMessage - OBSERVER SIGNALR CLIENTE A - MSG:e1dcdb0b-b28b-463b-9957-0feba0336e95 + 3053310356529
30/01/2017 11:22:29.447  - Info - METHOD: SendMessage - OBSERVER SIGNALR CLIENTE A - MSG:615266a1-fb87-4b15-9107-8fff5b8b3e10 + 3053314255722
30/01/2017 11:22:31.448  - Info - METHOD: SendMessage - OBSERVER SIGNALR CLIENTE A - MSG:d069a338-f9bd-4487-97bf-3f3254c0df03 + 3053318154938
30/01/2017 11:22:33.448  - Info - METHOD: SendMessage - OBSERVER SIGNALR CLIENTE A - MSG:6195b849-ad45-4783-926a-268281e88e11 + 3053322052460
30/01/2017 11:22:35.452  - Info - METHOD: SendMessage - OBSERVER SIGNALR CLIENTE A - MSG:dd656f0b-dbb6-4a77-b685-776c44273593 + 3053325953975
30/01/2017 11:22:37.451  - Info - METHOD: SendMessage - OBSERVER SIGNALR CLIENTE A - MSG:fe61d629-43c7-46f3-9099-8dc6779e2d38 + 3053329852817
30/01/2017 11:22:39.453  - Info - METHOD: SendMessage - OBSERVER SIGNALR CLIENTE A - MSG:ee631c89-1b4f-4b2d-891b-bdc83e8643a0 + 3053333751851
30/01/2017 11:22:41.454  - Info - METHOD: SendMessage - OBSERVER SIGNALR CLIENTE A - MSG:a97fbbde-d2d6-4942-919d-542a8f409b60 + 3053337650929
30/01/2017 11:22:43.456  - Info - METHOD: SendMessage - OBSERVER SIGNALR CLIENTE A - MSG:bc708195-8a72-44bd-8392-fff282c0002a + 3053341550042
30/01/2017 11:22:45.455  - Info - METHOD: SendMessage - OBSERVER SIGNALR CLIENTE A - MSG:1713c94d-3476-42c7-83fc-38d9e2efe161 + 3053345449106
30/01/2017 11:22:47.456  - Info - METHOD: SendMessage - OBSERVER SIGNALR CLIENTE A - MSG:10ecc916-9524-48af-ae69-16043707dd6c + 3053349348214
30/01/2017 11:22:49.456  - Info - METHOD: SendMessage - OBSERVER SIGNALR CLIENTE A - MSG:a08c7ba8-05d7-407c-a544-00ce9b540fb4 + 3053353246117
30/01/2017 11:22:51.461  - Info - METHOD: SendMessage - OBSERVER SIGNALR CLIENTE A - MSG:5ca2e76d-5b91-4ce6-bc0c-f17d9b113485 + 3053357147828
30/01/2017 11:22:53.461  - Info - METHOD: SendMessage - OBSERVER SIGNALR CLIENTE A - MSG:e7b18e5c-afa1-44ac-90ad-a9e3f038eb29 + 3053361047675
30/01/2017 11:22:55.462  - Info - METHOD: SendMessage - OBSERVER SIGNALR CLIENTE A - MSG:78d444e5-3407-4ad6-aab4-5dec6051875f + 3053364946832
30/01/2017 11:22:57.465  - Info - METHOD: SendMessage - OBSERVER SIGNALR CLIENTE A - MSG:9d767b1a-74a5-4b5d-88ae-4b0da5dda869 + 3053368845755
30/01/2017 11:22:59.473  - Info - METHOD: SendMessage - OBSERVER SIGNALR CLIENTE A - MSG:7909dbde-278d-46f3-9119-31a048c4869b + 3053372765438
30/01/2017 11:23:01.476  - Info - METHOD: SendMessage - OBSERVER SIGNALR CLIENTE A - MSG:751a41e1-1cc2-4477-a81e-4ca166d1a3c7 + 3053376665010
30/01/2017 11:23:03.475  - Info - METHOD: SendMessage - OBSERVER SIGNALR CLIENTE A - MSG:837f655e-edba-4c42-a0e9-7e6c0b1b9787 + 3053380564199
30/01/2017 11:23:05.478  - Info - METHOD: SendMessage - OBSERVER SIGNALR CLIENTE A - MSG:fa0994e6-1e43-4bfa-99ec-fabe419e9890 + 3053384463486
30/01/2017 11:23:07.483  - Info - METHOD: SendMessage - OBSERVER SIGNALR CLIENTE A - MSG:a1442935-c7d5-4193-89fb-db3520d9514b + 3053388371831
30/01/2017 11:23:09.483  - Info - METHOD: SendMessage - OBSERVER SIGNALR CLIENTE A - MSG:01712edb-29a6-4931-9cf3-866f753cedac + 3053392271599
30/01/2017 11:23:11.484  - Info - METHOD: SendMessage - OBSERVER SIGNALR CLIENTE A - MSG:bf776c8a-ec75-4ff8-919a-15e1c863d84c + 3053396169840
30/01/2017 11:23:13.484  - Info - METHOD: SendMessage - OBSERVER SIGNALR CLIENTE A - MSG:fa3f8645-5426-48f2-9a7f-14b183e07e35 + 3053400067929
30/01/2017 11:23:15.485  - Info - METHOD: SendMessage - OBSERVER SIGNALR CLIENTE A - MSG:c78db43b-f2c2-491d-a025-671a8d289e68 + 3053403967080
30/01/2017 11:23:17.486  - Info - METHOD: SendMessage - OBSERVER SIGNALR CLIENTE A - MSG:42461626-1edf-4434-b56e-2abbf988c34c + 3053407866227
30/01/2017 11:23:19.487  - Info - METHOD: SendMessage - OBSERVER SIGNALR CLIENTE A - MSG:5298ce98-b635-4706-b5c2-faf08b5554fc + 3053411765375
30/01/2017 11:23:21.490  - Info - METHOD: SendMessage - OBSERVER SIGNALR CLIENTE A - MSG:0a726ee8-a329-4219-9a80-ac9a8b5bc143 + 3053415663885
30/01/2017 11:23:23.490  - Info - METHOD: SendMessage - OBSERVER SIGNALR CLIENTE A - MSG:27f6b432-12de-4343-b9e1-bf3966bd693d + 3053419563745
30/01/2017 11:23:25.492  - Info - METHOD: SendMessage - OBSERVER SIGNALR CLIENTE A - MSG:fe6ecc91-1dd5-4126-ac1d-0b2873fc0050 + 3053423462882
30/01/2017 11:23:27.492  - Info - METHOD: SendMessage - OBSERVER SIGNALR CLIENTE A - MSG:9639f716-f9bb-4ca1-b2b2-35ce68151fc1 + 3053427362154
30/01/2017 11:23:29.492  - Info - METHOD: SendMessage - OBSERVER SIGNALR CLIENTE A - MSG:b3aab322-be9a-420a-bbce-d65e84185ed4 + 3053431261285
30/01/2017 11:23:31.493  - Info - METHOD: SendMessage - OBSERVER SIGNALR CLIENTE A - MSG:73725151-c790-485c-ab72-2b6961da15e9 + 3053435160429
30/01/2017 11:23:33.494  - Info - METHOD: SendMessage - OBSERVER SIGNALR CLIENTE A - MSG:a7814e72-3973-4633-b1ae-66e71c74581d + 3053439059692
30/01/2017 11:23:35.495  - Info - METHOD: SendMessage - OBSERVER SIGNALR CLIENTE A - MSG:f1bbbe29-ffef-49f7-8dca-ab7c0ed72525 + 3053442958822
30/01/2017 11:23:37.497  - Info - METHOD: SendMessage - OBSERVER SIGNALR CLIENTE A - MSG:bab955fa-944b-4040-bbee-bee2542fcca6 + 3053446857958
